<?xml version="1.0" encoding="UTF-8"?>
<coverage generated="1730989821978" clover="3.2.0">
  <project timestamp="1730989821979" name="All files">
    <metrics statements="782" coveredstatements="767" conditionals="135" coveredconditionals="126" methods="58" coveredmethods="53" elements="975" coveredelements="946" complexity="0" loc="782" ncloc="782" packages="11" files="24" classes="24"/>
    <package name="src">
      <metrics statements="16" coveredstatements="7" conditionals="2" coveredconditionals="1" methods="2" coveredmethods="1"/>
      <file name="App.tsx" path="/Users/mobdev/Documents/Desafio/pokedex/src/App.tsx">
        <metrics statements="7" coveredstatements="7" conditionals="1" coveredconditionals="1" methods="1" coveredmethods="1"/>
        <line num="1" count="1" type="stmt"/>
        <line num="2" count="1" type="stmt"/>
        <line num="3" count="1" type="stmt"/>
        <line num="5" count="1" type="cond" truecount="1" falsecount="0"/>
        <line num="6" count="1" type="stmt"/>
        <line num="7" count="1" type="stmt"/>
        <line num="9" count="1" type="stmt"/>
      </file>
      <file name="main.tsx" path="/Users/mobdev/Documents/Desafio/pokedex/src/main.tsx">
        <metrics statements="9" coveredstatements="0" conditionals="1" coveredconditionals="0" methods="1" coveredmethods="0"/>
        <line num="1" count="0" type="cond" truecount="0" falsecount="1"/>
        <line num="2" count="0" type="stmt"/>
        <line num="3" count="0" type="stmt"/>
        <line num="4" count="0" type="stmt"/>
        <line num="6" count="0" type="stmt"/>
        <line num="7" count="0" type="stmt"/>
        <line num="8" count="0" type="stmt"/>
        <line num="9" count="0" type="stmt"/>
        <line num="10" count="0" type="stmt"/>
      </file>
    </package>
    <package name="src.components">
      <metrics statements="279" coveredstatements="279" conditionals="56" coveredconditionals="56" methods="26" coveredmethods="25"/>
      <file name="Card.tsx" path="/Users/mobdev/Documents/Desafio/pokedex/src/components/Card.tsx">
        <metrics statements="35" coveredstatements="35" conditionals="9" coveredconditionals="9" methods="2" coveredmethods="2"/>
        <line num="1" count="1" type="stmt"/>
        <line num="10" count="154" type="cond" truecount="1" falsecount="0"/>
        <line num="11" count="154" type="stmt"/>
        <line num="12" count="154" type="cond" truecount="2" falsecount="0"/>
        <line num="13" count="154" type="stmt"/>
        <line num="14" count="1" type="cond" truecount="1" falsecount="0"/>
        <line num="15" count="72" type="stmt"/>
        <line num="16" count="72" type="stmt"/>
        <line num="17" count="72" type="cond" truecount="2" falsecount="0"/>
        <line num="18" count="10" type="stmt"/>
        <line num="19" count="72" type="stmt"/>
        <line num="21" count="72" type="cond" truecount="1" falsecount="0"/>
        <line num="22" count="53" type="stmt"/>
        <line num="24" count="72" type="stmt"/>
        <line num="26" count="72" type="stmt"/>
        <line num="27" count="72" type="stmt"/>
        <line num="28" count="72" type="stmt"/>
        <line num="29" count="72" type="stmt"/>
        <line num="30" count="72" type="stmt"/>
        <line num="32" count="72" type="stmt"/>
        <line num="33" count="72" type="stmt"/>
        <line num="34" count="72" type="cond" truecount="1" falsecount="0"/>
        <line num="36" count="1" type="cond" truecount="1" falsecount="0"/>
        <line num="38" count="71" type="stmt"/>
        <line num="39" count="72" type="stmt"/>
        <line num="40" count="72" type="stmt"/>
        <line num="41" count="72" type="stmt"/>
        <line num="42" count="72" type="stmt"/>
        <line num="43" count="72" type="stmt"/>
        <line num="44" count="72" type="stmt"/>
        <line num="45" count="72" type="stmt"/>
        <line num="46" count="72" type="stmt"/>
        <line num="47" count="72" type="stmt"/>
        <line num="48" count="72" type="stmt"/>
        <line num="50" count="72" type="stmt"/>
      </file>
      <file name="Navbar.tsx" path="/Users/mobdev/Documents/Desafio/pokedex/src/components/Navbar.tsx">
        <metrics statements="14" coveredstatements="14" conditionals="3" coveredconditionals="3" methods="3" coveredmethods="3"/>
        <line num="1" count="1" type="stmt"/>
        <line num="7" count="1" type="cond" truecount="1" falsecount="0"/>
        <line num="8" count="9" type="stmt"/>
        <line num="9" count="9" type="stmt"/>
        <line num="10" count="9" type="stmt"/>
        <line num="11" count="9" type="cond" truecount="1" falsecount="0"/>
        <line num="12" count="9" type="stmt"/>
        <line num="13" count="9" type="stmt"/>
        <line num="14" count="9" type="stmt"/>
        <line num="15" count="9" type="stmt"/>
        <line num="16" count="9" type="cond" truecount="1" falsecount="0"/>
        <line num="17" count="9" type="stmt"/>
        <line num="18" count="9" type="stmt"/>
        <line num="20" count="9" type="stmt"/>
      </file>
      <file name="NotFound.tsx" path="/Users/mobdev/Documents/Desafio/pokedex/src/components/NotFound.tsx">
        <metrics statements="11" coveredstatements="11" conditionals="1" coveredconditionals="1" methods="1" coveredmethods="1"/>
        <line num="1" count="1" type="stmt"/>
        <line num="5" count="1" type="cond" truecount="1" falsecount="0"/>
        <line num="6" count="1" type="stmt"/>
        <line num="7" count="1" type="stmt"/>
        <line num="8" count="1" type="stmt"/>
        <line num="9" count="1" type="stmt"/>
        <line num="11" count="1" type="stmt"/>
        <line num="12" count="1" type="stmt"/>
        <line num="13" count="1" type="stmt"/>
        <line num="14" count="1" type="stmt"/>
        <line num="16" count="1" type="stmt"/>
      </file>
      <file name="Paginator.tsx" path="/Users/mobdev/Documents/Desafio/pokedex/src/components/Paginator.tsx">
        <metrics statements="86" coveredstatements="86" conditionals="23" coveredconditionals="23" methods="7" coveredmethods="7"/>
        <line num="1" count="1" type="stmt"/>
        <line num="9" count="1" type="cond" truecount="1" falsecount="0"/>
        <line num="11" count="61" type="stmt"/>
        <line num="13" count="61" type="stmt"/>
        <line num="14" count="61" type="cond" truecount="2" falsecount="0"/>
        <line num="17" count="61" type="cond" truecount="1" falsecount="0"/>
        <line num="19" count="16" type="cond" truecount="2" falsecount="0"/>
        <line num="20" count="9" type="stmt"/>
        <line num="21" count="9" type="cond" truecount="1" falsecount="0"/>
        <line num="22" count="7" type="cond" truecount="1" falsecount="0"/>
        <line num="23" count="6" type="cond" truecount="1" falsecount="0"/>
        <line num="24" count="6" type="cond" truecount="1" falsecount="0"/>
        <line num="26" count="1" type="stmt"/>
        <line num="27" count="1" type="stmt"/>
        <line num="29" count="1" type="cond" truecount="1" falsecount="0"/>
        <line num="30" count="61" type="stmt"/>
        <line num="32" count="61" type="cond" truecount="1" falsecount="0"/>
        <line num="34" count="16" type="stmt"/>
        <line num="35" count="61" type="stmt"/>
        <line num="38" count="61" type="cond" truecount="1" falsecount="0"/>
        <line num="39" count="6" type="stmt"/>
        <line num="40" count="6" type="stmt"/>
        <line num="41" count="6" type="stmt"/>
        <line num="43" count="61" type="stmt"/>
        <line num="44" count="61" type="stmt"/>
        <line num="45" count="61" type="stmt"/>
        <line num="46" count="61" type="stmt"/>
        <line num="47" count="61" type="cond" truecount="1" falsecount="0"/>
        <line num="48" count="61" type="stmt"/>
        <line num="49" count="61" type="stmt"/>
        <line num="50" count="61" type="stmt"/>
        <line num="52" count="61" type="stmt"/>
        <line num="53" count="61" type="stmt"/>
        <line num="56" count="61" type="stmt"/>
        <line num="58" count="61" type="stmt"/>
        <line num="59" count="61" type="stmt"/>
        <line num="60" count="61" type="stmt"/>
        <line num="61" count="61" type="cond" truecount="1" falsecount="0"/>
        <line num="62" count="61" type="stmt"/>
        <line num="63" count="61" type="stmt"/>
        <line num="64" count="61" type="stmt"/>
        <line num="66" count="61" type="stmt"/>
        <line num="67" count="61" type="stmt"/>
        <line num="68" count="61" type="stmt"/>
        <line num="69" count="61" type="stmt"/>
        <line num="70" count="61" type="stmt"/>
        <line num="71" count="61" type="stmt"/>
        <line num="72" count="61" type="cond" truecount="2" falsecount="0"/>
        <line num="73" count="61" type="stmt"/>
        <line num="74" count="61" type="stmt"/>
        <line num="75" count="61" type="stmt"/>
        <line num="76" count="61" type="stmt"/>
        <line num="77" count="61" type="stmt"/>
        <line num="78" count="61" type="stmt"/>
        <line num="79" count="61" type="stmt"/>
        <line num="81" count="61" type="stmt"/>
        <line num="82" count="61" type="stmt"/>
        <line num="83" count="61" type="cond" truecount="1" falsecount="0"/>
        <line num="84" count="61" type="stmt"/>
        <line num="85" count="61" type="stmt"/>
        <line num="87" count="61" type="stmt"/>
        <line num="88" count="61" type="stmt"/>
        <line num="90" count="61" type="cond" truecount="1" falsecount="0"/>
        <line num="91" count="89" type="stmt"/>
        <line num="92" count="89" type="stmt"/>
        <line num="93" count="89" type="cond" truecount="1" falsecount="0"/>
        <line num="94" count="89" type="stmt"/>
        <line num="95" count="89" type="cond" truecount="1" falsecount="0"/>
        <line num="96" count="36" type="cond" truecount="1" falsecount="0"/>
        <line num="97" count="53" type="stmt"/>
        <line num="98" count="89" type="stmt"/>
        <line num="100" count="89" type="stmt"/>
        <line num="101" count="89" type="stmt"/>
        <line num="102" count="61" type="stmt"/>
        <line num="104" count="61" type="stmt"/>
        <line num="105" count="61" type="stmt"/>
        <line num="106" count="61" type="cond" truecount="1" falsecount="0"/>
        <line num="107" count="61" type="stmt"/>
        <line num="108" count="61" type="stmt"/>
        <line num="110" count="61" type="stmt"/>
        <line num="111" count="61" type="stmt"/>
        <line num="112" count="61" type="stmt"/>
        <line num="113" count="61" type="stmt"/>
        <line num="114" count="61" type="stmt"/>
        <line num="115" count="61" type="stmt"/>
        <line num="117" count="61" type="stmt"/>
      </file>
      <file name="PokemonFavoriteList.tsx" path="/Users/mobdev/Documents/Desafio/pokedex/src/components/PokemonFavoriteList.tsx">
        <metrics statements="22" coveredstatements="22" conditionals="6" coveredconditionals="6" methods="3" coveredmethods="3"/>
        <line num="1" count="1" type="stmt"/>
        <line num="9" count="1" type="cond" truecount="1" falsecount="0"/>
        <line num="10" count="9" type="stmt"/>
        <line num="11" count="9" type="stmt"/>
        <line num="12" count="9" type="cond" truecount="1" falsecount="0"/>
        <line num="13" count="1" type="stmt"/>
        <line num="14" count="1" type="stmt"/>
        <line num="15" count="9" type="stmt"/>
        <line num="16" count="9" type="stmt"/>
        <line num="17" count="9" type="stmt"/>
        <line num="18" count="9" type="stmt"/>
        <line num="19" count="9" type="cond" truecount="2" falsecount="0"/>
        <line num="20" count="4" type="stmt"/>
        <line num="21" count="4" type="stmt"/>
        <line num="22" count="4" type="stmt"/>
        <line num="23" count="4" type="cond" truecount="1" falsecount="0"/>
        <line num="24" count="4" type="stmt"/>
        <line num="25" count="4" type="cond" truecount="1" falsecount="0"/>
        <line num="27" count="5" type="stmt"/>
        <line num="29" count="9" type="stmt"/>
        <line num="30" count="9" type="stmt"/>
        <line num="32" count="9" type="stmt"/>
      </file>
      <file name="PokemonList.tsx" path="/Users/mobdev/Documents/Desafio/pokedex/src/components/PokemonList.tsx">
        <metrics statements="22" coveredstatements="22" conditionals="4" coveredconditionals="4" methods="3" coveredmethods="3"/>
        <line num="1" count="1" type="stmt"/>
        <line num="8" count="1" type="cond" truecount="1" falsecount="0"/>
        <line num="11" count="25" type="stmt"/>
        <line num="12" count="25" type="stmt"/>
        <line num="13" count="25" type="cond" truecount="1" falsecount="0"/>
        <line num="14" count="1" type="stmt"/>
        <line num="15" count="1" type="stmt"/>
        <line num="19" count="25" type="stmt"/>
        <line num="20" count="25" type="stmt"/>
        <line num="21" count="25" type="stmt"/>
        <line num="22" count="25" type="stmt"/>
        <line num="24" count="25" type="stmt"/>
        <line num="25" count="25" type="cond" truecount="1" falsecount="0"/>
        <line num="27" count="67" type="stmt"/>
        <line num="28" count="67" type="stmt"/>
        <line num="29" count="67" type="stmt"/>
        <line num="30" count="67" type="cond" truecount="1" falsecount="0"/>
        <line num="31" count="67" type="stmt"/>
        <line num="33" count="25" type="stmt"/>
        <line num="34" count="25" type="stmt"/>
        <line num="35" count="25" type="stmt"/>
        <line num="37" count="25" type="stmt"/>
      </file>
      <file name="Search.tsx" path="/Users/mobdev/Documents/Desafio/pokedex/src/components/Search.tsx">
        <metrics statements="88" coveredstatements="88" conditionals="10" coveredconditionals="10" methods="7" coveredmethods="6"/>
        <line num="1" count="1" type="stmt"/>
        <line num="8" count="1" type="cond" truecount="1" falsecount="0"/>
        <line num="9" count="53" type="stmt"/>
        <line num="10" count="53" type="stmt"/>
        <line num="11" count="53" type="stmt"/>
        <line num="13" count="53" type="cond" truecount="1" falsecount="0"/>
        <line num="14" count="4" type="stmt"/>
        <line num="15" count="4" type="stmt"/>
        <line num="16" count="4" type="stmt"/>
        <line num="17" count="4" type="cond" truecount="1" falsecount="0"/>
        <line num="19" count="4" type="stmt"/>
        <line num="20" count="4" type="cond" truecount="1" falsecount="0"/>
        <line num="21" count="3" type="stmt"/>
        <line num="22" count="3" type="stmt"/>
        <line num="23" count="4" type="stmt"/>
        <line num="25" count="53" type="cond" truecount="1" falsecount="0"/>
        <line num="26" count="5" type="stmt"/>
        <line num="27" count="5" type="stmt"/>
        <line num="28" count="5" type="stmt"/>
        <line num="29" count="5" type="stmt"/>
        <line num="31" count="53" type="cond" truecount="1" falsecount="0"/>
        <line num="32" count="6" type="stmt"/>
        <line num="33" count="6" type="stmt"/>
        <line num="34" count="6" type="stmt"/>
        <line num="35" count="6" type="stmt"/>
        <line num="36" count="6" type="stmt"/>
        <line num="39" count="53" type="stmt"/>
        <line num="40" count="53" type="stmt"/>
        <line num="41" count="53" type="stmt"/>
        <line num="42" count="53" type="stmt"/>
        <line num="43" count="53" type="stmt"/>
        <line num="44" count="53" type="stmt"/>
        <line num="45" count="53" type="stmt"/>
        <line num="46" count="53" type="stmt"/>
        <line num="48" count="53" type="cond" truecount="1" falsecount="0"/>
        <line num="49" count="53" type="stmt"/>
        <line num="50" count="53" type="stmt"/>
        <line num="51" count="53" type="cond" truecount="1" falsecount="0"/>
        <line num="52" count="6" type="stmt"/>
        <line num="53" count="6" type="stmt"/>
        <line num="54" count="6" type="stmt"/>
        <line num="56" count="6" type="stmt"/>
        <line num="57" count="6" type="stmt"/>
        <line num="58" count="6" type="stmt"/>
        <line num="59" count="6" type="cond" truecount="1" falsecount="0"/>
        <line num="60" count="6" type="stmt"/>
        <line num="62" count="6" type="stmt"/>
        <line num="63" count="6" type="stmt"/>
        <line num="64" count="6" type="stmt"/>
        <line num="65" count="6" type="stmt"/>
        <line num="66" count="6" type="stmt"/>
        <line num="67" count="6" type="stmt"/>
        <line num="69" count="6" type="stmt"/>
        <line num="70" count="6" type="stmt"/>
        <line num="72" count="53" type="stmt"/>
        <line num="73" count="53" type="stmt"/>
        <line num="74" count="53" type="stmt"/>
        <line num="75" count="53" type="stmt"/>
        <line num="76" count="53" type="stmt"/>
        <line num="77" count="53" type="stmt"/>
        <line num="78" count="53" type="stmt"/>
        <line num="79" count="53" type="stmt"/>
        <line num="80" count="53" type="stmt"/>
        <line num="81" count="53" type="stmt"/>
        <line num="82" count="53" type="stmt"/>
        <line num="83" count="53" type="stmt"/>
        <line num="84" count="53" type="cond" truecount="1" falsecount="0"/>
        <line num="86" count="53" type="stmt"/>
        <line num="87" count="53" type="stmt"/>
        <line num="88" count="53" type="stmt"/>
        <line num="89" count="53" type="stmt"/>
        <line num="90" count="53" type="stmt"/>
        <line num="91" count="53" type="stmt"/>
        <line num="93" count="53" type="stmt"/>
        <line num="94" count="53" type="stmt"/>
        <line num="95" count="53" type="stmt"/>
        <line num="96" count="53" type="stmt"/>
        <line num="97" count="53" type="stmt"/>
        <line num="98" count="53" type="stmt"/>
        <line num="99" count="53" type="stmt"/>
        <line num="100" count="53" type="stmt"/>
        <line num="101" count="53" type="stmt"/>
        <line num="102" count="53" type="stmt"/>
        <line num="103" count="53" type="stmt"/>
        <line num="104" count="53" type="stmt"/>
        <line num="105" count="53" type="stmt"/>
        <line num="106" count="53" type="stmt"/>
        <line num="108" count="53" type="stmt"/>
      </file>
      <file name="index.ts" path="/Users/mobdev/Documents/Desafio/pokedex/src/components/index.ts">
        <metrics statements="1" coveredstatements="1" conditionals="0" coveredconditionals="0" methods="0" coveredmethods="0"/>
        <line num="1" count="1" type="stmt"/>
      </file>
    </package>
    <package name="src.hooks">
      <metrics statements="73" coveredstatements="73" conditionals="14" coveredconditionals="14" methods="3" coveredmethods="3"/>
      <file name="useFetchPokemons.ts" path="/Users/mobdev/Documents/Desafio/pokedex/src/hooks/useFetchPokemons.ts">
        <metrics statements="19" coveredstatements="19" conditionals="3" coveredconditionals="3" methods="1" coveredmethods="1"/>
        <line num="1" count="1" type="stmt"/>
        <line num="2" count="1" type="stmt"/>
        <line num="3" count="1" type="stmt"/>
        <line num="4" count="1" type="stmt"/>
        <line num="7" count="1" type="cond" truecount="1" falsecount="0"/>
        <line num="9" count="38" type="stmt"/>
        <line num="10" count="38" type="stmt"/>
        <line num="12" count="38" type="cond" truecount="1" falsecount="0"/>
        <line num="13" count="10" type="stmt"/>
        <line num="14" count="10" type="cond" truecount="1" falsecount="0"/>
        <line num="15" count="8" type="stmt"/>
        <line num="16" count="8" type="stmt"/>
        <line num="17" count="8" type="stmt"/>
        <line num="18" count="8" type="stmt"/>
        <line num="19" count="8" type="stmt"/>
        <line num="20" count="38" type="stmt"/>
        <line num="22" count="38" type="stmt"/>
        <line num="23" count="38" type="stmt"/>
        <line num="25" count="1" type="stmt"/>
      </file>
      <file name="usePaginator.ts" path="/Users/mobdev/Documents/Desafio/pokedex/src/hooks/usePaginator.ts">
        <metrics statements="19" coveredstatements="19" conditionals="2" coveredconditionals="2" methods="1" coveredmethods="1"/>
        <line num="1" count="1" type="stmt"/>
        <line num="2" count="1" type="stmt"/>
        <line num="3" count="1" type="stmt"/>
        <line num="10" count="1" type="cond" truecount="1" falsecount="0"/>
        <line num="11" count="38" type="stmt"/>
        <line num="13" count="38" type="stmt"/>
        <line num="15" count="38" type="stmt"/>
        <line num="16" count="38" type="cond" truecount="1" falsecount="0"/>
        <line num="17" count="1" type="stmt"/>
        <line num="18" count="1" type="stmt"/>
        <line num="19" count="1" type="stmt"/>
        <line num="20" count="1" type="stmt"/>
        <line num="21" count="1" type="stmt"/>
        <line num="22" count="1" type="stmt"/>
        <line num="23" count="38" type="stmt"/>
        <line num="24" count="38" type="stmt"/>
        <line num="26" count="38" type="stmt"/>
        <line num="27" count="38" type="stmt"/>
        <line num="29" count="1" type="stmt"/>
      </file>
      <file name="usePokemonSearch.ts" path="/Users/mobdev/Documents/Desafio/pokedex/src/hooks/usePokemonSearch.ts">
        <metrics statements="35" coveredstatements="35" conditionals="9" coveredconditionals="9" methods="1" coveredmethods="1"/>
        <line num="1" count="1" type="stmt"/>
        <line num="3" count="1" type="stmt"/>
        <line num="4" count="1" type="stmt"/>
        <line num="5" count="1" type="stmt"/>
        <line num="11" count="1" type="cond" truecount="1" falsecount="0"/>
        <line num="12" count="38" type="stmt"/>
        <line num="14" count="38" type="stmt"/>
        <line num="16" count="38" type="stmt"/>
        <line num="17" count="38" type="cond" truecount="1" falsecount="0"/>
        <line num="18" count="3" type="stmt"/>
        <line num="19" count="3" type="cond" truecount="1" falsecount="0"/>
        <line num="20" count="1" type="stmt"/>
        <line num="21" count="1" type="stmt"/>
        <line num="22" count="1" type="stmt"/>
        <line num="23" count="1" type="cond" truecount="1" falsecount="0"/>
        <line num="25" count="3" type="cond" truecount="1" falsecount="0"/>
        <line num="26" count="1" type="stmt"/>
        <line num="27" count="1" type="cond" truecount="1" falsecount="0"/>
        <line num="28" count="3" type="stmt"/>
        <line num="29" count="1" type="stmt"/>
        <line num="30" count="1" type="stmt"/>
        <line num="31" count="1" type="stmt"/>
        <line num="32" count="1" type="cond" truecount="1" falsecount="0"/>
        <line num="34" count="3" type="cond" truecount="1" falsecount="0"/>
        <line num="35" count="1" type="stmt"/>
        <line num="36" count="1" type="stmt"/>
        <line num="37" count="1" type="stmt"/>
        <line num="38" count="1" type="cond" truecount="1" falsecount="0"/>
        <line num="40" count="2" type="stmt"/>
        <line num="41" count="3" type="stmt"/>
        <line num="42" count="38" type="stmt"/>
        <line num="43" count="38" type="stmt"/>
        <line num="45" count="38" type="stmt"/>
        <line num="46" count="38" type="stmt"/>
        <line num="48" count="1" type="stmt"/>
      </file>
    </package>
    <package name="src.layouts">
      <metrics statements="20" coveredstatements="15" conditionals="1" coveredconditionals="1" methods="2" coveredmethods="1"/>
      <file name="DetialsLayout.tsx" path="/Users/mobdev/Documents/Desafio/pokedex/src/layouts/DetialsLayout.tsx">
        <metrics statements="9" coveredstatements="4" conditionals="0" coveredconditionals="0" methods="1" coveredmethods="0"/>
        <line num="1" count="1" type="stmt"/>
        <line num="2" count="1" type="stmt"/>
        <line num="5" count="1" type="stmt"/>
        <line num="6" count="0" type="stmt"/>
        <line num="7" count="0" type="stmt"/>
        <line num="9" count="0" type="stmt"/>
        <line num="10" count="0" type="stmt"/>
        <line num="12" count="0" type="stmt"/>
        <line num="14" count="1" type="stmt"/>
      </file>
      <file name="RootLayout.tsx" path="/Users/mobdev/Documents/Desafio/pokedex/src/layouts/RootLayout.tsx">
        <metrics statements="11" coveredstatements="11" conditionals="1" coveredconditionals="1" methods="1" coveredmethods="1"/>
        <line num="1" count="1" type="stmt"/>
        <line num="3" count="1" type="stmt"/>
        <line num="4" count="1" type="stmt"/>
        <line num="6" count="1" type="cond" truecount="1" falsecount="0"/>
        <line num="7" count="6" type="stmt"/>
        <line num="8" count="6" type="stmt"/>
        <line num="9" count="6" type="stmt"/>
        <line num="10" count="6" type="stmt"/>
        <line num="11" count="6" type="stmt"/>
        <line num="13" count="6" type="stmt"/>
        <line num="15" count="1" type="stmt"/>
      </file>
    </package>
    <package name="src.pages.Details">
      <metrics statements="183" coveredstatements="183" conditionals="18" coveredconditionals="17" methods="4" coveredmethods="3"/>
      <file name="index.tsx" path="/Users/mobdev/Documents/Desafio/pokedex/src/pages/Details/index.tsx">
        <metrics statements="183" coveredstatements="183" conditionals="18" coveredconditionals="17" methods="4" coveredmethods="3"/>
        <line num="1" count="1" type="stmt"/>
        <line num="2" count="1" type="stmt"/>
        <line num="3" count="1" type="stmt"/>
        <line num="4" count="1" type="stmt"/>
        <line num="5" count="1" type="stmt"/>
        <line num="6" count="1" type="stmt"/>
        <line num="8" count="1" type="cond" truecount="1" falsecount="0"/>
        <line num="9" count="28" type="stmt"/>
        <line num="10" count="28" type="stmt"/>
        <line num="12" count="28" type="stmt"/>
        <line num="13" count="28" type="stmt"/>
        <line num="14" count="28" type="stmt"/>
        <line num="15" count="28" type="stmt"/>
        <line num="16" count="28" type="stmt"/>
        <line num="17" count="28" type="stmt"/>
        <line num="18" count="28" type="stmt"/>
        <line num="19" count="28" type="stmt"/>
        <line num="21" count="28" type="stmt"/>
        <line num="23" count="28" type="cond" truecount="1" falsecount="0"/>
        <line num="24" count="8" type="stmt"/>
        <line num="25" count="8" type="cond" truecount="1" falsecount="0"/>
        <line num="26" count="7" type="stmt"/>
        <line num="27" count="7" type="stmt"/>
        <line num="28" count="7" type="stmt"/>
        <line num="29" count="28" type="stmt"/>
        <line num="31" count="28" type="stmt"/>
        <line num="32" count="28" type="cond" truecount="2" falsecount="0"/>
        <line num="33" count="28" type="stmt"/>
        <line num="34" count="28" type="stmt"/>
        <line num="36" count="28" type="cond" truecount="1" falsecount="0"/>
        <line num="37" count="8" type="stmt"/>
        <line num="38" count="28" type="stmt"/>
        <line num="40" count="28" type="cond" truecount="1" falsecount="0"/>
        <line num="41" count="17" type="stmt"/>
        <line num="42" count="28" type="stmt"/>
        <line num="44" count="28" type="stmt"/>
        <line num="45" count="28" type="stmt"/>
        <line num="46" count="28" type="stmt"/>
        <line num="47" count="28" type="stmt"/>
        <line num="49" count="28" type="stmt"/>
        <line num="50" count="28" type="cond" truecount="2" falsecount="0"/>
        <line num="51" count="10" type="stmt"/>
        <line num="53" count="10" type="cond" truecount="1" falsecount="0"/>
        <line num="55" count="18" type="stmt"/>
        <line num="56" count="18" type="stmt"/>
        <line num="57" count="18" type="cond" truecount="1" falsecount="0"/>
        <line num="58" count="7" type="stmt"/>
        <line num="59" count="7" type="stmt"/>
        <line num="60" count="7" type="stmt"/>
        <line num="61" count="7" type="cond" truecount="1" falsecount="0"/>
        <line num="62" count="7" type="cond" truecount="1" falsecount="0"/>
        <line num="64" count="11" type="stmt"/>
        <line num="65" count="11" type="stmt"/>
        <line num="66" count="11" type="stmt"/>
        <line num="67" count="11" type="cond" truecount="1" falsecount="0"/>
        <line num="68" count="11" type="stmt"/>
        <line num="70" count="18" type="stmt"/>
        <line num="72" count="18" type="stmt"/>
        <line num="73" count="18" type="stmt"/>
        <line num="74" count="18" type="stmt"/>
        <line num="75" count="18" type="stmt"/>
        <line num="76" count="18" type="stmt"/>
        <line num="77" count="18" type="stmt"/>
        <line num="78" count="18" type="stmt"/>
        <line num="79" count="18" type="stmt"/>
        <line num="80" count="18" type="stmt"/>
        <line num="81" count="18" type="stmt"/>
        <line num="82" count="18" type="stmt"/>
        <line num="83" count="18" type="stmt"/>
        <line num="84" count="18" type="stmt"/>
        <line num="85" count="18" type="stmt"/>
        <line num="87" count="18" type="stmt"/>
        <line num="88" count="18" type="stmt"/>
        <line num="89" count="18" type="cond" truecount="0" falsecount="1"/>
        <line num="90" count="18" type="stmt"/>
        <line num="91" count="18" type="stmt"/>
        <line num="92" count="18" type="stmt"/>
        <line num="93" count="18" type="stmt"/>
        <line num="95" count="18" type="stmt"/>
        <line num="96" count="18" type="stmt"/>
        <line num="97" count="18" type="cond" truecount="1" falsecount="0"/>
        <line num="98" count="36" type="stmt"/>
        <line num="99" count="36" type="stmt"/>
        <line num="100" count="36" type="stmt"/>
        <line num="101" count="36" type="stmt"/>
        <line num="103" count="36" type="stmt"/>
        <line num="104" count="36" type="stmt"/>
        <line num="105" count="18" type="stmt"/>
        <line num="106" count="18" type="stmt"/>
        <line num="107" count="18" type="stmt"/>
        <line num="108" count="18" type="stmt"/>
        <line num="109" count="18" type="stmt"/>
        <line num="111" count="18" type="stmt"/>
        <line num="112" count="18" type="stmt"/>
        <line num="113" count="18" type="stmt"/>
        <line num="114" count="18" type="stmt"/>
        <line num="115" count="18" type="stmt"/>
        <line num="116" count="18" type="stmt"/>
        <line num="117" count="18" type="stmt"/>
        <line num="118" count="18" type="stmt"/>
        <line num="119" count="18" type="stmt"/>
        <line num="120" count="18" type="stmt"/>
        <line num="121" count="18" type="stmt"/>
        <line num="122" count="18" type="stmt"/>
        <line num="123" count="18" type="stmt"/>
        <line num="124" count="18" type="stmt"/>
        <line num="125" count="18" type="stmt"/>
        <line num="126" count="18" type="stmt"/>
        <line num="127" count="18" type="stmt"/>
        <line num="128" count="18" type="cond" truecount="1" falsecount="0"/>
        <line num="129" count="36" type="stmt"/>
        <line num="130" count="36" type="stmt"/>
        <line num="131" count="36" type="stmt"/>
        <line num="132" count="18" type="stmt"/>
        <line num="133" count="18" type="stmt"/>
        <line num="134" count="18" type="stmt"/>
        <line num="135" count="18" type="stmt"/>
        <line num="137" count="18" type="stmt"/>
        <line num="138" count="18" type="stmt"/>
        <line num="139" count="18" type="stmt"/>
        <line num="140" count="18" type="stmt"/>
        <line num="141" count="18" type="stmt"/>
        <line num="143" count="18" type="stmt"/>
        <line num="144" count="18" type="stmt"/>
        <line num="145" count="18" type="stmt"/>
        <line num="146" count="18" type="stmt"/>
        <line num="147" count="18" type="stmt"/>
        <line num="148" count="18" type="stmt"/>
        <line num="149" count="18" type="stmt"/>
        <line num="150" count="18" type="stmt"/>
        <line num="151" count="18" type="stmt"/>
        <line num="152" count="18" type="stmt"/>
        <line num="153" count="18" type="stmt"/>
        <line num="154" count="18" type="stmt"/>
        <line num="155" count="18" type="stmt"/>
        <line num="156" count="18" type="stmt"/>
        <line num="158" count="18" type="stmt"/>
        <line num="159" count="18" type="stmt"/>
        <line num="160" count="18" type="stmt"/>
        <line num="161" count="18" type="stmt"/>
        <line num="163" count="18" type="stmt"/>
        <line num="164" count="18" type="stmt"/>
        <line num="165" count="18" type="stmt"/>
        <line num="166" count="18" type="stmt"/>
        <line num="167" count="18" type="stmt"/>
        <line num="168" count="18" type="stmt"/>
        <line num="169" count="18" type="stmt"/>
        <line num="170" count="18" type="stmt"/>
        <line num="171" count="18" type="stmt"/>
        <line num="172" count="18" type="stmt"/>
        <line num="173" count="18" type="stmt"/>
        <line num="174" count="18" type="stmt"/>
        <line num="175" count="18" type="stmt"/>
        <line num="176" count="18" type="stmt"/>
        <line num="177" count="18" type="stmt"/>
        <line num="179" count="18" type="stmt"/>
        <line num="180" count="18" type="stmt"/>
        <line num="181" count="18" type="stmt"/>
        <line num="183" count="18" type="stmt"/>
        <line num="184" count="18" type="stmt"/>
        <line num="185" count="18" type="cond" truecount="1" falsecount="0"/>
        <line num="186" count="108" type="stmt"/>
        <line num="187" count="108" type="stmt"/>
        <line num="188" count="108" type="stmt"/>
        <line num="190" count="108" type="stmt"/>
        <line num="191" count="108" type="stmt"/>
        <line num="192" count="108" type="stmt"/>
        <line num="193" count="108" type="stmt"/>
        <line num="195" count="108" type="stmt"/>
        <line num="196" count="108" type="stmt"/>
        <line num="197" count="108" type="stmt"/>
        <line num="198" count="108" type="stmt"/>
        <line num="199" count="108" type="stmt"/>
        <line num="200" count="108" type="stmt"/>
        <line num="201" count="108" type="stmt"/>
        <line num="202" count="18" type="stmt"/>
        <line num="203" count="18" type="stmt"/>
        <line num="204" count="18" type="stmt"/>
        <line num="205" count="18" type="stmt"/>
        <line num="207" count="28" type="stmt"/>
        <line num="208" count="28" type="stmt"/>
        <line num="210" count="28" type="stmt"/>
        <line num="212" count="1" type="stmt"/>
      </file>
    </package>
    <package name="src.pages.Favorites">
      <metrics statements="8" coveredstatements="8" conditionals="1" coveredconditionals="1" methods="1" coveredmethods="1"/>
      <file name="index.tsx" path="/Users/mobdev/Documents/Desafio/pokedex/src/pages/Favorites/index.tsx">
        <metrics statements="8" coveredstatements="8" conditionals="1" coveredconditionals="1" methods="1" coveredmethods="1"/>
        <line num="1" count="1" type="stmt"/>
        <line num="4" count="1" type="cond" truecount="1" falsecount="0"/>
        <line num="5" count="2" type="stmt"/>
        <line num="6" count="2" type="stmt"/>
        <line num="8" count="2" type="stmt"/>
        <line num="10" count="2" type="stmt"/>
        <line num="12" count="2" type="stmt"/>
        <line num="14" count="1" type="stmt"/>
      </file>
    </package>
    <package name="src.pages.Home">
      <metrics statements="38" coveredstatements="37" conditionals="7" coveredconditionals="6" methods="3" coveredmethods="3"/>
      <file name="index.tsx" path="/Users/mobdev/Documents/Desafio/pokedex/src/pages/Home/index.tsx">
        <metrics statements="38" coveredstatements="37" conditionals="7" coveredconditionals="6" methods="3" coveredmethods="3"/>
        <line num="1" count="1" type="stmt"/>
        <line num="2" count="1" type="stmt"/>
        <line num="3" count="1" type="stmt"/>
        <line num="4" count="1" type="stmt"/>
        <line num="5" count="1" type="stmt"/>
        <line num="6" count="1" type="stmt"/>
        <line num="7" count="1" type="stmt"/>
        <line num="8" count="1" type="stmt"/>
        <line num="10" count="1" type="cond" truecount="1" falsecount="0"/>
        <line num="11" count="38" type="stmt"/>
        <line num="12" count="38" type="stmt"/>
        <line num="14" count="38" type="stmt"/>
        <line num="15" count="38" type="stmt"/>
        <line num="16" count="38" type="stmt"/>
        <line num="17" count="38" type="stmt"/>
        <line num="18" count="38" type="stmt"/>
        <line num="20" count="38" type="cond" truecount="1" falsecount="0"/>
        <line num="21" count="9" type="stmt"/>
        <line num="22" count="38" type="stmt"/>
        <line num="24" count="38" type="stmt"/>
        <line num="25" count="38" type="stmt"/>
        <line num="26" count="38" type="stmt"/>
        <line num="27" count="38" type="stmt"/>
        <line num="28" count="38" type="cond" truecount="1" falsecount="0"/>
        <line num="29" count="38" type="stmt"/>
        <line num="30" count="38" type="cond" truecount="1" falsecount="0"/>
        <line num="31" count="23" type="stmt"/>
        <line num="32" count="23" type="cond" truecount="0" falsecount="1"/>
        <line num="34" count="0" type="cond" truecount="1" falsecount="0"/>
        <line num="37" count="15" type="stmt"/>
        <line num="39" count="15" type="stmt"/>
        <line num="41" count="38" type="stmt"/>
        <line num="42" count="38" type="cond" truecount="1" falsecount="0"/>
        <line num="43" count="38" type="stmt"/>
        <line num="44" count="38" type="stmt"/>
        <line num="45" count="38" type="stmt"/>
        <line num="47" count="38" type="stmt"/>
        <line num="49" count="1" type="stmt"/>
      </file>
    </package>
    <package name="src.routes">
      <metrics statements="15" coveredstatements="15" conditionals="0" coveredconditionals="0" methods="0" coveredmethods="0"/>
      <file name="index.tsx" path="/Users/mobdev/Documents/Desafio/pokedex/src/routes/index.tsx">
        <metrics statements="15" coveredstatements="15" conditionals="0" coveredconditionals="0" methods="0" coveredmethods="0"/>
        <line num="1" count="1" type="stmt"/>
        <line num="14" count="1" type="stmt"/>
        <line num="15" count="1" type="stmt"/>
        <line num="16" count="1" type="stmt"/>
        <line num="17" count="1" type="stmt"/>
        <line num="18" count="1" type="stmt"/>
        <line num="20" count="1" type="stmt"/>
        <line num="21" count="1" type="stmt"/>
        <line num="22" count="1" type="stmt"/>
        <line num="23" count="1" type="stmt"/>
        <line num="24" count="1" type="stmt"/>
        <line num="25" count="1" type="stmt"/>
        <line num="27" count="1" type="stmt"/>
        <line num="28" count="1" type="stmt"/>
        <line num="29" count="1" type="stmt"/>
      </file>
    </package>
    <package name="src.service">
      <metrics statements="113" coveredstatements="113" conditionals="19" coveredconditionals="13" methods="5" coveredmethods="5"/>
      <file name="api.ts" path="/Users/mobdev/Documents/Desafio/pokedex/src/service/api.ts">
        <metrics statements="113" coveredstatements="113" conditionals="19" coveredconditionals="13" methods="5" coveredmethods="5"/>
        <line num="1" count="1" type="stmt"/>
        <line num="17" count="1" type="cond" truecount="1" falsecount="0"/>
        <line num="18" count="2" type="cond" truecount="0" falsecount="1"/>
        <line num="19" count="2" type="cond" truecount="0" falsecount="1"/>
        <line num="20" count="2" type="stmt"/>
        <line num="21" count="2" type="stmt"/>
        <line num="23" count="1" type="cond" truecount="1" falsecount="0"/>
        <line num="24" count="4" type="stmt"/>
        <line num="25" count="4" type="stmt"/>
        <line num="26" count="4" type="stmt"/>
        <line num="27" count="4" type="stmt"/>
        <line num="28" count="4" type="cond" truecount="1" falsecount="0"/>
        <line num="29" count="4" type="stmt"/>
        <line num="31" count="4" type="cond" truecount="1" falsecount="0"/>
        <line num="32" count="1" type="stmt"/>
        <line num="33" count="1" type="stmt"/>
        <line num="34" count="1" type="stmt"/>
        <line num="35" count="1" type="stmt"/>
        <line num="36" count="1" type="stmt"/>
        <line num="37" count="1" type="stmt"/>
        <line num="38" count="1" type="stmt"/>
        <line num="39" count="1" type="stmt"/>
        <line num="40" count="1" type="stmt"/>
        <line num="41" count="4" type="stmt"/>
        <line num="43" count="1" type="cond" truecount="1" falsecount="0"/>
        <line num="44" count="3" type="stmt"/>
        <line num="45" count="3" type="stmt"/>
        <line num="46" count="3" type="stmt"/>
        <line num="47" count="3" type="stmt"/>
        <line num="48" count="3" type="cond" truecount="1" falsecount="0"/>
        <line num="49" count="1" type="stmt"/>
        <line num="50" count="1" type="stmt"/>
        <line num="51" count="1" type="stmt"/>
        <line num="52" count="1" type="stmt"/>
        <line num="53" count="1" type="stmt"/>
        <line num="54" count="1" type="stmt"/>
        <line num="55" count="1" type="stmt"/>
        <line num="56" count="1" type="stmt"/>
        <line num="57" count="1" type="cond" truecount="0" falsecount="1"/>
        <line num="58" count="1" type="cond" truecount="0" falsecount="1"/>
        <line num="59" count="1" type="stmt"/>
        <line num="60" count="1" type="stmt"/>
        <line num="61" count="1" type="stmt"/>
        <line num="62" count="3" type="stmt"/>
        <line num="64" count="1" type="cond" truecount="1" falsecount="0"/>
        <line num="65" count="2" type="stmt"/>
        <line num="66" count="2" type="stmt"/>
        <line num="67" count="2" type="cond" truecount="1" falsecount="0"/>
        <line num="68" count="1" type="stmt"/>
        <line num="69" count="1" type="stmt"/>
        <line num="70" count="1" type="stmt"/>
        <line num="71" count="1" type="stmt"/>
        <line num="72" count="1" type="stmt"/>
        <line num="73" count="1" type="stmt"/>
        <line num="74" count="1" type="stmt"/>
        <line num="75" count="1" type="stmt"/>
        <line num="76" count="1" type="stmt"/>
        <line num="77" count="2" type="stmt"/>
        <line num="79" count="1" type="stmt"/>
        <line num="80" count="1" type="stmt"/>
        <line num="81" count="1" type="stmt"/>
        <line num="82" count="1" type="stmt"/>
        <line num="83" count="1" type="stmt"/>
        <line num="84" count="1" type="stmt"/>
        <line num="85" count="1" type="stmt"/>
        <line num="86" count="1" type="stmt"/>
        <line num="87" count="1" type="stmt"/>
        <line num="88" count="1" type="stmt"/>
        <line num="89" count="1" type="stmt"/>
        <line num="90" count="1" type="stmt"/>
        <line num="91" count="1" type="stmt"/>
        <line num="92" count="1" type="stmt"/>
        <line num="93" count="1" type="stmt"/>
        <line num="94" count="1" type="stmt"/>
        <line num="95" count="1" type="stmt"/>
        <line num="96" count="1" type="stmt"/>
        <line num="97" count="1" type="stmt"/>
        <line num="98" count="1" type="stmt"/>
        <line num="99" count="1" type="stmt"/>
        <line num="101" count="1" type="cond" truecount="1" falsecount="0"/>
        <line num="102" count="3" type="stmt"/>
        <line num="103" count="3" type="stmt"/>
        <line num="104" count="3" type="stmt"/>
        <line num="105" count="3" type="cond" truecount="1" falsecount="0"/>
        <line num="106" count="1" type="stmt"/>
        <line num="107" count="1" type="stmt"/>
        <line num="108" count="1" type="stmt"/>
        <line num="109" count="1" type="stmt"/>
        <line num="110" count="1" type="stmt"/>
        <line num="111" count="1" type="cond" truecount="1" falsecount="0"/>
        <line num="112" count="2" type="stmt"/>
        <line num="113" count="2" type="stmt"/>
        <line num="114" count="2" type="cond" truecount="1" falsecount="0"/>
        <line num="116" count="1" type="stmt"/>
        <line num="118" count="1" type="cond" truecount="1" falsecount="0"/>
        <line num="119" count="149" type="stmt"/>
        <line num="120" count="149" type="stmt"/>
        <line num="121" count="149" type="stmt"/>
        <line num="122" count="149" type="stmt"/>
        <line num="123" count="1" type="stmt"/>
        <line num="124" count="1" type="stmt"/>
        <line num="125" count="1" type="stmt"/>
        <line num="126" count="1" type="stmt"/>
        <line num="127" count="1" type="stmt"/>
        <line num="128" count="1" type="stmt"/>
        <line num="129" count="1" type="stmt"/>
        <line num="130" count="1" type="stmt"/>
        <line num="131" count="1" type="stmt"/>
        <line num="132" count="1" type="cond" truecount="0" falsecount="1"/>
        <line num="133" count="1" type="cond" truecount="0" falsecount="1"/>
        <line num="134" count="1" type="stmt"/>
        <line num="135" count="1" type="stmt"/>
        <line num="136" count="3" type="stmt"/>
      </file>
    </package>
    <package name="src.store">
      <metrics statements="37" coveredstatements="37" conditionals="15" coveredconditionals="15" methods="10" coveredmethods="9"/>
      <file name="paginatorStore.ts" path="/Users/mobdev/Documents/Desafio/pokedex/src/store/paginatorStore.ts">
        <metrics statements="8" coveredstatements="8" conditionals="3" coveredconditionals="3" methods="2" coveredmethods="2"/>
        <line num="1" count="1" type="stmt"/>
        <line num="10" count="1" type="cond" truecount="1" falsecount="0"/>
        <line num="11" count="7" type="stmt"/>
        <line num="12" count="7" type="stmt"/>
        <line num="13" count="7" type="cond" truecount="1" falsecount="0"/>
        <line num="14" count="7" type="cond" truecount="1" falsecount="0"/>
        <line num="15" count="1" type="stmt"/>
        <line num="18" count="1" type="stmt"/>
      </file>
      <file name="pokemonStore.ts" path="/Users/mobdev/Documents/Desafio/pokedex/src/store/pokemonStore.ts">
        <metrics statements="29" coveredstatements="29" conditionals="12" coveredconditionals="12" methods="8" coveredmethods="7"/>
        <line num="1" count="1" type="stmt"/>
        <line num="24" count="1" type="cond" truecount="1" falsecount="0"/>
        <line num="25" count="10" type="stmt"/>
        <line num="26" count="10" type="stmt"/>
        <line num="27" count="10" type="stmt"/>
        <line num="28" count="10" type="stmt"/>
        <line num="29" count="10" type="stmt"/>
        <line num="30" count="10" type="stmt"/>
        <line num="31" count="10" type="stmt"/>
        <line num="32" count="10" type="stmt"/>
        <line num="34" count="10" type="cond" truecount="1" falsecount="0"/>
        <line num="35" count="10" type="stmt"/>
        <line num="36" count="10" type="stmt"/>
        <line num="37" count="10" type="cond" truecount="1" falsecount="0"/>
        <line num="38" count="10" type="stmt"/>
        <line num="39" count="10" type="cond" truecount="1" falsecount="0"/>
        <line num="40" count="2" type="cond" truecount="2" falsecount="0"/>
        <line num="41" count="8" type="stmt"/>
        <line num="43" count="10" type="stmt"/>
        <line num="44" count="10" type="stmt"/>
        <line num="45" count="10" type="cond" truecount="1" falsecount="0"/>
        <line num="46" count="10" type="cond" truecount="1" falsecount="0"/>
        <line num="47" count="10" type="cond" truecount="1" falsecount="0"/>
        <line num="48" count="10" type="cond" truecount="1" falsecount="0"/>
        <line num="49" count="10" type="stmt"/>
        <line num="50" count="10" type="cond" truecount="1" falsecount="0"/>
        <line num="51" count="10" type="cond" truecount="1" falsecount="0"/>
        <line num="52" count="1" type="stmt"/>
        <line num="54" count="1" type="stmt"/>
      </file>
    </package>
    <package name="src.types">
      <metrics statements="0" coveredstatements="0" conditionals="2" coveredconditionals="2" methods="2" coveredmethods="2"/>
      <file name="pokemon.ts" path="/Users/mobdev/Documents/Desafio/pokedex/src/types/pokemon.ts">
        <metrics statements="0" coveredstatements="0" conditionals="1" coveredconditionals="1" methods="1" coveredmethods="1"/>
      </file>
      <file name="pokemonByType.ts" path="/Users/mobdev/Documents/Desafio/pokedex/src/types/pokemonByType.ts">
        <metrics statements="0" coveredstatements="0" conditionals="1" coveredconditionals="1" methods="1" coveredmethods="1"/>
      </file>
    </package>
  </project>
</coverage>
