{"/Users/mobdev/Documents/Desafio/pokedex/src/App.tsx": {"path":"/Users/mobdev/Documents/Desafio/pokedex/src/App.tsx","all":false,"statementMap":{"0":{"start":{"line":1,"column":0},"end":{"line":1,"column":50}},"1":{"start":{"line":2,"column":0},"end":{"line":2,"column":19}},"2":{"start":{"line":3,"column":0},"end":{"line":3,"column":34}},"4":{"start":{"line":5,"column":0},"end":{"line":5,"column":16}},"5":{"start":{"line":6,"column":0},"end":{"line":6,"column":45}},"6":{"start":{"line":7,"column":0},"end":{"line":7,"column":1}},"8":{"start":{"line":9,"column":0},"end":{"line":9,"column":19}}},"s":{"0":1,"1":1,"2":1,"4":1,"5":1,"6":1,"8":1},"branchMap":{"0":{"type":"branch","line":5,"loc":{"start":{"line":5,"column":0},"end":{"line":7,"column":1}},"locations":[{"start":{"line":5,"column":0},"end":{"line":7,"column":1}}]}},"b":{"0":[1]},"fnMap":{"0":{"name":"App","decl":{"start":{"line":5,"column":0},"end":{"line":7,"column":1}},"loc":{"start":{"line":5,"column":0},"end":{"line":7,"column":1}},"line":5}},"f":{"0":1}}
,"/Users/mobdev/Documents/Desafio/pokedex/src/main.tsx": {"path":"/Users/mobdev/Documents/Desafio/pokedex/src/main.tsx","all":true,"statementMap":{"0":{"start":{"line":1,"column":0},"end":{"line":1,"column":34}},"1":{"start":{"line":2,"column":0},"end":{"line":2,"column":45}},"2":{"start":{"line":3,"column":0},"end":{"line":3,"column":20}},"3":{"start":{"line":4,"column":0},"end":{"line":4,"column":27}},"5":{"start":{"line":6,"column":0},"end":{"line":6,"column":52}},"6":{"start":{"line":7,"column":0},"end":{"line":7,"column":14}},"7":{"start":{"line":8,"column":0},"end":{"line":8,"column":11}},"8":{"start":{"line":9,"column":0},"end":{"line":9,"column":16}},"9":{"start":{"line":10,"column":0},"end":{"line":10,"column":1}}},"s":{"0":0,"1":0,"2":0,"3":0,"5":0,"6":0,"7":0,"8":0,"9":0},"branchMap":{"0":{"type":"branch","line":1,"loc":{"start":{"line":1,"column":229},"end":{"line":10,"column":1}},"locations":[{"start":{"line":1,"column":229},"end":{"line":10,"column":1}}]}},"b":{"0":[0]},"fnMap":{"0":{"name":"(empty-report)","decl":{"start":{"line":1,"column":229},"end":{"line":10,"column":1}},"loc":{"start":{"line":1,"column":229},"end":{"line":10,"column":1}},"line":1}},"f":{"0":0}}
,"/Users/mobdev/Documents/Desafio/pokedex/src/components/Card.tsx": {"path":"/Users/mobdev/Documents/Desafio/pokedex/src/components/Card.tsx","all":false,"statementMap":{"0":{"start":{"line":1,"column":0},"end":{"line":1,"column":48}},"9":{"start":{"line":10,"column":0},"end":{"line":10,"column":59}},"10":{"start":{"line":11,"column":0},"end":{"line":11,"column":41}},"11":{"start":{"line":12,"column":0},"end":{"line":12,"column":47}},"12":{"start":{"line":13,"column":0},"end":{"line":13,"column":1}},"13":{"start":{"line":14,"column":0},"end":{"line":14,"column":54}},"14":{"start":{"line":15,"column":0},"end":{"line":15,"column":23}},"15":{"start":{"line":16,"column":0},"end":{"line":16,"column":22}},"16":{"start":{"line":17,"column":0},"end":{"line":17,"column":90}},"17":{"start":{"line":18,"column":0},"end":{"line":18,"column":15}},"18":{"start":{"line":19,"column":0},"end":{"line":19,"column":31}},"20":{"start":{"line":21,"column":0},"end":{"line":21,"column":19}},"21":{"start":{"line":22,"column":0},"end":{"line":22,"column":16}},"23":{"start":{"line":24,"column":0},"end":{"line":24,"column":19}},"25":{"start":{"line":26,"column":0},"end":{"line":26,"column":10}},"26":{"start":{"line":27,"column":0},"end":{"line":27,"column":8}},"27":{"start":{"line":28,"column":0},"end":{"line":28,"column":21}},"28":{"start":{"line":29,"column":0},"end":{"line":29,"column":185}},"29":{"start":{"line":30,"column":0},"end":{"line":30,"column":23}},"31":{"start":{"line":32,"column":0},"end":{"line":32,"column":94}},"32":{"start":{"line":33,"column":0},"end":{"line":33,"column":65}},"33":{"start":{"line":34,"column":0},"end":{"line":34,"column":23}},"35":{"start":{"line":36,"column":0},"end":{"line":36,"column":81}},"37":{"start":{"line":38,"column":0},"end":{"line":38,"column":60}},"38":{"start":{"line":39,"column":0},"end":{"line":39,"column":55}},"39":{"start":{"line":40,"column":0},"end":{"line":40,"column":12}},"40":{"start":{"line":41,"column":0},"end":{"line":41,"column":10}},"41":{"start":{"line":42,"column":0},"end":{"line":42,"column":34}},"42":{"start":{"line":43,"column":0},"end":{"line":43,"column":128}},"43":{"start":{"line":44,"column":0},"end":{"line":44,"column":21}},"44":{"start":{"line":45,"column":0},"end":{"line":45,"column":16}},"45":{"start":{"line":46,"column":0},"end":{"line":46,"column":8}},"46":{"start":{"line":47,"column":0},"end":{"line":47,"column":75}},"47":{"start":{"line":48,"column":0},"end":{"line":48,"column":10}},"49":{"start":{"line":50,"column":0},"end":{"line":50,"column":2}}},"s":{"0":1,"9":154,"10":154,"11":154,"12":154,"13":1,"14":72,"15":72,"16":72,"17":10,"18":72,"20":72,"21":53,"23":72,"25":72,"26":72,"27":72,"28":72,"29":72,"31":72,"32":72,"33":72,"35":1,"37":71,"38":72,"39":72,"40":72,"41":72,"42":72,"43":72,"44":72,"45":72,"46":72,"47":72,"49":72},"branchMap":{"0":{"type":"branch","line":10,"loc":{"start":{"line":10,"column":0},"end":{"line":13,"column":1}},"locations":[{"start":{"line":10,"column":0},"end":{"line":13,"column":1}}]},"1":{"type":"branch","line":12,"loc":{"start":{"line":12,"column":9},"end":{"line":12,"column":42}},"locations":[{"start":{"line":12,"column":9},"end":{"line":12,"column":42}}]},"2":{"type":"branch","line":12,"loc":{"start":{"line":12,"column":38},"end":{"line":12,"column":47}},"locations":[{"start":{"line":12,"column":38},"end":{"line":12,"column":47}}]},"3":{"type":"branch","line":14,"loc":{"start":{"line":14,"column":20},"end":{"line":50,"column":2}},"locations":[{"start":{"line":14,"column":20},"end":{"line":50,"column":2}}]},"4":{"type":"branch","line":34,"loc":{"start":{"line":34,"column":21},"end":{"line":36,"column":81}},"locations":[{"start":{"line":34,"column":21},"end":{"line":36,"column":81}}]},"5":{"type":"branch","line":36,"loc":{"start":{"line":36,"column":79},"end":{"line":38,"column":60}},"locations":[{"start":{"line":36,"column":79},"end":{"line":38,"column":60}}]},"6":{"type":"branch","line":17,"loc":{"start":{"line":17,"column":33},"end":{"line":19,"column":6}},"locations":[{"start":{"line":17,"column":33},"end":{"line":19,"column":6}}]},"7":{"type":"branch","line":17,"loc":{"start":{"line":17,"column":53},"end":{"line":19,"column":3}},"locations":[{"start":{"line":17,"column":53},"end":{"line":19,"column":3}}]},"8":{"type":"branch","line":21,"loc":{"start":{"line":21,"column":12},"end":{"line":24,"column":5}},"locations":[{"start":{"line":21,"column":12},"end":{"line":24,"column":5}}]}},"b":{"0":[154],"1":[138],"2":[16],"3":[72],"4":[1],"5":[71],"6":[125],"7":[10],"8":[53]},"fnMap":{"0":{"name":"extractNumberFromUrl","decl":{"start":{"line":10,"column":0},"end":{"line":13,"column":1}},"loc":{"start":{"line":10,"column":0},"end":{"line":13,"column":1}},"line":10},"1":{"name":"Card","decl":{"start":{"line":14,"column":20},"end":{"line":50,"column":2}},"loc":{"start":{"line":14,"column":20},"end":{"line":50,"column":2}},"line":14}},"f":{"0":154,"1":72}}
,"/Users/mobdev/Documents/Desafio/pokedex/src/components/Navbar.tsx": {"path":"/Users/mobdev/Documents/Desafio/pokedex/src/components/Navbar.tsx","all":false,"statementMap":{"0":{"start":{"line":1,"column":0},"end":{"line":1,"column":0}},"6":{"start":{"line":7,"column":0},"end":{"line":7,"column":29}},"7":{"start":{"line":8,"column":0},"end":{"line":8,"column":32}},"8":{"start":{"line":9,"column":0},"end":{"line":9,"column":10}},"9":{"start":{"line":10,"column":0},"end":{"line":10,"column":66}},"10":{"start":{"line":11,"column":0},"end":{"line":11,"column":115}},"11":{"start":{"line":12,"column":0},"end":{"line":12,"column":66}},"12":{"start":{"line":13,"column":0},"end":{"line":13,"column":70}},"13":{"start":{"line":14,"column":0},"end":{"line":14,"column":12}},"14":{"start":{"line":15,"column":0},"end":{"line":15,"column":27}},"15":{"start":{"line":16,"column":0},"end":{"line":16,"column":128}},"16":{"start":{"line":17,"column":0},"end":{"line":17,"column":12}},"17":{"start":{"line":18,"column":0},"end":{"line":18,"column":10}},"19":{"start":{"line":20,"column":0},"end":{"line":20,"column":2}}},"s":{"0":1,"6":1,"7":9,"8":9,"9":9,"10":9,"11":9,"12":9,"13":9,"14":9,"15":9,"16":9,"17":9,"19":9},"branchMap":{"0":{"type":"branch","line":7,"loc":{"start":{"line":7,"column":22},"end":{"line":20,"column":2}},"locations":[{"start":{"line":7,"column":22},"end":{"line":20,"column":2}}]},"1":{"type":"branch","line":11,"loc":{"start":{"line":11,"column":20},"end":{"line":11,"column":39}},"locations":[{"start":{"line":11,"column":20},"end":{"line":11,"column":39}}]},"2":{"type":"branch","line":16,"loc":{"start":{"line":16,"column":99},"end":{"line":16,"column":126}},"locations":[{"start":{"line":16,"column":99},"end":{"line":16,"column":126}}]}},"b":{"0":[9],"1":[1],"2":[1]},"fnMap":{"0":{"name":"Navbar","decl":{"start":{"line":7,"column":22},"end":{"line":20,"column":2}},"loc":{"start":{"line":7,"column":22},"end":{"line":20,"column":2}},"line":7},"1":{"name":"onClick","decl":{"start":{"line":11,"column":20},"end":{"line":11,"column":39}},"loc":{"start":{"line":11,"column":20},"end":{"line":11,"column":39}},"line":11},"2":{"name":"onClick","decl":{"start":{"line":16,"column":99},"end":{"line":16,"column":126}},"loc":{"start":{"line":16,"column":99},"end":{"line":16,"column":126}},"line":16}},"f":{"0":9,"1":1,"2":1}}
,"/Users/mobdev/Documents/Desafio/pokedex/src/components/NotFound.tsx": {"path":"/Users/mobdev/Documents/Desafio/pokedex/src/components/NotFound.tsx","all":false,"statementMap":{"0":{"start":{"line":1,"column":0},"end":{"line":1,"column":0}},"4":{"start":{"line":5,"column":0},"end":{"line":5,"column":31}},"5":{"start":{"line":6,"column":0},"end":{"line":6,"column":10}},"6":{"start":{"line":7,"column":0},"end":{"line":7,"column":124}},"7":{"start":{"line":8,"column":0},"end":{"line":8,"column":30}},"8":{"start":{"line":9,"column":0},"end":{"line":9,"column":83}},"10":{"start":{"line":11,"column":0},"end":{"line":11,"column":106}},"11":{"start":{"line":12,"column":0},"end":{"line":12,"column":12}},"12":{"start":{"line":13,"column":0},"end":{"line":13,"column":96}},"13":{"start":{"line":14,"column":0},"end":{"line":14,"column":10}},"15":{"start":{"line":16,"column":0},"end":{"line":16,"column":1}}},"s":{"0":1,"4":1,"5":1,"6":1,"7":1,"8":1,"10":1,"11":1,"12":1,"13":1,"15":1},"branchMap":{"0":{"type":"branch","line":5,"loc":{"start":{"line":5,"column":24},"end":{"line":16,"column":1}},"locations":[{"start":{"line":5,"column":24},"end":{"line":16,"column":1}}]}},"b":{"0":[1]},"fnMap":{"0":{"name":"NotFound","decl":{"start":{"line":5,"column":24},"end":{"line":16,"column":1}},"loc":{"start":{"line":5,"column":24},"end":{"line":16,"column":1}},"line":5}},"f":{"0":1}}
,"/Users/mobdev/Documents/Desafio/pokedex/src/components/Paginator.tsx": {"path":"/Users/mobdev/Documents/Desafio/pokedex/src/components/Paginator.tsx","all":false,"statementMap":{"0":{"start":{"line":1,"column":0},"end":{"line":1,"column":64}},"8":{"start":{"line":9,"column":0},"end":{"line":9,"column":55}},"10":{"start":{"line":11,"column":0},"end":{"line":11,"column":58}},"12":{"start":{"line":13,"column":0},"end":{"line":13,"column":59}},"13":{"start":{"line":14,"column":0},"end":{"line":14,"column":69}},"16":{"start":{"line":17,"column":0},"end":{"line":17,"column":60}},"18":{"start":{"line":19,"column":0},"end":{"line":19,"column":39}},"19":{"start":{"line":20,"column":0},"end":{"line":20,"column":16}},"20":{"start":{"line":21,"column":0},"end":{"line":21,"column":5}},"21":{"start":{"line":22,"column":0},"end":{"line":22,"column":20}},"22":{"start":{"line":23,"column":0},"end":{"line":23,"column":79}},"23":{"start":{"line":24,"column":0},"end":{"line":24,"column":5}},"25":{"start":{"line":26,"column":0},"end":{"line":26,"column":44}},"26":{"start":{"line":27,"column":0},"end":{"line":27,"column":51}},"28":{"start":{"line":29,"column":0},"end":{"line":29,"column":84}},"29":{"start":{"line":30,"column":0},"end":{"line":30,"column":19}},"31":{"start":{"line":32,"column":0},"end":{"line":32,"column":19}},"33":{"start":{"line":34,"column":0},"end":{"line":34,"column":50}},"34":{"start":{"line":35,"column":0},"end":{"line":35,"column":52}},"37":{"start":{"line":38,"column":0},"end":{"line":38,"column":101}},"38":{"start":{"line":39,"column":0},"end":{"line":39,"column":22}},"39":{"start":{"line":40,"column":0},"end":{"line":40,"column":26}},"40":{"start":{"line":41,"column":0},"end":{"line":41,"column":4}},"42":{"start":{"line":43,"column":0},"end":{"line":43,"column":10}},"43":{"start":{"line":44,"column":0},"end":{"line":44,"column":131}},"44":{"start":{"line":45,"column":0},"end":{"line":45,"column":61}},"45":{"start":{"line":46,"column":0},"end":{"line":46,"column":15}},"46":{"start":{"line":47,"column":0},"end":{"line":47,"column":56}},"47":{"start":{"line":48,"column":0},"end":{"line":48,"column":159}},"48":{"start":{"line":49,"column":0},"end":{"line":49,"column":38}},"49":{"start":{"line":50,"column":0},"end":{"line":50,"column":9}},"51":{"start":{"line":52,"column":0},"end":{"line":52,"column":17}},"52":{"start":{"line":53,"column":0},"end":{"line":53,"column":15}},"55":{"start":{"line":56,"column":0},"end":{"line":56,"column":161}},"57":{"start":{"line":58,"column":0},"end":{"line":58,"column":29}},"58":{"start":{"line":59,"column":0},"end":{"line":59,"column":23}},"59":{"start":{"line":60,"column":0},"end":{"line":60,"column":15}},"60":{"start":{"line":61,"column":0},"end":{"line":61,"column":56}},"61":{"start":{"line":62,"column":0},"end":{"line":62,"column":164}},"62":{"start":{"line":63,"column":0},"end":{"line":63,"column":47}},"63":{"start":{"line":64,"column":0},"end":{"line":64,"column":9}},"65":{"start":{"line":66,"column":0},"end":{"line":66,"column":17}},"66":{"start":{"line":67,"column":0},"end":{"line":67,"column":12}},"67":{"start":{"line":68,"column":0},"end":{"line":68,"column":98}},"68":{"start":{"line":69,"column":0},"end":{"line":69,"column":13}},"69":{"start":{"line":70,"column":0},"end":{"line":70,"column":47}},"70":{"start":{"line":71,"column":0},"end":{"line":71,"column":84}},"71":{"start":{"line":72,"column":0},"end":{"line":72,"column":103}},"72":{"start":{"line":73,"column":0},"end":{"line":73,"column":69}},"73":{"start":{"line":74,"column":0},"end":{"line":74,"column":14}},"74":{"start":{"line":75,"column":0},"end":{"line":75,"column":14}},"75":{"start":{"line":76,"column":0},"end":{"line":76,"column":13}},"76":{"start":{"line":77,"column":0},"end":{"line":77,"column":14}},"77":{"start":{"line":78,"column":0},"end":{"line":78,"column":35}},"78":{"start":{"line":79,"column":0},"end":{"line":79,"column":76}},"80":{"start":{"line":81,"column":0},"end":{"line":81,"column":19}},"81":{"start":{"line":82,"column":0},"end":{"line":82,"column":38}},"82":{"start":{"line":83,"column":0},"end":{"line":83,"column":60}},"83":{"start":{"line":84,"column":0},"end":{"line":84,"column":179}},"84":{"start":{"line":85,"column":0},"end":{"line":85,"column":42}},"86":{"start":{"line":87,"column":0},"end":{"line":87,"column":70}},"87":{"start":{"line":88,"column":0},"end":{"line":88,"column":21}},"89":{"start":{"line":90,"column":0},"end":{"line":90,"column":38}},"90":{"start":{"line":91,"column":0},"end":{"line":91,"column":21}},"91":{"start":{"line":92,"column":0},"end":{"line":92,"column":26}},"92":{"start":{"line":93,"column":0},"end":{"line":93,"column":53}},"93":{"start":{"line":94,"column":0},"end":{"line":94,"column":96}},"94":{"start":{"line":95,"column":0},"end":{"line":95,"column":38}},"95":{"start":{"line":96,"column":0},"end":{"line":96,"column":55}},"96":{"start":{"line":97,"column":0},"end":{"line":97,"column":54}},"97":{"start":{"line":98,"column":0},"end":{"line":98,"column":85}},"99":{"start":{"line":100,"column":0},"end":{"line":100,"column":22}},"100":{"start":{"line":101,"column":0},"end":{"line":101,"column":23}},"101":{"start":{"line":102,"column":0},"end":{"line":102,"column":15}},"103":{"start":{"line":104,"column":0},"end":{"line":104,"column":19}},"104":{"start":{"line":105,"column":0},"end":{"line":105,"column":39}},"105":{"start":{"line":106,"column":0},"end":{"line":106,"column":60}},"106":{"start":{"line":107,"column":0},"end":{"line":107,"column":179}},"107":{"start":{"line":108,"column":0},"end":{"line":108,"column":51}},"109":{"start":{"line":110,"column":0},"end":{"line":110,"column":71}},"110":{"start":{"line":111,"column":0},"end":{"line":111,"column":21}},"111":{"start":{"line":112,"column":0},"end":{"line":112,"column":16}},"112":{"start":{"line":113,"column":0},"end":{"line":113,"column":14}},"113":{"start":{"line":114,"column":0},"end":{"line":114,"column":12}},"114":{"start":{"line":115,"column":0},"end":{"line":115,"column":10}},"116":{"start":{"line":117,"column":0},"end":{"line":117,"column":1}}},"s":{"0":1,"8":1,"10":61,"12":61,"13":61,"16":61,"18":16,"19":9,"20":9,"21":7,"22":6,"23":6,"25":1,"26":1,"28":1,"29":61,"31":61,"33":16,"34":61,"37":61,"38":6,"39":6,"40":6,"42":61,"43":61,"44":61,"45":61,"46":61,"47":61,"48":61,"49":61,"51":61,"52":61,"55":61,"57":61,"58":61,"59":61,"60":61,"61":61,"62":61,"63":61,"65":61,"66":61,"67":61,"68":61,"69":61,"70":61,"71":61,"72":61,"73":61,"74":61,"75":61,"76":61,"77":61,"78":61,"80":61,"81":61,"82":61,"83":61,"84":61,"86":61,"87":61,"89":61,"90":89,"91":89,"92":89,"93":89,"94":89,"95":36,"96":53,"97":89,"99":89,"100":89,"101":61,"103":61,"104":61,"105":61,"106":61,"107":61,"109":61,"110":61,"111":61,"112":61,"113":61,"114":61,"116":61},"branchMap":{"0":{"type":"branch","line":9,"loc":{"start":{"line":9,"column":7},"end":{"line":117,"column":1}},"locations":[{"start":{"line":9,"column":7},"end":{"line":117,"column":1}}]},"1":{"type":"branch","line":14,"loc":{"start":{"line":14,"column":34},"end":{"line":14,"column":42}},"locations":[{"start":{"line":14,"column":34},"end":{"line":14,"column":42}}]},"2":{"type":"branch","line":14,"loc":{"start":{"line":14,"column":38},"end":{"line":14,"column":69}},"locations":[{"start":{"line":14,"column":38},"end":{"line":14,"column":69}}]},"3":{"type":"branch","line":72,"loc":{"start":{"line":72,"column":56},"end":{"line":72,"column":73}},"locations":[{"start":{"line":72,"column":56},"end":{"line":72,"column":73}}]},"4":{"type":"branch","line":72,"loc":{"start":{"line":72,"column":61},"end":{"line":72,"column":88}},"locations":[{"start":{"line":72,"column":61},"end":{"line":72,"column":88}}]},"5":{"type":"branch","line":17,"loc":{"start":{"line":17,"column":41},"end":{"line":30,"column":5}},"locations":[{"start":{"line":17,"column":41},"end":{"line":30,"column":5}}]},"6":{"type":"branch","line":19,"loc":{"start":{"line":19,"column":16},"end":{"line":19,"column":38}},"locations":[{"start":{"line":19,"column":16},"end":{"line":19,"column":38}}]},"7":{"type":"branch","line":19,"loc":{"start":{"line":19,"column":38},"end":{"line":29,"column":84}},"locations":[{"start":{"line":19,"column":38},"end":{"line":29,"column":84}}]},"8":{"type":"branch","line":21,"loc":{"start":{"line":21,"column":4},"end":{"line":29,"column":84}},"locations":[{"start":{"line":21,"column":4},"end":{"line":29,"column":84}}]},"9":{"type":"branch","line":22,"loc":{"start":{"line":22,"column":19},"end":{"line":24,"column":5}},"locations":[{"start":{"line":22,"column":19},"end":{"line":24,"column":5}}]},"10":{"type":"branch","line":24,"loc":{"start":{"line":24,"column":4},"end":{"line":29,"column":84}},"locations":[{"start":{"line":24,"column":4},"end":{"line":29,"column":84}}]},"11":{"type":"branch","line":23,"loc":{"start":{"line":23,"column":62},"end":{"line":23,"column":77}},"locations":[{"start":{"line":23,"column":62},"end":{"line":23,"column":77}}]},"12":{"type":"branch","line":29,"loc":{"start":{"line":29,"column":59},"end":{"line":29,"column":82}},"locations":[{"start":{"line":29,"column":59},"end":{"line":29,"column":82}}]},"13":{"type":"branch","line":32,"loc":{"start":{"line":32,"column":12},"end":{"line":35,"column":5}},"locations":[{"start":{"line":32,"column":12},"end":{"line":35,"column":5}}]},"14":{"type":"branch","line":38,"loc":{"start":{"line":38,"column":22},"end":{"line":41,"column":4}},"locations":[{"start":{"line":38,"column":22},"end":{"line":41,"column":4}}]},"15":{"type":"branch","line":47,"loc":{"start":{"line":47,"column":19},"end":{"line":47,"column":56}},"locations":[{"start":{"line":47,"column":19},"end":{"line":47,"column":56}}]},"16":{"type":"branch","line":61,"loc":{"start":{"line":61,"column":19},"end":{"line":61,"column":56}},"locations":[{"start":{"line":61,"column":19},"end":{"line":61,"column":56}}]},"17":{"type":"branch","line":83,"loc":{"start":{"line":83,"column":23},"end":{"line":83,"column":60}},"locations":[{"start":{"line":83,"column":23},"end":{"line":83,"column":60}}]},"18":{"type":"branch","line":90,"loc":{"start":{"line":90,"column":27},"end":{"line":101,"column":23}},"locations":[{"start":{"line":90,"column":27},"end":{"line":101,"column":23}}]},"19":{"type":"branch","line":95,"loc":{"start":{"line":95,"column":27},"end":{"line":96,"column":55}},"locations":[{"start":{"line":95,"column":27},"end":{"line":96,"column":55}}]},"20":{"type":"branch","line":96,"loc":{"start":{"line":96,"column":22},"end":{"line":97,"column":54}},"locations":[{"start":{"line":96,"column":22},"end":{"line":97,"column":54}}]},"21":{"type":"branch","line":93,"loc":{"start":{"line":93,"column":25},"end":{"line":93,"column":53}},"locations":[{"start":{"line":93,"column":25},"end":{"line":93,"column":53}}]},"22":{"type":"branch","line":106,"loc":{"start":{"line":106,"column":23},"end":{"line":106,"column":60}},"locations":[{"start":{"line":106,"column":23},"end":{"line":106,"column":60}}]}},"b":{"0":[61],"1":[9],"2":[52],"3":[47],"4":[14],"5":[16],"6":[13],"7":[9],"8":[7],"9":[6],"10":[1],"11":[50],"12":[10],"13":[16],"14":[6],"15":[1],"16":[1],"17":[1],"18":[89],"19":[36],"20":[53],"21":[2],"22":[1]},"fnMap":{"0":{"name":"Paginator","decl":{"start":{"line":9,"column":7},"end":{"line":117,"column":1}},"loc":{"start":{"line":9,"column":7},"end":{"line":117,"column":1}},"line":9},"1":{"name":"handleClick","decl":{"start":{"line":38,"column":22},"end":{"line":41,"column":4}},"loc":{"start":{"line":38,"column":22},"end":{"line":41,"column":4}},"line":38},"2":{"name":"onClick","decl":{"start":{"line":47,"column":19},"end":{"line":47,"column":56}},"loc":{"start":{"line":47,"column":19},"end":{"line":47,"column":56}},"line":47},"3":{"name":"onClick","decl":{"start":{"line":61,"column":19},"end":{"line":61,"column":56}},"loc":{"start":{"line":61,"column":19},"end":{"line":61,"column":56}},"line":61},"4":{"name":"onClick","decl":{"start":{"line":83,"column":23},"end":{"line":83,"column":60}},"loc":{"start":{"line":83,"column":23},"end":{"line":83,"column":60}},"line":83},"5":{"name":"onClick","decl":{"start":{"line":93,"column":25},"end":{"line":93,"column":53}},"loc":{"start":{"line":93,"column":25},"end":{"line":93,"column":53}},"line":93},"6":{"name":"onClick","decl":{"start":{"line":106,"column":23},"end":{"line":106,"column":60}},"loc":{"start":{"line":106,"column":23},"end":{"line":106,"column":60}},"line":106}},"f":{"0":61,"1":6,"2":1,"3":1,"4":1,"5":2,"6":1}}
,"/Users/mobdev/Documents/Desafio/pokedex/src/components/PokemonFavoriteList.tsx": {"path":"/Users/mobdev/Documents/Desafio/pokedex/src/components/PokemonFavoriteList.tsx","all":false,"statementMap":{"0":{"start":{"line":1,"column":0},"end":{"line":1,"column":0}},"8":{"start":{"line":9,"column":0},"end":{"line":9,"column":42}},"9":{"start":{"line":10,"column":0},"end":{"line":10,"column":33}},"10":{"start":{"line":11,"column":0},"end":{"line":11,"column":42}},"11":{"start":{"line":12,"column":0},"end":{"line":12,"column":48}},"12":{"start":{"line":13,"column":0},"end":{"line":13,"column":41}},"13":{"start":{"line":14,"column":0},"end":{"line":14,"column":4}},"14":{"start":{"line":15,"column":0},"end":{"line":15,"column":10}},"15":{"start":{"line":16,"column":0},"end":{"line":16,"column":140}},"16":{"start":{"line":17,"column":0},"end":{"line":17,"column":60}},"17":{"start":{"line":18,"column":0},"end":{"line":18,"column":77}},"18":{"start":{"line":19,"column":0},"end":{"line":19,"column":58}},"19":{"start":{"line":20,"column":0},"end":{"line":20,"column":15}},"20":{"start":{"line":21,"column":0},"end":{"line":21,"column":38}},"21":{"start":{"line":22,"column":0},"end":{"line":22,"column":37}},"22":{"start":{"line":23,"column":0},"end":{"line":23,"column":59}},"23":{"start":{"line":24,"column":0},"end":{"line":24,"column":12}},"24":{"start":{"line":25,"column":0},"end":{"line":25,"column":10}},"26":{"start":{"line":27,"column":0},"end":{"line":27,"column":53}},"28":{"start":{"line":29,"column":0},"end":{"line":29,"column":12}},"29":{"start":{"line":30,"column":0},"end":{"line":30,"column":10}},"31":{"start":{"line":32,"column":0},"end":{"line":32,"column":2}}},"s":{"0":1,"8":1,"9":9,"10":9,"11":9,"12":1,"13":1,"14":9,"15":9,"16":9,"17":9,"18":9,"19":4,"20":4,"21":4,"22":4,"23":4,"24":4,"26":5,"28":9,"29":9,"31":9},"branchMap":{"0":{"type":"branch","line":9,"loc":{"start":{"line":9,"column":35},"end":{"line":32,"column":2}},"locations":[{"start":{"line":9,"column":35},"end":{"line":32,"column":2}}]},"1":{"type":"branch","line":19,"loc":{"start":{"line":19,"column":26},"end":{"line":25,"column":10}},"locations":[{"start":{"line":19,"column":26},"end":{"line":25,"column":10}}]},"2":{"type":"branch","line":25,"loc":{"start":{"line":25,"column":9},"end":{"line":27,"column":53}},"locations":[{"start":{"line":25,"column":9},"end":{"line":27,"column":53}}]},"3":{"type":"branch","line":12,"loc":{"start":{"line":12,"column":25},"end":{"line":14,"column":4}},"locations":[{"start":{"line":12,"column":25},"end":{"line":14,"column":4}}]},"4":{"type":"branch","line":19,"loc":{"start":{"line":19,"column":44},"end":{"line":24,"column":12}},"locations":[{"start":{"line":19,"column":44},"end":{"line":24,"column":12}}]},"5":{"type":"branch","line":23,"loc":{"start":{"line":23,"column":21},"end":{"line":23,"column":59}},"locations":[{"start":{"line":23,"column":21},"end":{"line":23,"column":59}}]}},"b":{"0":[9],"1":[4],"2":[5],"3":[1],"4":[4],"5":[1]},"fnMap":{"0":{"name":"PokemonFavoriteList","decl":{"start":{"line":9,"column":35},"end":{"line":32,"column":2}},"loc":{"start":{"line":9,"column":35},"end":{"line":32,"column":2}},"line":9},"1":{"name":"handleNavigate","decl":{"start":{"line":12,"column":25},"end":{"line":14,"column":4}},"loc":{"start":{"line":12,"column":25},"end":{"line":14,"column":4}},"line":12},"2":{"name":"onClick","decl":{"start":{"line":23,"column":21},"end":{"line":23,"column":59}},"loc":{"start":{"line":23,"column":21},"end":{"line":23,"column":59}},"line":23}},"f":{"0":9,"1":1,"2":1}}
,"/Users/mobdev/Documents/Desafio/pokedex/src/components/PokemonList.tsx": {"path":"/Users/mobdev/Documents/Desafio/pokedex/src/components/PokemonList.tsx","all":false,"statementMap":{"0":{"start":{"line":1,"column":0},"end":{"line":1,"column":0}},"7":{"start":{"line":8,"column":0},"end":{"line":8,"column":34}},"10":{"start":{"line":11,"column":0},"end":{"line":11,"column":33}},"11":{"start":{"line":12,"column":0},"end":{"line":12,"column":41}},"12":{"start":{"line":13,"column":0},"end":{"line":13,"column":48}},"13":{"start":{"line":14,"column":0},"end":{"line":14,"column":40}},"14":{"start":{"line":15,"column":0},"end":{"line":15,"column":4}},"18":{"start":{"line":19,"column":0},"end":{"line":19,"column":10}},"19":{"start":{"line":20,"column":0},"end":{"line":20,"column":8}},"20":{"start":{"line":21,"column":0},"end":{"line":21,"column":38}},"21":{"start":{"line":22,"column":0},"end":{"line":22,"column":87}},"23":{"start":{"line":24,"column":0},"end":{"line":24,"column":78}},"24":{"start":{"line":25,"column":0},"end":{"line":25,"column":36}},"26":{"start":{"line":27,"column":0},"end":{"line":27,"column":17}},"27":{"start":{"line":28,"column":0},"end":{"line":28,"column":32}},"28":{"start":{"line":29,"column":0},"end":{"line":29,"column":31}},"29":{"start":{"line":30,"column":0},"end":{"line":30,"column":53}},"30":{"start":{"line":31,"column":0},"end":{"line":31,"column":14}},"32":{"start":{"line":33,"column":0},"end":{"line":33,"column":11}},"33":{"start":{"line":34,"column":0},"end":{"line":34,"column":12}},"34":{"start":{"line":35,"column":0},"end":{"line":35,"column":10}},"36":{"start":{"line":37,"column":0},"end":{"line":37,"column":2}}},"s":{"0":1,"7":1,"10":25,"11":25,"12":25,"13":1,"14":1,"18":25,"19":25,"20":25,"21":25,"23":25,"24":25,"26":67,"27":67,"28":67,"29":67,"30":67,"32":25,"33":25,"34":25,"36":25},"branchMap":{"0":{"type":"branch","line":8,"loc":{"start":{"line":8,"column":27},"end":{"line":37,"column":2}},"locations":[{"start":{"line":8,"column":27},"end":{"line":37,"column":2}}]},"1":{"type":"branch","line":13,"loc":{"start":{"line":13,"column":25},"end":{"line":15,"column":4}},"locations":[{"start":{"line":13,"column":25},"end":{"line":15,"column":4}}]},"2":{"type":"branch","line":25,"loc":{"start":{"line":25,"column":22},"end":{"line":31,"column":14}},"locations":[{"start":{"line":25,"column":22},"end":{"line":31,"column":14}}]},"3":{"type":"branch","line":30,"loc":{"start":{"line":30,"column":23},"end":{"line":30,"column":53}},"locations":[{"start":{"line":30,"column":23},"end":{"line":30,"column":53}}]}},"b":{"0":[25],"1":[1],"2":[67],"3":[1]},"fnMap":{"0":{"name":"PokemonList","decl":{"start":{"line":8,"column":27},"end":{"line":37,"column":2}},"loc":{"start":{"line":8,"column":27},"end":{"line":37,"column":2}},"line":8},"1":{"name":"handleNavigate","decl":{"start":{"line":13,"column":25},"end":{"line":15,"column":4}},"loc":{"start":{"line":13,"column":25},"end":{"line":15,"column":4}},"line":13},"2":{"name":"onClick","decl":{"start":{"line":30,"column":23},"end":{"line":30,"column":53}},"loc":{"start":{"line":30,"column":23},"end":{"line":30,"column":53}},"line":30}},"f":{"0":25,"1":1,"2":1}}
,"/Users/mobdev/Documents/Desafio/pokedex/src/components/Search.tsx": {"path":"/Users/mobdev/Documents/Desafio/pokedex/src/components/Search.tsx","all":false,"statementMap":{"0":{"start":{"line":1,"column":0},"end":{"line":1,"column":48}},"7":{"start":{"line":8,"column":0},"end":{"line":8,"column":52}},"8":{"start":{"line":9,"column":0},"end":{"line":9,"column":50}},"9":{"start":{"line":10,"column":0},"end":{"line":10,"column":71}},"10":{"start":{"line":11,"column":0},"end":{"line":11,"column":46}},"12":{"start":{"line":13,"column":0},"end":{"line":13,"column":24}},"13":{"start":{"line":14,"column":0},"end":{"line":14,"column":62}},"14":{"start":{"line":15,"column":0},"end":{"line":15,"column":8}},"15":{"start":{"line":16,"column":0},"end":{"line":16,"column":23}},"16":{"start":{"line":17,"column":0},"end":{"line":17,"column":53}},"18":{"start":{"line":19,"column":0},"end":{"line":19,"column":40}},"19":{"start":{"line":20,"column":0},"end":{"line":20,"column":21}},"20":{"start":{"line":21,"column":0},"end":{"line":21,"column":32}},"21":{"start":{"line":22,"column":0},"end":{"line":22,"column":5}},"22":{"start":{"line":23,"column":0},"end":{"line":23,"column":4}},"24":{"start":{"line":25,"column":0},"end":{"line":25,"column":72}},"25":{"start":{"line":26,"column":0},"end":{"line":26,"column":52}},"26":{"start":{"line":27,"column":0},"end":{"line":27,"column":35}},"27":{"start":{"line":28,"column":0},"end":{"line":28,"column":21}},"28":{"start":{"line":29,"column":0},"end":{"line":29,"column":4}},"30":{"start":{"line":31,"column":0},"end":{"line":31,"column":26}},"31":{"start":{"line":32,"column":0},"end":{"line":32,"column":62}},"32":{"start":{"line":33,"column":0},"end":{"line":33,"column":8}},"33":{"start":{"line":34,"column":0},"end":{"line":34,"column":23}},"34":{"start":{"line":35,"column":0},"end":{"line":35,"column":23}},"35":{"start":{"line":36,"column":0},"end":{"line":36,"column":4}},"38":{"start":{"line":39,"column":0},"end":{"line":39,"column":10}},"39":{"start":{"line":40,"column":0},"end":{"line":40,"column":42}},"40":{"start":{"line":41,"column":0},"end":{"line":41,"column":32}},"41":{"start":{"line":42,"column":0},"end":{"line":42,"column":93}},"42":{"start":{"line":43,"column":0},"end":{"line":43,"column":17}},"43":{"start":{"line":44,"column":0},"end":{"line":44,"column":36}},"44":{"start":{"line":45,"column":0},"end":{"line":45,"column":43}},"45":{"start":{"line":46,"column":0},"end":{"line":46,"column":327}},"47":{"start":{"line":48,"column":0},"end":{"line":48,"column":36}},"48":{"start":{"line":49,"column":0},"end":{"line":49,"column":51}},"49":{"start":{"line":50,"column":0},"end":{"line":50,"column":19}},"50":{"start":{"line":51,"column":0},"end":{"line":51,"column":22}},"51":{"start":{"line":52,"column":0},"end":{"line":52,"column":16}},"52":{"start":{"line":53,"column":0},"end":{"line":53,"column":43}},"53":{"start":{"line":54,"column":0},"end":{"line":54,"column":112}},"55":{"start":{"line":56,"column":0},"end":{"line":56,"column":17}},"56":{"start":{"line":57,"column":0},"end":{"line":57,"column":31}},"57":{"start":{"line":58,"column":0},"end":{"line":58,"column":88}},"58":{"start":{"line":59,"column":0},"end":{"line":59,"column":56}},"59":{"start":{"line":60,"column":0},"end":{"line":60,"column":15}},"61":{"start":{"line":62,"column":0},"end":{"line":62,"column":19}},"62":{"start":{"line":63,"column":0},"end":{"line":63,"column":17}},"63":{"start":{"line":64,"column":0},"end":{"line":64,"column":31}},"64":{"start":{"line":65,"column":0},"end":{"line":65,"column":88}},"65":{"start":{"line":66,"column":0},"end":{"line":66,"column":56}},"66":{"start":{"line":67,"column":0},"end":{"line":67,"column":15}},"68":{"start":{"line":69,"column":0},"end":{"line":69,"column":19}},"69":{"start":{"line":70,"column":0},"end":{"line":70,"column":18}},"71":{"start":{"line":72,"column":0},"end":{"line":72,"column":53}},"72":{"start":{"line":73,"column":0},"end":{"line":73,"column":18}},"73":{"start":{"line":74,"column":0},"end":{"line":74,"column":26}},"74":{"start":{"line":75,"column":0},"end":{"line":75,"column":25}},"75":{"start":{"line":76,"column":0},"end":{"line":76,"column":34}},"76":{"start":{"line":77,"column":0},"end":{"line":77,"column":266}},"77":{"start":{"line":78,"column":0},"end":{"line":78,"column":37}},"78":{"start":{"line":79,"column":0},"end":{"line":79,"column":22}},"79":{"start":{"line":80,"column":0},"end":{"line":80,"column":14}},"80":{"start":{"line":81,"column":0},"end":{"line":81,"column":19}},"81":{"start":{"line":82,"column":0},"end":{"line":82,"column":41}},"82":{"start":{"line":83,"column":0},"end":{"line":83,"column":271}},"83":{"start":{"line":84,"column":0},"end":{"line":84,"column":46}},"85":{"start":{"line":86,"column":0},"end":{"line":86,"column":18}},"86":{"start":{"line":87,"column":0},"end":{"line":87,"column":35}},"87":{"start":{"line":88,"column":0},"end":{"line":88,"column":34}},"88":{"start":{"line":89,"column":0},"end":{"line":89,"column":50}},"89":{"start":{"line":90,"column":0},"end":{"line":90,"column":27}},"90":{"start":{"line":91,"column":0},"end":{"line":91,"column":35}},"92":{"start":{"line":93,"column":0},"end":{"line":93,"column":21}},"93":{"start":{"line":94,"column":0},"end":{"line":94,"column":39}},"94":{"start":{"line":95,"column":0},"end":{"line":95,"column":39}},"95":{"start":{"line":96,"column":0},"end":{"line":96,"column":40}},"96":{"start":{"line":97,"column":0},"end":{"line":97,"column":33}},"97":{"start":{"line":98,"column":0},"end":{"line":98,"column":66}},"98":{"start":{"line":99,"column":0},"end":{"line":99,"column":18}},"99":{"start":{"line":100,"column":0},"end":{"line":100,"column":20}},"100":{"start":{"line":101,"column":0},"end":{"line":101,"column":53}},"101":{"start":{"line":102,"column":0},"end":{"line":102,"column":21}},"102":{"start":{"line":103,"column":0},"end":{"line":103,"column":16}},"103":{"start":{"line":104,"column":0},"end":{"line":104,"column":14}},"104":{"start":{"line":105,"column":0},"end":{"line":105,"column":13}},"105":{"start":{"line":106,"column":0},"end":{"line":106,"column":10}},"107":{"start":{"line":108,"column":0},"end":{"line":108,"column":2}}},"s":{"0":1,"7":1,"8":53,"9":53,"10":53,"12":53,"13":4,"14":4,"15":4,"16":4,"18":4,"19":4,"20":3,"21":3,"22":4,"24":53,"25":5,"26":5,"27":5,"28":5,"30":53,"31":6,"32":6,"33":6,"34":6,"35":6,"38":53,"39":53,"40":53,"41":53,"42":53,"43":53,"44":53,"45":53,"47":53,"48":53,"49":53,"50":53,"51":6,"52":6,"53":6,"55":6,"56":6,"57":6,"58":6,"59":6,"61":6,"62":6,"63":6,"64":6,"65":6,"66":6,"68":6,"69":6,"71":53,"72":53,"73":53,"74":53,"75":53,"76":53,"77":53,"78":53,"79":53,"80":53,"81":53,"82":53,"83":53,"85":53,"86":53,"87":53,"88":53,"89":53,"90":53,"92":53,"93":53,"94":53,"95":53,"96":53,"97":53,"98":53,"99":53,"100":53,"101":53,"102":53,"103":53,"104":53,"105":53,"107":53},"branchMap":{"0":{"type":"branch","line":8,"loc":{"start":{"line":8,"column":22},"end":{"line":108,"column":2}},"locations":[{"start":{"line":8,"column":22},"end":{"line":108,"column":2}}]},"1":{"type":"branch","line":48,"loc":{"start":{"line":48,"column":13},"end":{"line":48,"column":36}},"locations":[{"start":{"line":48,"column":13},"end":{"line":48,"column":36}}]},"2":{"type":"branch","line":51,"loc":{"start":{"line":51,"column":11},"end":{"line":70,"column":18}},"locations":[{"start":{"line":51,"column":11},"end":{"line":70,"column":18}}]},"3":{"type":"branch","line":13,"loc":{"start":{"line":13,"column":23},"end":{"line":23,"column":4}},"locations":[{"start":{"line":13,"column":23},"end":{"line":23,"column":4}}]},"4":{"type":"branch","line":17,"loc":{"start":{"line":17,"column":41},"end":{"line":17,"column":53}},"locations":[{"start":{"line":17,"column":41},"end":{"line":17,"column":53}}]},"5":{"type":"branch","line":20,"loc":{"start":{"line":20,"column":20},"end":{"line":22,"column":5}},"locations":[{"start":{"line":20,"column":20},"end":{"line":22,"column":5}}]},"6":{"type":"branch","line":25,"loc":{"start":{"line":25,"column":31},"end":{"line":29,"column":4}},"locations":[{"start":{"line":25,"column":31},"end":{"line":29,"column":4}}]},"7":{"type":"branch","line":31,"loc":{"start":{"line":31,"column":25},"end":{"line":36,"column":4}},"locations":[{"start":{"line":31,"column":25},"end":{"line":36,"column":4}}]},"8":{"type":"branch","line":59,"loc":{"start":{"line":59,"column":25},"end":{"line":59,"column":56}},"locations":[{"start":{"line":59,"column":25},"end":{"line":59,"column":56}}]},"9":{"type":"branch","line":84,"loc":{"start":{"line":84,"column":23},"end":{"line":84,"column":46}},"locations":[{"start":{"line":84,"column":23},"end":{"line":84,"column":46}}]}},"b":{"0":[53],"1":[42],"2":[6],"3":[4],"4":[1],"5":[3],"6":[5],"7":[6],"8":[5],"9":[4]},"fnMap":{"0":{"name":"Search","decl":{"start":{"line":8,"column":22},"end":{"line":108,"column":2}},"loc":{"start":{"line":8,"column":22},"end":{"line":108,"column":2}},"line":8},"1":{"name":"handleSubmit","decl":{"start":{"line":13,"column":23},"end":{"line":23,"column":4}},"loc":{"start":{"line":13,"column":23},"end":{"line":23,"column":4}},"line":13},"2":{"name":"handleOptionSelected","decl":{"start":{"line":25,"column":31},"end":{"line":29,"column":4}},"loc":{"start":{"line":25,"column":31},"end":{"line":29,"column":4}},"line":25},"3":{"name":"toggleDropdown","decl":{"start":{"line":31,"column":25},"end":{"line":36,"column":4}},"loc":{"start":{"line":31,"column":25},"end":{"line":36,"column":4}},"line":31},"4":{"name":"onClick","decl":{"start":{"line":59,"column":25},"end":{"line":59,"column":56}},"loc":{"start":{"line":59,"column":25},"end":{"line":59,"column":56}},"line":59},"5":{"name":"onClick","decl":{"start":{"line":66,"column":25},"end":{"line":66,"column":56}},"loc":{"start":{"line":66,"column":25},"end":{"line":66,"column":56}},"line":66},"6":{"name":"onClick","decl":{"start":{"line":84,"column":23},"end":{"line":84,"column":46}},"loc":{"start":{"line":84,"column":23},"end":{"line":84,"column":46}},"line":84}},"f":{"0":53,"1":4,"2":5,"3":6,"4":5,"5":0,"6":4}}
,"/Users/mobdev/Documents/Desafio/pokedex/src/components/index.ts": {"path":"/Users/mobdev/Documents/Desafio/pokedex/src/components/index.ts","all":false,"statementMap":{"0":{"start":{"line":1,"column":0},"end":{"line":1,"column":34}}},"s":{"0":1},"branchMap":{},"b":{},"fnMap":{},"f":{}}
,"/Users/mobdev/Documents/Desafio/pokedex/src/hooks/useFetchPokemons.ts": {"path":"/Users/mobdev/Documents/Desafio/pokedex/src/hooks/useFetchPokemons.ts","all":false,"statementMap":{"0":{"start":{"line":1,"column":0},"end":{"line":1,"column":36}},"1":{"start":{"line":2,"column":0},"end":{"line":2,"column":52}},"2":{"start":{"line":3,"column":0},"end":{"line":3,"column":63}},"3":{"start":{"line":4,"column":0},"end":{"line":4,"column":56}},"6":{"start":{"line":7,"column":0},"end":{"line":7,"column":29}},"8":{"start":{"line":9,"column":0},"end":{"line":9,"column":71}},"9":{"start":{"line":10,"column":0},"end":{"line":10,"column":58}},"11":{"start":{"line":12,"column":0},"end":{"line":12,"column":51}},"12":{"start":{"line":13,"column":0},"end":{"line":13,"column":25}},"13":{"start":{"line":14,"column":0},"end":{"line":14,"column":56}},"14":{"start":{"line":15,"column":0},"end":{"line":15,"column":55}},"15":{"start":{"line":16,"column":0},"end":{"line":16,"column":43}},"16":{"start":{"line":17,"column":0},"end":{"line":17,"column":49}},"17":{"start":{"line":18,"column":0},"end":{"line":18,"column":35}},"18":{"start":{"line":19,"column":0},"end":{"line":19,"column":26}},"19":{"start":{"line":20,"column":0},"end":{"line":20,"column":80}},"21":{"start":{"line":22,"column":0},"end":{"line":22,"column":28}},"22":{"start":{"line":23,"column":0},"end":{"line":23,"column":1}},"24":{"start":{"line":25,"column":0},"end":{"line":25,"column":31}}},"s":{"0":1,"1":1,"2":1,"3":1,"6":1,"8":38,"9":38,"11":38,"12":10,"13":10,"14":8,"15":8,"16":8,"17":8,"18":8,"19":38,"21":38,"22":38,"24":1},"branchMap":{"0":{"type":"branch","line":7,"loc":{"start":{"line":7,"column":24},"end":{"line":23,"column":1}},"locations":[{"start":{"line":7,"column":24},"end":{"line":23,"column":1}}]},"1":{"type":"branch","line":12,"loc":{"start":{"line":12,"column":38},"end":{"line":20,"column":9}},"locations":[{"start":{"line":12,"column":38},"end":{"line":20,"column":9}}]},"2":{"type":"branch","line":14,"loc":{"start":{"line":14,"column":54},"end":{"line":19,"column":26}},"locations":[{"start":{"line":14,"column":54},"end":{"line":19,"column":26}}]}},"b":{"0":[38],"1":[10],"2":[8]},"fnMap":{"0":{"name":"useFetchPokemons","decl":{"start":{"line":7,"column":24},"end":{"line":23,"column":1}},"loc":{"start":{"line":7,"column":24},"end":{"line":23,"column":1}},"line":7}},"f":{"0":38}}
,"/Users/mobdev/Documents/Desafio/pokedex/src/hooks/usePaginator.ts": {"path":"/Users/mobdev/Documents/Desafio/pokedex/src/hooks/usePaginator.ts","all":false,"statementMap":{"0":{"start":{"line":1,"column":0},"end":{"line":1,"column":36}},"1":{"start":{"line":2,"column":0},"end":{"line":2,"column":56}},"2":{"start":{"line":3,"column":0},"end":{"line":3,"column":52}},"9":{"start":{"line":10,"column":0},"end":{"line":10,"column":62}},"10":{"start":{"line":11,"column":0},"end":{"line":11,"column":49}},"12":{"start":{"line":13,"column":0},"end":{"line":13,"column":56}},"14":{"start":{"line":15,"column":0},"end":{"line":15,"column":38}},"15":{"start":{"line":16,"column":0},"end":{"line":16,"column":31}},"16":{"start":{"line":17,"column":0},"end":{"line":17,"column":23}},"17":{"start":{"line":18,"column":0},"end":{"line":18,"column":29}},"18":{"start":{"line":19,"column":0},"end":{"line":19,"column":45}},"19":{"start":{"line":20,"column":0},"end":{"line":20,"column":29}},"20":{"start":{"line":21,"column":0},"end":{"line":21,"column":24}},"21":{"start":{"line":22,"column":0},"end":{"line":22,"column":6}},"22":{"start":{"line":23,"column":0},"end":{"line":23,"column":58}},"23":{"start":{"line":24,"column":0},"end":{"line":24,"column":4}},"25":{"start":{"line":26,"column":0},"end":{"line":26,"column":25}},"26":{"start":{"line":27,"column":0},"end":{"line":27,"column":2}},"28":{"start":{"line":29,"column":0},"end":{"line":29,"column":28}}},"s":{"0":1,"1":1,"2":1,"9":1,"10":38,"12":38,"14":38,"15":38,"16":1,"17":1,"18":1,"19":1,"20":1,"21":1,"22":38,"23":38,"25":38,"26":38,"28":1},"branchMap":{"0":{"type":"branch","line":10,"loc":{"start":{"line":10,"column":21},"end":{"line":27,"column":2}},"locations":[{"start":{"line":10,"column":21},"end":{"line":27,"column":2}}]},"1":{"type":"branch","line":16,"loc":{"start":{"line":16,"column":4},"end":{"line":22,"column":6}},"locations":[{"start":{"line":16,"column":4},"end":{"line":22,"column":6}}]}},"b":{"0":[38],"1":[1]},"fnMap":{"0":{"name":"usePaginator","decl":{"start":{"line":10,"column":21},"end":{"line":27,"column":2}},"loc":{"start":{"line":10,"column":21},"end":{"line":27,"column":2}},"line":10}},"f":{"0":38}}
,"/Users/mobdev/Documents/Desafio/pokedex/src/hooks/usePokemonSearch.ts": {"path":"/Users/mobdev/Documents/Desafio/pokedex/src/hooks/usePokemonSearch.ts","all":false,"statementMap":{"0":{"start":{"line":1,"column":0},"end":{"line":1,"column":36}},"2":{"start":{"line":3,"column":0},"end":{"line":3,"column":61}},"3":{"start":{"line":4,"column":0},"end":{"line":4,"column":52}},"4":{"start":{"line":5,"column":0},"end":{"line":5,"column":56}},"10":{"start":{"line":11,"column":0},"end":{"line":11,"column":72}},"11":{"start":{"line":12,"column":0},"end":{"line":12,"column":48}},"13":{"start":{"line":14,"column":0},"end":{"line":14,"column":71}},"15":{"start":{"line":16,"column":0},"end":{"line":16,"column":35}},"16":{"start":{"line":17,"column":0},"end":{"line":17,"column":76}},"17":{"start":{"line":18,"column":0},"end":{"line":18,"column":23}},"18":{"start":{"line":19,"column":0},"end":{"line":19,"column":18}},"19":{"start":{"line":20,"column":0},"end":{"line":20,"column":30}},"20":{"start":{"line":21,"column":0},"end":{"line":21,"column":26}},"21":{"start":{"line":22,"column":0},"end":{"line":22,"column":15}},"22":{"start":{"line":23,"column":0},"end":{"line":23,"column":7}},"24":{"start":{"line":25,"column":0},"end":{"line":25,"column":33}},"25":{"start":{"line":26,"column":0},"end":{"line":26,"column":42}},"26":{"start":{"line":27,"column":0},"end":{"line":27,"column":67}},"27":{"start":{"line":28,"column":0},"end":{"line":28,"column":51}},"28":{"start":{"line":29,"column":0},"end":{"line":29,"column":10}},"29":{"start":{"line":30,"column":0},"end":{"line":30,"column":46}},"30":{"start":{"line":31,"column":0},"end":{"line":31,"column":37}},"31":{"start":{"line":32,"column":0},"end":{"line":32,"column":7}},"33":{"start":{"line":34,"column":0},"end":{"line":34,"column":33}},"34":{"start":{"line":35,"column":0},"end":{"line":35,"column":52}},"35":{"start":{"line":36,"column":0},"end":{"line":36,"column":61}},"36":{"start":{"line":37,"column":0},"end":{"line":37,"column":52}},"37":{"start":{"line":38,"column":0},"end":{"line":38,"column":7}},"39":{"start":{"line":40,"column":0},"end":{"line":40,"column":24}},"40":{"start":{"line":41,"column":0},"end":{"line":41,"column":6}},"41":{"start":{"line":42,"column":0},"end":{"line":42,"column":74}},"42":{"start":{"line":43,"column":0},"end":{"line":43,"column":4}},"44":{"start":{"line":45,"column":0},"end":{"line":45,"column":26}},"45":{"start":{"line":46,"column":0},"end":{"line":46,"column":2}},"47":{"start":{"line":48,"column":0},"end":{"line":48,"column":32}}},"s":{"0":1,"2":1,"3":1,"4":1,"10":1,"11":38,"13":38,"15":38,"16":38,"17":3,"18":3,"19":1,"20":1,"21":1,"22":1,"24":3,"25":1,"26":1,"27":3,"28":1,"29":1,"30":1,"31":1,"33":3,"34":1,"35":1,"36":1,"37":1,"39":2,"40":3,"41":38,"42":38,"44":38,"45":38,"47":1},"branchMap":{"0":{"type":"branch","line":11,"loc":{"start":{"line":11,"column":25},"end":{"line":46,"column":2}},"locations":[{"start":{"line":11,"column":25},"end":{"line":46,"column":2}}]},"1":{"type":"branch","line":17,"loc":{"start":{"line":17,"column":4},"end":{"line":41,"column":6}},"locations":[{"start":{"line":17,"column":4},"end":{"line":41,"column":6}}]},"2":{"type":"branch","line":19,"loc":{"start":{"line":19,"column":17},"end":{"line":23,"column":7}},"locations":[{"start":{"line":19,"column":17},"end":{"line":23,"column":7}}]},"3":{"type":"branch","line":23,"loc":{"start":{"line":23,"column":6},"end":{"line":25,"column":32}},"locations":[{"start":{"line":23,"column":6},"end":{"line":25,"column":32}}]},"4":{"type":"branch","line":25,"loc":{"start":{"line":25,"column":32},"end":{"line":32,"column":7}},"locations":[{"start":{"line":25,"column":32},"end":{"line":32,"column":7}}]},"5":{"type":"branch","line":32,"loc":{"start":{"line":32,"column":6},"end":{"line":34,"column":32}},"locations":[{"start":{"line":32,"column":6},"end":{"line":34,"column":32}}]},"6":{"type":"branch","line":34,"loc":{"start":{"line":34,"column":32},"end":{"line":38,"column":7}},"locations":[{"start":{"line":34,"column":32},"end":{"line":38,"column":7}}]},"7":{"type":"branch","line":38,"loc":{"start":{"line":38,"column":6},"end":{"line":40,"column":24}},"locations":[{"start":{"line":38,"column":6},"end":{"line":40,"column":24}}]},"8":{"type":"branch","line":27,"loc":{"start":{"line":27,"column":55},"end":{"line":28,"column":51}},"locations":[{"start":{"line":27,"column":55},"end":{"line":28,"column":51}}]}},"b":{"0":[38],"1":[3],"2":[1],"3":[2],"4":[1],"5":[2],"6":[1],"7":[2],"8":[3]},"fnMap":{"0":{"name":"usePokemonSearch","decl":{"start":{"line":11,"column":25},"end":{"line":46,"column":2}},"loc":{"start":{"line":11,"column":25},"end":{"line":46,"column":2}},"line":11}},"f":{"0":38}}
,"/Users/mobdev/Documents/Desafio/pokedex/src/layouts/DetialsLayout.tsx": {"path":"/Users/mobdev/Documents/Desafio/pokedex/src/layouts/DetialsLayout.tsx","all":false,"statementMap":{"0":{"start":{"line":1,"column":0},"end":{"line":1,"column":0}},"1":{"start":{"line":2,"column":0},"end":{"line":2,"column":41}},"4":{"start":{"line":5,"column":0},"end":{"line":5,"column":29}},"5":{"start":{"line":6,"column":0},"end":{"line":6,"column":10}},"6":{"start":{"line":7,"column":0},"end":{"line":7,"column":55}},"8":{"start":{"line":9,"column":0},"end":{"line":9,"column":17}},"9":{"start":{"line":10,"column":0},"end":{"line":10,"column":10}},"11":{"start":{"line":12,"column":0},"end":{"line":12,"column":1}},"13":{"start":{"line":14,"column":0},"end":{"line":14,"column":28}}},"s":{"0":1,"1":1,"4":1,"5":0,"6":0,"8":0,"9":0,"11":0,"13":1},"branchMap":{},"b":{},"fnMap":{"0":{"name":"DetialsLayout","decl":{"start":{"line":5,"column":22},"end":{"line":12,"column":1}},"loc":{"start":{"line":5,"column":22},"end":{"line":12,"column":1}},"line":5}},"f":{"0":0}}
,"/Users/mobdev/Documents/Desafio/pokedex/src/layouts/RootLayout.tsx": {"path":"/Users/mobdev/Documents/Desafio/pokedex/src/layouts/RootLayout.tsx","all":false,"statementMap":{"0":{"start":{"line":1,"column":0},"end":{"line":1,"column":0}},"2":{"start":{"line":3,"column":0},"end":{"line":3,"column":41}},"3":{"start":{"line":4,"column":0},"end":{"line":4,"column":38}},"5":{"start":{"line":6,"column":0},"end":{"line":6,"column":26}},"6":{"start":{"line":7,"column":0},"end":{"line":7,"column":10}},"7":{"start":{"line":8,"column":0},"end":{"line":8,"column":70}},"8":{"start":{"line":9,"column":0},"end":{"line":9,"column":13}},"9":{"start":{"line":10,"column":0},"end":{"line":10,"column":13}},"10":{"start":{"line":11,"column":0},"end":{"line":11,"column":10}},"12":{"start":{"line":13,"column":0},"end":{"line":13,"column":1}},"14":{"start":{"line":15,"column":0},"end":{"line":15,"column":25}}},"s":{"0":1,"2":1,"3":1,"5":1,"6":6,"7":6,"8":6,"9":6,"10":6,"12":6,"14":1},"branchMap":{"0":{"type":"branch","line":6,"loc":{"start":{"line":6,"column":19},"end":{"line":13,"column":1}},"locations":[{"start":{"line":6,"column":19},"end":{"line":13,"column":1}}]}},"b":{"0":[6]},"fnMap":{"0":{"name":"RootLayout","decl":{"start":{"line":6,"column":19},"end":{"line":13,"column":1}},"loc":{"start":{"line":6,"column":19},"end":{"line":13,"column":1}},"line":6}},"f":{"0":6}}
,"/Users/mobdev/Documents/Desafio/pokedex/src/pages/Details/index.tsx": {"path":"/Users/mobdev/Documents/Desafio/pokedex/src/pages/Details/index.tsx","all":false,"statementMap":{"0":{"start":{"line":1,"column":0},"end":{"line":1,"column":57}},"1":{"start":{"line":2,"column":0},"end":{"line":2,"column":58}},"2":{"start":{"line":3,"column":0},"end":{"line":3,"column":54}},"3":{"start":{"line":4,"column":0},"end":{"line":4,"column":55}},"4":{"start":{"line":5,"column":0},"end":{"line":5,"column":58}},"5":{"start":{"line":6,"column":0},"end":{"line":6,"column":47}},"7":{"start":{"line":8,"column":0},"end":{"line":8,"column":30}},"8":{"start":{"line":9,"column":0},"end":{"line":9,"column":31}},"9":{"start":{"line":10,"column":0},"end":{"line":10,"column":33}},"11":{"start":{"line":12,"column":0},"end":{"line":12,"column":9}},"12":{"start":{"line":13,"column":0},"end":{"line":13,"column":15}},"13":{"start":{"line":14,"column":0},"end":{"line":14,"column":12}},"14":{"start":{"line":15,"column":0},"end":{"line":15,"column":14}},"15":{"start":{"line":16,"column":0},"end":{"line":16,"column":15}},"16":{"start":{"line":17,"column":0},"end":{"line":17,"column":14}},"17":{"start":{"line":18,"column":0},"end":{"line":18,"column":17}},"18":{"start":{"line":19,"column":0},"end":{"line":19,"column":24}},"20":{"start":{"line":21,"column":0},"end":{"line":21,"column":44}},"22":{"start":{"line":23,"column":0},"end":{"line":23,"column":48}},"23":{"start":{"line":24,"column":0},"end":{"line":24,"column":21}},"24":{"start":{"line":25,"column":0},"end":{"line":25,"column":48}},"25":{"start":{"line":26,"column":0},"end":{"line":26,"column":26}},"26":{"start":{"line":27,"column":0},"end":{"line":27,"column":43}},"27":{"start":{"line":28,"column":0},"end":{"line":28,"column":22}},"28":{"start":{"line":29,"column":0},"end":{"line":29,"column":37}},"30":{"start":{"line":31,"column":0},"end":{"line":31,"column":33}},"31":{"start":{"line":32,"column":0},"end":{"line":32,"column":57}},"32":{"start":{"line":33,"column":0},"end":{"line":33,"column":27}},"33":{"start":{"line":34,"column":0},"end":{"line":34,"column":4}},"35":{"start":{"line":36,"column":0},"end":{"line":36,"column":19}},"36":{"start":{"line":37,"column":0},"end":{"line":37,"column":19}},"37":{"start":{"line":38,"column":0},"end":{"line":38,"column":21}},"39":{"start":{"line":40,"column":0},"end":{"line":40,"column":19}},"40":{"start":{"line":41,"column":0},"end":{"line":41,"column":17}},"41":{"start":{"line":42,"column":0},"end":{"line":42,"column":19}},"43":{"start":{"line":44,"column":0},"end":{"line":44,"column":10}},"44":{"start":{"line":45,"column":0},"end":{"line":45,"column":8}},"45":{"start":{"line":46,"column":0},"end":{"line":46,"column":34}},"46":{"start":{"line":47,"column":0},"end":{"line":47,"column":75}},"48":{"start":{"line":49,"column":0},"end":{"line":49,"column":99}},"49":{"start":{"line":50,"column":0},"end":{"line":50,"column":39}},"50":{"start":{"line":51,"column":0},"end":{"line":51,"column":142}},"52":{"start":{"line":53,"column":0},"end":{"line":53,"column":16}},"54":{"start":{"line":55,"column":0},"end":{"line":55,"column":62}},"55":{"start":{"line":56,"column":0},"end":{"line":56,"column":140}},"56":{"start":{"line":57,"column":0},"end":{"line":57,"column":31}},"57":{"start":{"line":58,"column":0},"end":{"line":58,"column":24}},"58":{"start":{"line":59,"column":0},"end":{"line":59,"column":40}},"59":{"start":{"line":60,"column":0},"end":{"line":60,"column":68}},"60":{"start":{"line":61,"column":0},"end":{"line":61,"column":55}},"61":{"start":{"line":62,"column":0},"end":{"line":62,"column":18}},"63":{"start":{"line":64,"column":0},"end":{"line":64,"column":31}},"64":{"start":{"line":65,"column":0},"end":{"line":65,"column":43}},"65":{"start":{"line":66,"column":0},"end":{"line":66,"column":68}},"66":{"start":{"line":67,"column":0},"end":{"line":67,"column":55}},"67":{"start":{"line":68,"column":0},"end":{"line":68,"column":18}},"69":{"start":{"line":70,"column":0},"end":{"line":70,"column":18}},"71":{"start":{"line":72,"column":0},"end":{"line":72,"column":91}},"72":{"start":{"line":73,"column":0},"end":{"line":73,"column":48}},"73":{"start":{"line":74,"column":0},"end":{"line":74,"column":78}},"74":{"start":{"line":75,"column":0},"end":{"line":75,"column":32}},"75":{"start":{"line":76,"column":0},"end":{"line":76,"column":72}},"76":{"start":{"line":77,"column":0},"end":{"line":77,"column":48}},"77":{"start":{"line":78,"column":0},"end":{"line":78,"column":20}},"78":{"start":{"line":79,"column":0},"end":{"line":79,"column":105}},"79":{"start":{"line":80,"column":0},"end":{"line":80,"column":34}},"80":{"start":{"line":81,"column":0},"end":{"line":81,"column":24}},"81":{"start":{"line":82,"column":0},"end":{"line":82,"column":95}},"82":{"start":{"line":83,"column":0},"end":{"line":83,"column":34}},"83":{"start":{"line":84,"column":0},"end":{"line":84,"column":24}},"84":{"start":{"line":85,"column":0},"end":{"line":85,"column":22}},"86":{"start":{"line":87,"column":0},"end":{"line":87,"column":75}},"87":{"start":{"line":88,"column":0},"end":{"line":88,"column":22}},"88":{"start":{"line":89,"column":0},"end":{"line":89,"column":80}},"89":{"start":{"line":90,"column":0},"end":{"line":90,"column":62}},"90":{"start":{"line":91,"column":0},"end":{"line":91,"column":77}},"91":{"start":{"line":92,"column":0},"end":{"line":92,"column":20}},"92":{"start":{"line":93,"column":0},"end":{"line":93,"column":22}},"94":{"start":{"line":95,"column":0},"end":{"line":95,"column":21}},"95":{"start":{"line":96,"column":0},"end":{"line":96,"column":66}},"96":{"start":{"line":97,"column":0},"end":{"line":97,"column":50}},"97":{"start":{"line":98,"column":0},"end":{"line":98,"column":26}},"98":{"start":{"line":99,"column":0},"end":{"line":99,"column":45}},"99":{"start":{"line":100,"column":0},"end":{"line":100,"column":39}},"100":{"start":{"line":101,"column":0},"end":{"line":101,"column":196}},"102":{"start":{"line":103,"column":0},"end":{"line":103,"column":75}},"103":{"start":{"line":104,"column":0},"end":{"line":104,"column":28}},"104":{"start":{"line":105,"column":0},"end":{"line":105,"column":23}},"105":{"start":{"line":106,"column":0},"end":{"line":106,"column":24}},"106":{"start":{"line":107,"column":0},"end":{"line":107,"column":22}},"107":{"start":{"line":108,"column":0},"end":{"line":108,"column":20}},"108":{"start":{"line":109,"column":0},"end":{"line":109,"column":73}},"110":{"start":{"line":111,"column":0},"end":{"line":111,"column":18}},"111":{"start":{"line":112,"column":0},"end":{"line":112,"column":126}},"112":{"start":{"line":113,"column":0},"end":{"line":113,"column":75}},"113":{"start":{"line":114,"column":0},"end":{"line":114,"column":65}},"114":{"start":{"line":115,"column":0},"end":{"line":115,"column":105}},"115":{"start":{"line":116,"column":0},"end":{"line":116,"column":39}},"116":{"start":{"line":117,"column":0},"end":{"line":117,"column":25}},"117":{"start":{"line":118,"column":0},"end":{"line":118,"column":22}},"118":{"start":{"line":119,"column":0},"end":{"line":119,"column":75}},"119":{"start":{"line":120,"column":0},"end":{"line":120,"column":65}},"120":{"start":{"line":121,"column":0},"end":{"line":121,"column":77}},"121":{"start":{"line":122,"column":0},"end":{"line":122,"column":38}},"122":{"start":{"line":123,"column":0},"end":{"line":123,"column":25}},"123":{"start":{"line":124,"column":0},"end":{"line":124,"column":22}},"124":{"start":{"line":125,"column":0},"end":{"line":125,"column":75}},"125":{"start":{"line":126,"column":0},"end":{"line":126,"column":68}},"126":{"start":{"line":127,"column":0},"end":{"line":127,"column":125}},"127":{"start":{"line":128,"column":0},"end":{"line":128,"column":57}},"128":{"start":{"line":129,"column":0},"end":{"line":129,"column":75}},"129":{"start":{"line":130,"column":0},"end":{"line":130,"column":46}},"130":{"start":{"line":131,"column":0},"end":{"line":131,"column":26}},"131":{"start":{"line":132,"column":0},"end":{"line":132,"column":23}},"132":{"start":{"line":133,"column":0},"end":{"line":133,"column":24}},"133":{"start":{"line":134,"column":0},"end":{"line":134,"column":22}},"134":{"start":{"line":135,"column":0},"end":{"line":135,"column":20}},"136":{"start":{"line":137,"column":0},"end":{"line":137,"column":73}},"137":{"start":{"line":138,"column":0},"end":{"line":138,"column":91}},"138":{"start":{"line":139,"column":0},"end":{"line":139,"column":20}},"139":{"start":{"line":140,"column":0},"end":{"line":140,"column":81}},"140":{"start":{"line":141,"column":0},"end":{"line":141,"column":19}},"142":{"start":{"line":143,"column":0},"end":{"line":143,"column":22}},"143":{"start":{"line":144,"column":0},"end":{"line":144,"column":66}},"144":{"start":{"line":145,"column":0},"end":{"line":145,"column":24}},"145":{"start":{"line":146,"column":0},"end":{"line":146,"column":57}},"146":{"start":{"line":147,"column":0},"end":{"line":147,"column":52}},"147":{"start":{"line":148,"column":0},"end":{"line":148,"column":70}},"148":{"start":{"line":149,"column":0},"end":{"line":149,"column":22}},"149":{"start":{"line":150,"column":0},"end":{"line":150,"column":24}},"150":{"start":{"line":151,"column":0},"end":{"line":151,"column":56}},"151":{"start":{"line":152,"column":0},"end":{"line":152,"column":52}},"152":{"start":{"line":153,"column":0},"end":{"line":153,"column":70}},"153":{"start":{"line":154,"column":0},"end":{"line":154,"column":22}},"154":{"start":{"line":155,"column":0},"end":{"line":155,"column":24}},"155":{"start":{"line":156,"column":0},"end":{"line":156,"column":22}},"157":{"start":{"line":158,"column":0},"end":{"line":158,"column":91}},"158":{"start":{"line":159,"column":0},"end":{"line":159,"column":20}},"159":{"start":{"line":160,"column":0},"end":{"line":160,"column":81}},"160":{"start":{"line":161,"column":0},"end":{"line":161,"column":19}},"162":{"start":{"line":163,"column":0},"end":{"line":163,"column":22}},"163":{"start":{"line":164,"column":0},"end":{"line":164,"column":66}},"164":{"start":{"line":165,"column":0},"end":{"line":165,"column":24}},"165":{"start":{"line":166,"column":0},"end":{"line":166,"column":55}},"166":{"start":{"line":167,"column":0},"end":{"line":167,"column":52}},"167":{"start":{"line":168,"column":0},"end":{"line":168,"column":71}},"168":{"start":{"line":169,"column":0},"end":{"line":169,"column":22}},"169":{"start":{"line":170,"column":0},"end":{"line":170,"column":24}},"170":{"start":{"line":171,"column":0},"end":{"line":171,"column":54}},"171":{"start":{"line":172,"column":0},"end":{"line":172,"column":52}},"172":{"start":{"line":173,"column":0},"end":{"line":173,"column":71}},"173":{"start":{"line":174,"column":0},"end":{"line":174,"column":22}},"174":{"start":{"line":175,"column":0},"end":{"line":175,"column":24}},"175":{"start":{"line":176,"column":0},"end":{"line":176,"column":22}},"176":{"start":{"line":177,"column":0},"end":{"line":177,"column":20}},"178":{"start":{"line":179,"column":0},"end":{"line":179,"column":16}},"179":{"start":{"line":180,"column":0},"end":{"line":180,"column":87}},"180":{"start":{"line":181,"column":0},"end":{"line":181,"column":15}},"182":{"start":{"line":183,"column":0},"end":{"line":183,"column":18}},"183":{"start":{"line":184,"column":0},"end":{"line":184,"column":109}},"184":{"start":{"line":185,"column":0},"end":{"line":185,"column":46}},"185":{"start":{"line":186,"column":0},"end":{"line":186,"column":22}},"186":{"start":{"line":187,"column":0},"end":{"line":187,"column":40}},"187":{"start":{"line":188,"column":0},"end":{"line":188,"column":78}},"189":{"start":{"line":190,"column":0},"end":{"line":190,"column":65}},"190":{"start":{"line":191,"column":0},"end":{"line":191,"column":73}},"191":{"start":{"line":192,"column":0},"end":{"line":192,"column":49}},"192":{"start":{"line":193,"column":0},"end":{"line":193,"column":26}},"194":{"start":{"line":195,"column":0},"end":{"line":195,"column":76}},"195":{"start":{"line":196,"column":0},"end":{"line":196,"column":26}},"196":{"start":{"line":197,"column":0},"end":{"line":197,"column":68}},"197":{"start":{"line":198,"column":0},"end":{"line":198,"column":81}},"198":{"start":{"line":199,"column":0},"end":{"line":199,"column":29}},"199":{"start":{"line":200,"column":0},"end":{"line":200,"column":26}},"200":{"start":{"line":201,"column":0},"end":{"line":201,"column":24}},"201":{"start":{"line":202,"column":0},"end":{"line":202,"column":19}},"202":{"start":{"line":203,"column":0},"end":{"line":203,"column":20}},"203":{"start":{"line":204,"column":0},"end":{"line":204,"column":18}},"204":{"start":{"line":205,"column":0},"end":{"line":205,"column":16}},"206":{"start":{"line":207,"column":0},"end":{"line":207,"column":12}},"207":{"start":{"line":208,"column":0},"end":{"line":208,"column":10}},"209":{"start":{"line":210,"column":0},"end":{"line":210,"column":2}},"211":{"start":{"line":212,"column":0},"end":{"line":212,"column":30}}},"s":{"0":1,"1":1,"2":1,"3":1,"4":1,"5":1,"7":1,"8":28,"9":28,"11":28,"12":28,"13":28,"14":28,"15":28,"16":28,"17":28,"18":28,"20":28,"22":28,"23":8,"24":8,"25":7,"26":7,"27":7,"28":28,"30":28,"31":28,"32":28,"33":28,"35":28,"36":8,"37":28,"39":28,"40":17,"41":28,"43":28,"44":28,"45":28,"46":28,"48":28,"49":28,"50":10,"52":10,"54":18,"55":18,"56":18,"57":7,"58":7,"59":7,"60":7,"61":7,"63":11,"64":11,"65":11,"66":11,"67":11,"69":18,"71":18,"72":18,"73":18,"74":18,"75":18,"76":18,"77":18,"78":18,"79":18,"80":18,"81":18,"82":18,"83":18,"84":18,"86":18,"87":18,"88":18,"89":18,"90":18,"91":18,"92":18,"94":18,"95":18,"96":18,"97":36,"98":36,"99":36,"100":36,"102":36,"103":36,"104":18,"105":18,"106":18,"107":18,"108":18,"110":18,"111":18,"112":18,"113":18,"114":18,"115":18,"116":18,"117":18,"118":18,"119":18,"120":18,"121":18,"122":18,"123":18,"124":18,"125":18,"126":18,"127":18,"128":36,"129":36,"130":36,"131":18,"132":18,"133":18,"134":18,"136":18,"137":18,"138":18,"139":18,"140":18,"142":18,"143":18,"144":18,"145":18,"146":18,"147":18,"148":18,"149":18,"150":18,"151":18,"152":18,"153":18,"154":18,"155":18,"157":18,"158":18,"159":18,"160":18,"162":18,"163":18,"164":18,"165":18,"166":18,"167":18,"168":18,"169":18,"170":18,"171":18,"172":18,"173":18,"174":18,"175":18,"176":18,"178":18,"179":18,"180":18,"182":18,"183":18,"184":18,"185":108,"186":108,"187":108,"189":108,"190":108,"191":108,"192":108,"194":108,"195":108,"196":108,"197":108,"198":108,"199":108,"200":108,"201":18,"202":18,"203":18,"204":18,"206":28,"207":28,"209":28,"211":1},"branchMap":{"0":{"type":"branch","line":8,"loc":{"start":{"line":8,"column":23},"end":{"line":210,"column":2}},"locations":[{"start":{"line":8,"column":23},"end":{"line":210,"column":2}}]},"1":{"type":"branch","line":50,"loc":{"start":{"line":50,"column":18},"end":{"line":50,"column":39}},"locations":[{"start":{"line":50,"column":18},"end":{"line":50,"column":39}}]},"2":{"type":"branch","line":50,"loc":{"start":{"line":50,"column":26},"end":{"line":53,"column":16}},"locations":[{"start":{"line":50,"column":26},"end":{"line":53,"column":16}}]},"3":{"type":"branch","line":53,"loc":{"start":{"line":53,"column":10},"end":{"line":205,"column":16}},"locations":[{"start":{"line":53,"column":10},"end":{"line":205,"column":16}}]},"4":{"type":"branch","line":57,"loc":{"start":{"line":57,"column":26},"end":{"line":62,"column":18}},"locations":[{"start":{"line":57,"column":26},"end":{"line":62,"column":18}}]},"5":{"type":"branch","line":62,"loc":{"start":{"line":62,"column":16},"end":{"line":68,"column":18}},"locations":[{"start":{"line":62,"column":16},"end":{"line":68,"column":18}}]},"6":{"type":"branch","line":89,"loc":{"start":{"line":89,"column":60},"end":{"line":89,"column":80}},"locations":[{"start":{"line":89,"column":60},"end":{"line":89,"column":80}}]},"7":{"type":"branch","line":23,"loc":{"start":{"line":23,"column":35},"end":{"line":29,"column":5}},"locations":[{"start":{"line":23,"column":35},"end":{"line":29,"column":5}}]},"8":{"type":"branch","line":25,"loc":{"start":{"line":25,"column":46},"end":{"line":28,"column":22}},"locations":[{"start":{"line":25,"column":46},"end":{"line":28,"column":22}}]},"9":{"type":"branch","line":32,"loc":{"start":{"line":32,"column":4},"end":{"line":32,"column":57}},"locations":[{"start":{"line":32,"column":4},"end":{"line":32,"column":57}}]},"10":{"type":"branch","line":32,"loc":{"start":{"line":32,"column":25},"end":{"line":32,"column":55}},"locations":[{"start":{"line":32,"column":25},"end":{"line":32,"column":55}}]},"11":{"type":"branch","line":36,"loc":{"start":{"line":36,"column":12},"end":{"line":38,"column":5}},"locations":[{"start":{"line":36,"column":12},"end":{"line":38,"column":5}}]},"12":{"type":"branch","line":40,"loc":{"start":{"line":40,"column":12},"end":{"line":42,"column":5}},"locations":[{"start":{"line":40,"column":12},"end":{"line":42,"column":5}}]},"13":{"type":"branch","line":61,"loc":{"start":{"line":61,"column":27},"end":{"line":61,"column":55}},"locations":[{"start":{"line":61,"column":27},"end":{"line":61,"column":55}}]},"14":{"type":"branch","line":67,"loc":{"start":{"line":67,"column":27},"end":{"line":67,"column":55}},"locations":[{"start":{"line":67,"column":27},"end":{"line":67,"column":55}}]},"15":{"type":"branch","line":97,"loc":{"start":{"line":97,"column":39},"end":{"line":104,"column":28}},"locations":[{"start":{"line":97,"column":39},"end":{"line":104,"column":28}}]},"16":{"type":"branch","line":128,"loc":{"start":{"line":128,"column":43},"end":{"line":131,"column":26}},"locations":[{"start":{"line":128,"column":43},"end":{"line":131,"column":26}}]},"17":{"type":"branch","line":185,"loc":{"start":{"line":185,"column":35},"end":{"line":201,"column":24}},"locations":[{"start":{"line":185,"column":35},"end":{"line":201,"column":24}}]}},"b":{"0":[28],"1":[24],"2":[10],"3":[18],"4":[7],"5":[11],"6":[0],"7":[8],"8":[7],"9":[35],"10":[12],"11":[8],"12":[17],"13":[1],"14":[2],"15":[36],"16":[36],"17":[108]},"fnMap":{"0":{"name":"PokemonDetails","decl":{"start":{"line":8,"column":23},"end":{"line":210,"column":2}},"loc":{"start":{"line":8,"column":23},"end":{"line":210,"column":2}},"line":8},"1":{"name":"onClick","decl":{"start":{"line":61,"column":27},"end":{"line":61,"column":55}},"loc":{"start":{"line":61,"column":27},"end":{"line":61,"column":55}},"line":61},"2":{"name":"onClick","decl":{"start":{"line":67,"column":27},"end":{"line":67,"column":55}},"loc":{"start":{"line":67,"column":27},"end":{"line":67,"column":55}},"line":67},"3":{"name":"onClick","decl":{"start":{"line":77,"column":29},"end":{"line":77,"column":48}},"loc":{"start":{"line":77,"column":29},"end":{"line":77,"column":48}},"line":77}},"f":{"0":28,"1":1,"2":2,"3":0}}
,"/Users/mobdev/Documents/Desafio/pokedex/src/pages/Favorites/index.tsx": {"path":"/Users/mobdev/Documents/Desafio/pokedex/src/pages/Favorites/index.tsx","all":false,"statementMap":{"0":{"start":{"line":1,"column":0},"end":{"line":1,"column":54}},"3":{"start":{"line":4,"column":0},"end":{"line":4,"column":25}},"4":{"start":{"line":5,"column":0},"end":{"line":5,"column":10}},"5":{"start":{"line":6,"column":0},"end":{"line":6,"column":88}},"7":{"start":{"line":8,"column":0},"end":{"line":8,"column":28}},"9":{"start":{"line":10,"column":0},"end":{"line":10,"column":10}},"11":{"start":{"line":12,"column":0},"end":{"line":12,"column":1}},"13":{"start":{"line":14,"column":0},"end":{"line":14,"column":24}}},"s":{"0":1,"3":1,"4":2,"5":2,"7":2,"9":2,"11":2,"13":1},"branchMap":{"0":{"type":"branch","line":4,"loc":{"start":{"line":4,"column":18},"end":{"line":12,"column":1}},"locations":[{"start":{"line":4,"column":18},"end":{"line":12,"column":1}}]}},"b":{"0":[2]},"fnMap":{"0":{"name":"Favorites","decl":{"start":{"line":4,"column":18},"end":{"line":12,"column":1}},"loc":{"start":{"line":4,"column":18},"end":{"line":12,"column":1}},"line":4}},"f":{"0":2}}
,"/Users/mobdev/Documents/Desafio/pokedex/src/pages/Home/index.tsx": {"path":"/Users/mobdev/Documents/Desafio/pokedex/src/pages/Home/index.tsx","all":false,"statementMap":{"0":{"start":{"line":1,"column":0},"end":{"line":1,"column":34}},"1":{"start":{"line":2,"column":0},"end":{"line":2,"column":48}},"2":{"start":{"line":3,"column":0},"end":{"line":3,"column":55}},"3":{"start":{"line":4,"column":0},"end":{"line":4,"column":59}},"4":{"start":{"line":5,"column":0},"end":{"line":5,"column":60}},"5":{"start":{"line":6,"column":0},"end":{"line":6,"column":52}},"6":{"start":{"line":7,"column":0},"end":{"line":7,"column":76}},"7":{"start":{"line":8,"column":0},"end":{"line":8,"column":60}},"9":{"start":{"line":10,"column":0},"end":{"line":10,"column":20}},"10":{"start":{"line":11,"column":0},"end":{"line":11,"column":55}},"11":{"start":{"line":12,"column":0},"end":{"line":12,"column":45}},"13":{"start":{"line":14,"column":0},"end":{"line":14,"column":47}},"14":{"start":{"line":15,"column":0},"end":{"line":15,"column":45}},"15":{"start":{"line":16,"column":0},"end":{"line":16,"column":18}},"16":{"start":{"line":17,"column":0},"end":{"line":17,"column":5}},"17":{"start":{"line":18,"column":0},"end":{"line":18,"column":60}},"19":{"start":{"line":20,"column":0},"end":{"line":20,"column":19}},"20":{"start":{"line":21,"column":0},"end":{"line":21,"column":20}},"21":{"start":{"line":22,"column":0},"end":{"line":22,"column":22}},"23":{"start":{"line":24,"column":0},"end":{"line":24,"column":10}},"24":{"start":{"line":25,"column":0},"end":{"line":25,"column":76}},"25":{"start":{"line":26,"column":0},"end":{"line":26,"column":75}},"26":{"start":{"line":27,"column":0},"end":{"line":27,"column":15}},"27":{"start":{"line":28,"column":0},"end":{"line":28,"column":76}},"28":{"start":{"line":29,"column":0},"end":{"line":29,"column":10}},"29":{"start":{"line":30,"column":0},"end":{"line":30,"column":23}},"30":{"start":{"line":31,"column":0},"end":{"line":31,"column":24}},"31":{"start":{"line":32,"column":0},"end":{"line":32,"column":27}},"33":{"start":{"line":34,"column":0},"end":{"line":34,"column":24}},"36":{"start":{"line":37,"column":0},"end":{"line":37,"column":154}},"38":{"start":{"line":39,"column":0},"end":{"line":39,"column":16}},"40":{"start":{"line":41,"column":0},"end":{"line":41,"column":32}},"41":{"start":{"line":42,"column":0},"end":{"line":42,"column":77}},"42":{"start":{"line":43,"column":0},"end":{"line":43,"column":14}},"43":{"start":{"line":44,"column":0},"end":{"line":44,"column":12}},"44":{"start":{"line":45,"column":0},"end":{"line":45,"column":10}},"46":{"start":{"line":47,"column":0},"end":{"line":47,"column":2}},"48":{"start":{"line":49,"column":0},"end":{"line":49,"column":20}}},"s":{"0":1,"1":1,"2":1,"3":1,"4":1,"5":1,"6":1,"7":1,"9":1,"10":38,"11":38,"13":38,"14":38,"15":38,"16":38,"17":38,"19":38,"20":9,"21":38,"23":38,"24":38,"25":38,"26":38,"27":38,"28":38,"29":38,"30":23,"31":23,"33":0,"36":15,"38":15,"40":38,"41":38,"42":38,"43":38,"44":38,"46":38,"48":1},"branchMap":{"0":{"type":"branch","line":10,"loc":{"start":{"line":10,"column":13},"end":{"line":47,"column":2}},"locations":[{"start":{"line":10,"column":13},"end":{"line":47,"column":2}}]},"1":{"type":"branch","line":30,"loc":{"start":{"line":30,"column":10},"end":{"line":34,"column":24}},"locations":[{"start":{"line":30,"column":10},"end":{"line":34,"column":24}}]},"2":{"type":"branch","line":32,"loc":{"start":{"line":32,"column":25},"end":{"line":34,"column":24}},"locations":[{"start":{"line":32,"column":25},"end":{"line":34,"column":24}}]},"3":{"type":"branch","line":34,"loc":{"start":{"line":34,"column":22},"end":{"line":39,"column":16}},"locations":[{"start":{"line":34,"column":22},"end":{"line":39,"column":16}}]},"4":{"type":"branch","line":20,"loc":{"start":{"line":20,"column":12},"end":{"line":22,"column":5}},"locations":[{"start":{"line":20,"column":12},"end":{"line":22,"column":5}}]},"5":{"type":"branch","line":28,"loc":{"start":{"line":28,"column":24},"end":{"line":28,"column":76}},"locations":[{"start":{"line":28,"column":24},"end":{"line":28,"column":76}}]},"6":{"type":"branch","line":42,"loc":{"start":{"line":42,"column":38},"end":{"line":42,"column":75}},"locations":[{"start":{"line":42,"column":38},"end":{"line":42,"column":75}}]}},"b":{"0":[38],"1":[23],"2":[0],"3":[15],"4":[9],"5":[3],"6":[1]},"fnMap":{"0":{"name":"Home","decl":{"start":{"line":10,"column":13},"end":{"line":47,"column":2}},"loc":{"start":{"line":10,"column":13},"end":{"line":47,"column":2}},"line":10},"1":{"name":"handleSearch","decl":{"start":{"line":28,"column":24},"end":{"line":28,"column":76}},"loc":{"start":{"line":28,"column":24},"end":{"line":28,"column":76}},"line":28},"2":{"name":"handlePaginator","decl":{"start":{"line":42,"column":38},"end":{"line":42,"column":75}},"loc":{"start":{"line":42,"column":38},"end":{"line":42,"column":75}},"line":42}},"f":{"0":38,"1":3,"2":1}}
,"/Users/mobdev/Documents/Desafio/pokedex/src/routes/index.tsx": {"path":"/Users/mobdev/Documents/Desafio/pokedex/src/routes/index.tsx","all":false,"statementMap":{"0":{"start":{"line":1,"column":0},"end":{"line":1,"column":8}},"13":{"start":{"line":14,"column":0},"end":{"line":14,"column":42}},"14":{"start":{"line":15,"column":0},"end":{"line":15,"column":27}},"15":{"start":{"line":16,"column":0},"end":{"line":16,"column":6}},"16":{"start":{"line":17,"column":0},"end":{"line":17,"column":47}},"17":{"start":{"line":18,"column":0},"end":{"line":18,"column":40}},"19":{"start":{"line":20,"column":0},"end":{"line":20,"column":56}},"20":{"start":{"line":21,"column":0},"end":{"line":21,"column":48}},"21":{"start":{"line":22,"column":0},"end":{"line":22,"column":14}},"22":{"start":{"line":23,"column":0},"end":{"line":23,"column":55}},"23":{"start":{"line":24,"column":0},"end":{"line":24,"column":57}},"24":{"start":{"line":25,"column":0},"end":{"line":25,"column":14}},"26":{"start":{"line":27,"column":0},"end":{"line":27,"column":7}},"27":{"start":{"line":28,"column":0},"end":{"line":28,"column":3}},"28":{"start":{"line":29,"column":0},"end":{"line":29,"column":2}}},"s":{"0":1,"13":1,"14":1,"15":1,"16":1,"17":1,"19":1,"20":1,"21":1,"22":1,"23":1,"24":1,"26":1,"27":1,"28":1},"branchMap":{},"b":{},"fnMap":{},"f":{}}
[...]
"51":{"start":{"line":52,"column":0},"end":{"line":52,"column":26}},"52":{"start":{"line":53,"column":0},"end":{"line":53,"column":6}},"53":{"start":{"line":54,"column":0},"end":{"line":54,"column":19}},"54":{"start":{"line":55,"column":0},"end":{"line":55,"column":43}},"55":{"start":{"line":56,"column":0},"end":{"line":56,"column":12}},"56":{"start":{"line":57,"column":0},"end":{"line":57,"column":49}},"57":{"start":{"line":58,"column":0},"end":{"line":58,"column":57}},"58":{"start":{"line":59,"column":0},"end":{"line":59,"column":33}},"59":{"start":{"line":60,"column":0},"end":{"line":60,"column":6}},"60":{"start":{"line":61,"column":0},"end":{"line":61,"column":3}},"61":{"start":{"line":62,"column":0},"end":{"line":62,"column":2}},"63":{"start":{"line":64,"column":0},"end":{"line":64,"column":67}},"64":{"start":{"line":65,"column":0},"end":{"line":65,"column":7}},"65":{"start":{"line":66,"column":0},"end":{"line":66,"column":64}},"66":{"start":{"line":67,"column":0},"end":{"line":67,"column":42}},"67":{"start":{"line":68,"column":0},"end":{"line":68,"column":12}},"68":{"start":{"line":69,"column":0},"end":{"line":69,"column":30}},"69":{"start":{"line":70,"column":0},"end":{"line":70,"column":25}},"70":{"start":{"line":71,"column":0},"end":{"line":71,"column":34}},"71":{"start":{"line":72,"column":0},"end":{"line":72,"column":6}},"72":{"start":{"line":73,"column":0},"end":{"line":73,"column":19}},"73":{"start":{"line":74,"column":0},"end":{"line":74,"column":43}},"74":{"start":{"line":75,"column":0},"end":{"line":75,"column":33}},"75":{"start":{"line":76,"column":0},"end":{"line":76,"column":3}},"76":{"start":{"line":77,"column":0},"end":{"line":77,"column":2}},"78":{"start":{"line":79,"column":0},"end":{"line":79,"column":25}},"79":{"start":{"line":80,"column":0},"end":{"line":80,"column":11}},"80":{"start":{"line":81,"column":0},"end":{"line":81,"column":13}},"81":{"start":{"line":82,"column":0},"end":{"line":82,"column":11}},"82":{"start":{"line":83,"column":0},"end":{"line":83,"column":11}},"83":{"start":{"line":84,"column":0},"end":{"line":84,"column":11}},"84":{"start":{"line":85,"column":0},"end":{"line":85,"column":9}},"85":{"start":{"line":86,"column":0},"end":{"line":86,"column":8}},"86":{"start":{"line":87,"column":0},"end":{"line":87,"column":10}},"87":{"start":{"line":88,"column":0},"end":{"line":88,"column":10}},"88":{"start":{"line":89,"column":0},"end":{"line":89,"column":9}},"89":{"start":{"line":90,"column":0},"end":{"line":90,"column":10}},"90":{"start":{"line":91,"column":0},"end":{"line":91,"column":10}},"91":{"start":{"line":92,"column":0},"end":{"line":92,"column":13}},"92":{"start":{"line":93,"column":0},"end":{"line":93,"column":12}},"93":{"start":{"line":94,"column":0},"end":{"line":94,"column":8}},"94":{"start":{"line":95,"column":0},"end":{"line":95,"column":11}},"95":{"start":{"line":96,"column":0},"end":{"line":96,"column":9}},"96":{"start":{"line":97,"column":0},"end":{"line":97,"column":10}},"97":{"start":{"line":98,"column":0},"end":{"line":98,"column":12}},"98":{"start":{"line":99,"column":0},"end":{"line":99,"column":2}},"100":{"start":{"line":101,"column":0},"end":{"line":101,"column":37}},"101":{"start":{"line":102,"column":0},"end":{"line":102,"column":18}},"102":{"start":{"line":103,"column":0},"end":{"line":103,"column":41}},"103":{"start":{"line":104,"column":0},"end":{"line":104,"column":55}},"104":{"start":{"line":105,"column":0},"end":{"line":105,"column":20}},"105":{"start":{"line":106,"column":0},"end":{"line":106,"column":12}},"106":{"start":{"line":107,"column":0},"end":{"line":107,"column":18}},"107":{"start":{"line":108,"column":0},"end":{"line":108,"column":35}},"108":{"start":{"line":109,"column":0},"end":{"line":109,"column":15}},"109":{"start":{"line":110,"column":0},"end":{"line":110,"column":6}},"110":{"start":{"line":111,"column":0},"end":{"line":111,"column":3}},"111":{"start":{"line":112,"column":0},"end":{"line":112,"column":7}},"112":{"start":{"line":113,"column":0},"end":{"line":113,"column":59}},"113":{"start":{"line":114,"column":0},"end":{"line":114,"column":42}},"115":{"start":{"line":116,"column":0},"end":{"line":116,"column":64}},"117":{"start":{"line":118,"column":0},"end":{"line":118,"column":58}},"118":{"start":{"line":119,"column":0},"end":{"line":119,"column":14}},"119":{"start":{"line":120,"column":0},"end":{"line":120,"column":35}},"120":{"start":{"line":121,"column":0},"end":{"line":121,"column":33}},"121":{"start":{"line":122,"column":0},"end":{"line":122,"column":8}},"122":{"start":{"line":123,"column":0},"end":{"line":123,"column":7}},"123":{"start":{"line":124,"column":0},"end":{"line":124,"column":12}},"124":{"start":{"line":125,"column":0},"end":{"line":125,"column":18}},"125":{"start":{"line":126,"column":0},"end":{"line":126,"column":25}},"126":{"start":{"line":127,"column":0},"end":{"line":127,"column":17}},"127":{"start":{"line":128,"column":0},"end":{"line":128,"column":6}},"128":{"start":{"line":129,"column":0},"end":{"line":129,"column":19}},"129":{"start":{"line":130,"column":0},"end":{"line":130,"column":43}},"130":{"start":{"line":131,"column":0},"end":{"line":131,"column":12}},"131":{"start":{"line":132,"column":0},"end":{"line":132,"column":49}},"132":{"start":{"line":133,"column":0},"end":{"line":133,"column":57}},"133":{"start":{"line":134,"column":0},"end":{"line":134,"column":20}},"134":{"start":{"line":135,"column":0},"end":{"line":135,"column":3}},"135":{"start":{"line":136,"column":0},"end":{"line":136,"column":2}}},"s":{"0":1,"16":1,"17":2,"18":2,"19":2,"20":2,"22":1,"23":4,"24":4,"25":4,"26":4,"27":4,"28":4,"30":4,"31":1,"32":1,"33":1,"34":1,"35":1,"36":1,"37":1,"38":1,"39":1,"40":4,"42":1,"43":3,"44":3,"45":3,"46":3,"47":3,"48":1,"49":1,"50":1,"51":1,"52":1,"53":1,"54":1,"55":1,"56":1,"57":1,"58":1,"59":1,"60":1,"61":3,"63":1,"64":2,"65":2,"66":2,"67":1,"68":1,"69":1,"70":1,"71":1,"72":1,"73":1,"74":1,"75":1,"76":2,"78":1,"79":1,"80":1,"81":1,"82":1,"83":1,"84":1,"85":1,"86":1,"87":1,"88":1,"89":1,"90":1,"91":1,"92":1,"93":1,"94":1,"95":1,"96":1,"97":1,"98":1,"100":1,"101":3,"102":3,"103":3,"104":3,"105":1,"106":1,"107":1,"108":1,"109":1,"110":1,"111":2,"112":2,"113":2,"115":1,"117":1,"118":149,"119":149,"120":149,"121":149,"122":1,"123":1,"124":1,"125":1,"126":1,"127":1,"128":1,"129":1,"130":1,"131":1,"132":1,"133":1,"134":1,"135":3},"branchMap":{"0":{"type":"branch","line":17,"loc":{"start":{"line":17,"column":18},"end":{"line":21,"column":3}},"locations":[{"start":{"line":17,"column":18},"end":{"line":21,"column":3}}]},"1":{"type":"branch","line":18,"loc":{"start":{"line":18,"column":31},"end":{"line":18,"column":45}},"locations":[{"start":{"line":18,"column":31},"end":{"line":18,"column":45}}]},"2":{"type":"branch","line":19,"loc":{"start":{"line":19,"column":22},"end":{"line":19,"column":53}},"locations":[{"start":{"line":19,"column":22},"end":{"line":19,"column":53}}]},"3":{"type":"branch","line":23,"loc":{"start":{"line":23,"column":27},"end":{"line":41,"column":2}},"locations":[{"start":{"line":23,"column":27},"end":{"line":41,"column":2}}]},"4":{"type":"branch","line":28,"loc":{"start":{"line":28,"column":6},"end":{"line":28,"column":43}},"locations":[{"start":{"line":28,"column":6},"end":{"line":28,"column":43}}]},"5":{"type":"branch","line":31,"loc":{"start":{"line":31,"column":36},"end":{"line":40,"column":3}},"locations":[{"start":{"line":31,"column":36},"end":{"line":40,"column":3}}]},"6":{"type":"branch","line":43,"loc":{"start":{"line":43,"column":33},"end":{"line":62,"column":2}},"locations":[{"start":{"line":43,"column":33},"end":{"line":62,"column":2}}]},"7":{"type":"branch","line":48,"loc":{"start":{"line":48,"column":40},"end":{"line":61,"column":3}},"locations":[{"start":{"line":48,"column":40},"end":{"line":61,"column":3}}]},"8":{"type":"branch","line":57,"loc":{"start":{"line":57,"column":35},"end":{"line":57,"column":49}},"locations":[{"start":{"line":57,"column":35},"end":{"line":57,"column":49}}]},"9":{"type":"branch","line":58,"loc":{"start":{"line":58,"column":26},"end":{"line":58,"column":57}},"locations":[{"start":{"line":58,"column":26},"end":{"line":58,"column":57}}]},"10":{"type":"branch","line":64,"loc":{"start":{"line":64,"column":32},"end":{"line":77,"column":2}},"locations":[{"start":{"line":64,"column":32},"end":{"line":77,"column":2}}]},"11":{"type":"branch","line":67,"loc":{"start":{"line":67,"column":40},"end":{"line":76,"column":3}},"locations":[{"start":{"line":67,"column":40},"end":{"line":76,"column":3}}]},"12":{"type":"branch","line":101,"loc":{"start":{"line":101,"column":30},"end":{"line":136,"column":2}},"locations":[{"start":{"line":101,"column":30},"end":{"line":136,"column":2}}]},"13":{"type":"branch","line":105,"loc":{"start":{"line":105,"column":19},"end":{"line":111,"column":3}},"locations":[{"start":{"line":105,"column":19},"end":{"line":111,"column":3}}]},"14":{"type":"branch","line":111,"loc":{"start":{"line":111,"column":2},"end":{"line":114,"column":42}},"locations":[{"start":{"line":111,"column":2},"end":{"line":114,"column":42}}]},"15":{"type":"branch","line":114,"loc":{"start":{"line":114,"column":40},"end":{"line":135,"column":3}},"locations":[{"start":{"line":114,"column":40},"end":{"line":135,"column":3}}]},"16":{"type":"branch","line":132,"loc":{"start":{"line":132,"column":35},"end":{"line":132,"column":49}},"locations":[{"start":{"line":132,"column":35},"end":{"line":132,"column":49}}]},"17":{"type":"branch","line":133,"loc":{"start":{"line":133,"column":26},"end":{"line":133,"column":57}},"locations":[{"start":{"line":133,"column":26},"end":{"line":133,"column":57}}]},"18":{"type":"branch","line":118,"loc":{"start":{"line":118,"column":44},"end":{"line":123,"column":5}},"locations":[{"start":{"line":118,"column":44},"end":{"line":123,"column":5}}]}},"b":{"0":[2],"1":[0],"2":[0],"3":[4],"4":[2],"5":[1],"6":[3],"7":[1],"8":[0],"9":[0],"10":[2],"11":[1],"12":[3],"13":[1],"14":[2],"15":[1],"16":[0],"17":[0],"18":[149]},"fnMap":{"0":{"name":"errorResp","decl":{"start":{"line":17,"column":18},"end":{"line":21,"column":3}},"loc":{"start":{"line":17,"column":18},"end":{"line":21,"column":3}},"line":17},"1":{"name":"getPokemons","decl":{"start":{"line":23,"column":27},"end":{"line":41,"column":2}},"loc":{"start":{"line":23,"column":27},"end":{"line":41,"column":2}},"line":23},"2":{"name":"getPokemonDetails","decl":{"start":{"line":43,"column":33},"end":{"line":62,"column":2}},"loc":{"start":{"line":43,"column":33},"end":{"line":62,"column":2}},"line":43},"3":{"name":"getPaginatorData","decl":{"start":{"line":64,"column":32},"end":{"line":77,"column":2}},"loc":{"start":{"line":64,"column":32},"end":{"line":77,"column":2}},"line":64},"4":{"name":"getPokemonType","decl":{"start":{"line":101,"column":30},"end":{"line":136,"column":2}},"loc":{"start":{"line":101,"column":30},"end":{"line":136,"column":2}},"line":101}},"f":{"0":2,"1":4,"2":3,"3":2,"4":3}}
,"/Users/mobdev/Documents/Desafio/pokedex/src/store/paginatorStore.ts": {"path":"/Users/mobdev/Documents/Desafio/pokedex/src/store/paginatorStore.ts","all":false,"statementMap":{"0":{"start":{"line":1,"column":0},"end":{"line":1,"column":33}},"9":{"start":{"line":10,"column":0},"end":{"line":10,"column":59}},"10":{"start":{"line":11,"column":0},"end":{"line":11,"column":18}},"11":{"start":{"line":12,"column":0},"end":{"line":12,"column":19}},"12":{"start":{"line":13,"column":0},"end":{"line":13,"column":51}},"13":{"start":{"line":14,"column":0},"end":{"line":14,"column":53}},"14":{"start":{"line":15,"column":0},"end":{"line":15,"column":3}},"17":{"start":{"line":18,"column":0},"end":{"line":18,"column":32}}},"s":{"0":1,"9":1,"10":7,"11":7,"12":7,"13":7,"14":1,"17":1},"branchMap":{"0":{"type":"branch","line":10,"loc":{"start":{"line":10,"column":50},"end":{"line":15,"column":2}},"locations":[{"start":{"line":10,"column":50},"end":{"line":15,"column":2}}]},"1":{"type":"branch","line":13,"loc":{"start":{"line":13,"column":19},"end":{"line":13,"column":51}},"locations":[{"start":{"line":13,"column":19},"end":{"line":13,"column":51}}]},"2":{"type":"branch","line":14,"loc":{"start":{"line":14,"column":20},"end":{"line":14,"column":53}},"locations":[{"start":{"line":14,"column":20},"end":{"line":14,"column":53}}]}},"b":{"0":[7],"1":[17],"2":[8]},"fnMap":{"0":{"name":"setTotalItems","decl":{"start":{"line":13,"column":19},"end":{"line":13,"column":51}},"loc":{"start":{"line":13,"column":19},"end":{"line":13,"column":51}},"line":13},"1":{"name":"setCurrentPage","decl":{"start":{"line":14,"column":20},"end":{"line":14,"column":53}},"loc":{"start":{"line":14,"column":20},"end":{"line":14,"column":53}},"line":14}},"f":{"0":17,"1":8}}
,"/Users/mobdev/Documents/Desafio/pokedex/src/store/pokemonStore.ts": {"path":"/Users/mobdev/Documents/Desafio/pokedex/src/store/pokemonStore.ts","all":false,"statementMap":{"0":{"start":{"line":1,"column":0},"end":{"line":1,"column":33}},"23":{"start":{"line":24,"column":0},"end":{"line":24,"column":68}},"24":{"start":{"line":25,"column":0},"end":{"line":25,"column":15}},"25":{"start":{"line":26,"column":0},"end":{"line":26,"column":18}},"26":{"start":{"line":27,"column":0},"end":{"line":27,"column":32}},"27":{"start":{"line":28,"column":0},"end":{"line":28,"column":18}},"28":{"start":{"line":29,"column":0},"end":{"line":29,"column":14}},"29":{"start":{"line":30,"column":0},"end":{"line":30,"column":16}},"30":{"start":{"line":31,"column":0},"end":{"line":31,"column":17}},"31":{"start":{"line":32,"column":0},"end":{"line":32,"column":16}},"33":{"start":{"line":34,"column":0},"end":{"line":34,"column":30}},"34":{"start":{"line":35,"column":0},"end":{"line":35,"column":45}},"35":{"start":{"line":36,"column":0},"end":{"line":36,"column":45}},"36":{"start":{"line":37,"column":0},"end":{"line":37,"column":36}},"37":{"start":{"line":38,"column":0},"end":{"line":38,"column":6}},"38":{"start":{"line":39,"column":0},"end":{"line":39,"column":39}},"39":{"start":{"line":40,"column":0},"end":{"line":40,"column":63}},"40":{"start":{"line":41,"column":0},"end":{"line":41,"column":39}},"42":{"start":{"line":43,"column":0},"end":{"line":43,"column":41}},"43":{"start":{"line":44,"column":0},"end":{"line":44,"column":4}},"44":{"start":{"line":45,"column":0},"end":{"line":45,"column":44}},"45":{"start":{"line":46,"column":0},"end":{"line":46,"column":47}},"46":{"start":{"line":47,"column":0},"end":{"line":47,"column":56}},"47":{"start":{"line":48,"column":0},"end":{"line":48,"column":48}},"48":{"start":{"line":49,"column":0},"end":{"line":49,"column":38}},"49":{"start":{"line":50,"column":0},"end":{"line":50,"column":50}},"50":{"start":{"line":51,"column":0},"end":{"line":51,"column":53}},"51":{"start":{"line":52,"column":0},"end":{"line":52,"column":4}},"53":{"start":{"line":54,"column":0},"end":{"line":54,"column":31}}},"s":{"0":1,"23":1,"24":10,"25":10,"26":10,"27":10,"28":10,"29":10,"30":10,"31":10,"33":10,"34":10,"35":10,"36":10,"37":10,"38":10,"39":2,"40":8,"42":10,"43":10,"44":10,"45":10,"46":10,"47":10,"48":10,"49":10,"50":10,"51":1,"53":1},"branchMap":{"0":{"type":"branch","line":24,"loc":{"start":{"line":24,"column":52},"end":{"line":52,"column":2}},"locations":[{"start":{"line":24,"column":52},"end":{"line":52,"column":2}}]},"1":{"type":"branch","line":34,"loc":{"start":{"line":34,"column":16},"end":{"line":44,"column":4}},"locations":[{"start":{"line":34,"column":16},"end":{"line":44,"column":4}}]},"2":{"type":"branch","line":39,"loc":{"start":{"line":39,"column":29},"end":{"line":40,"column":63}},"locations":[{"start":{"line":39,"column":29},"end":{"line":40,"column":63}}]},"3":{"type":"branch","line":40,"loc":{"start":{"line":40,"column":62},"end":{"line":41,"column":39}},"locations":[{"start":{"line":40,"column":62},"end":{"line":41,"column":39}}]},"4":{"type":"branch","line":37,"loc":{"start":{"line":37,"column":6},"end":{"line":37,"column":36}},"locations":[{"start":{"line":37,"column":6},"end":{"line":37,"column":36}}]},"5":{"type":"branch","line":40,"loc":{"start":{"line":40,"column":32},"end":{"line":40,"column":62}},"locations":[{"start":{"line":40,"column":32},"end":{"line":40,"column":62}}]},"6":{"type":"branch","line":45,"loc":{"start":{"line":45,"column":14},"end":{"line":45,"column":44}},"locations":[{"start":{"line":45,"column":14},"end":{"line":45,"column":44}}]},"7":{"type":"branch","line":46,"loc":{"start":{"line":46,"column":15},"end":{"line":46,"column":47}},"locations":[{"start":{"line":46,"column":15},"end":{"line":46,"column":47}}]},"8":{"type":"branch","line":47,"loc":{"start":{"line":47,"column":18},"end":{"line":47,"column":56}},"locations":[{"start":{"line":47,"column":18},"end":{"line":47,"column":56}}]},"9":{"type":"branch","line":48,"loc":{"start":{"line":48,"column":14},"end":{"line":48,"column":48}},"locations":[{"start":{"line":48,"column":14},"end":{"line":48,"column":48}}]},"10":{"type":"branch","line":50,"loc":{"start":{"line":50,"column":16},"end":{"line":50,"column":50}},"locations":[{"start":{"line":50,"column":16},"end":{"line":50,"column":50}}]},"11":{"type":"branch","line":51,"loc":{"start":{"line":51,"column":17},"end":{"line":51,"column":53}},"locations":[{"start":{"line":51,"column":17},"end":{"line":51,"column":53}}]}},"b":{"0":[10],"1":[10],"2":[2],"3":[8],"4":[2],"5":[2],"6":[7],"7":[11],"8":[15],"9":[41],"10":[17],"11":[4]},"fnMap":{"0":{"name":"setFavorites","decl":{"start":{"line":34,"column":16},"end":{"line":44,"column":4}},"loc":{"start":{"line":34,"column":16},"end":{"line":44,"column":4}},"line":34},"1":{"name":"setPokemon","decl":{"start":{"line":45,"column":14},"end":{"line":45,"column":44}},"loc":{"start":{"line":45,"column":14},"end":{"line":45,"column":44}},"line":45},"2":{"name":"setPokemons","decl":{"start":{"line":46,"column":15},"end":{"line":46,"column":47}},"loc":{"start":{"line":46,"column":15},"end":{"line":46,"column":47}},"line":46},"3":{"name":"setAllPokemons","decl":{"start":{"line":47,"column":18},"end":{"line":47,"column":56}},"loc":{"start":{"line":47,"column":18},"end":{"line":47,"column":56}},"line":47},"4":{"name":"setLoading","decl":{"start":{"line":48,"column":14},"end":{"line":48,"column":48}},"loc":{"start":{"line":48,"column":14},"end":{"line":48,"column":48}},"line":48},"5":{"name":"setError","decl":{"start":{"line":49,"column":12},"end":{"line":49,"column":38}},"loc":{"start":{"line":49,"column":12},"end":{"line":49,"column":38}},"line":49},"6":{"name":"setSearchKey","decl":{"start":{"line":50,"column":16},"end":{"line":50,"column":50}},"loc":{"start":{"line":50,"column":16},"end":{"line":50,"column":50}},"line":50},"7":{"name":"setSearchTerm","decl":{"start":{"line":51,"column":17},"end":{"line":51,"column":53}},"loc":{"start":{"line":51,"column":17},"end":{"line":51,"column":53}},"line":51}},"f":{"0":10,"1":7,"2":11,"3":15,"4":41,"5":0,"6":17,"7":4}}
,"/Users/mobdev/Documents/Desafio/pokedex/src/types/pokemon.ts": {"path":"/Users/mobdev/Documents/Desafio/pokedex/src/types/pokemon.ts","all":true,"statementMap":{},"s":{},"branchMap":{"0":{"type":"branch","line":1,"loc":{"start":{"line":1,"column":4172},"end":{"line":190,"column":1}},"locations":[{"start":{"line":1,"column":4172},"end":{"line":190,"column":1}}]}},"b":{"0":[1]},"fnMap":{"0":{"name":"(empty-report)","decl":{"start":{"line":1,"column":4172},"end":{"line":190,"column":1}},"loc":{"start":{"line":1,"column":4172},"end":{"line":190,"column":1}},"line":1}},"f":{"0":1}}
,"/Users/mobdev/Documents/Desafio/pokedex/src/types/pokemonByType.ts": {"path":"/Users/mobdev/Documents/Desafio/pokedex/src/types/pokemonByType.ts","all":true,"statementMap":{},"s":{},"branchMap":{"0":{"type":"branch","line":1,"loc":{"start":{"line":1,"column":181},"end":{"line":10,"column":1}},"locations":[{"start":{"line":1,"column":181},"end":{"line":10,"column":1}}]}},"b":{"0":[1]},"fnMap":{"0":{"name":"(empty-report)","decl":{"start":{"line":1,"column":181},"end":{"line":10,"column":1}},"loc":{"start":{"line":1,"column":181},"end":{"line":10,"column":1}},"line":1}},"f":{"0":1}}
}
