{"/Users/mobdev/Documents/Desafio/pokedex/postcss.config.js": {"path":"/Users/mobdev/Documents/Desafio/pokedex/postcss.config.js","all":true,"statementMap":{"0":{"start":{"line":1,"column":0},"end":{"line":1,"column":16}},"1":{"start":{"line":2,"column":0},"end":{"line":2,"column":12}},"2":{"start":{"line":3,"column":0},"end":{"line":3,"column":20}},"3":{"start":{"line":4,"column":0},"end":{"line":4,"column":21}},"4":{"start":{"line":5,"column":0},"end":{"line":5,"column":4}},"5":{"start":{"line":6,"column":0},"end":{"line":6,"column":1}}},"s":{"0":0,"1":0,"2":0,"3":0,"4":0,"5":0},"branchMap":{"0":{"type":"branch","line":1,"loc":{"start":{"line":1,"column":0},"end":{"line":6,"column":-11}},"locations":[{"start":{"line":1,"column":0},"end":{"line":6,"column":-11}}]}},"b":{"0":[0]},"fnMap":{"0":{"name":"(empty-report)","decl":{"start":{"line":1,"column":0},"end":{"line":6,"column":-11}},"loc":{"start":{"line":1,"column":0},"end":{"line":6,"column":-11}},"line":1}},"f":{"0":0}}
,"/Users/mobdev/Documents/Desafio/pokedex/tailwind.config.js": {"path":"/Users/mobdev/Documents/Desafio/pokedex/tailwind.config.js","all":true,"statementMap":{"0":{"start":{"line":1,"column":0},"end":{"line":1,"column":43}},"1":{"start":{"line":2,"column":0},"end":{"line":2,"column":16}},"2":{"start":{"line":3,"column":0},"end":{"line":3,"column":58}},"3":{"start":{"line":4,"column":0},"end":{"line":4,"column":10}},"4":{"start":{"line":5,"column":0},"end":{"line":5,"column":13}},"5":{"start":{"line":6,"column":0},"end":{"line":6,"column":25}},"6":{"start":{"line":7,"column":0},"end":{"line":7,"column":29}},"7":{"start":{"line":8,"column":0},"end":{"line":8,"column":43}},"8":{"start":{"line":9,"column":0},"end":{"line":9,"column":0}},"9":{"start":{"line":10,"column":0},"end":{"line":10,"column":50}},"10":{"start":{"line":11,"column":0},"end":{"line":11,"column":29}},"11":{"start":{"line":12,"column":0},"end":{"line":12,"column":7}},"12":{"start":{"line":13,"column":0},"end":{"line":13,"column":6}},"13":{"start":{"line":14,"column":0},"end":{"line":14,"column":12}},"14":{"start":{"line":15,"column":0},"end":{"line":15,"column":23}},"15":{"start":{"line":16,"column":0},"end":{"line":16,"column":26}},"16":{"start":{"line":17,"column":0},"end":{"line":17,"column":23}},"17":{"start":{"line":18,"column":0},"end":{"line":18,"column":5}},"18":{"start":{"line":19,"column":0},"end":{"line":19,"column":4}},"19":{"start":{"line":20,"column":0},"end":{"line":20,"column":14}},"20":{"start":{"line":21,"column":0},"end":{"line":21,"column":1}}},"s":{"0":0,"1":0,"2":0,"3":0,"4":0,"5":0,"6":0,"7":0,"8":0,"9":0,"10":0,"11":0,"12":0,"13":0,"14":0,"15":0,"16":0,"17":0,"18":0,"19":0,"20":0},"branchMap":{"0":{"type":"branch","line":1,"loc":{"start":{"line":1,"column":0},"end":{"line":21,"column":-13}},"locations":[{"start":{"line":1,"column":0},"end":{"line":21,"column":-13}}]}},"b":{"0":[0]},"fnMap":{"0":{"name":"(empty-report)","decl":{"start":{"line":1,"column":0},"end":{"line":21,"column":-13}},"loc":{"start":{"line":1,"column":0},"end":{"line":21,"column":-13}},"line":1}},"f":{"0":0}}
,"/Users/mobdev/Documents/Desafio/pokedex/src/App.tsx": {"path":"/Users/mobdev/Documents/Desafio/pokedex/src/App.tsx","all":false,"statementMap":{"0":{"start":{"line":1,"column":0},"end":{"line":1,"column":50}},"1":{"start":{"line":2,"column":0},"end":{"line":2,"column":19}},"2":{"start":{"line":3,"column":0},"end":{"line":3,"column":34}},"4":{"start":{"line":5,"column":0},"end":{"line":5,"column":16}},"5":{"start":{"line":6,"column":0},"end":{"line":6,"column":45}},"6":{"start":{"line":7,"column":0},"end":{"line":7,"column":1}},"8":{"start":{"line":9,"column":0},"end":{"line":9,"column":19}}},"s":{"0":1,"1":1,"2":1,"4":1,"5":1,"6":1,"8":1},"branchMap":{"0":{"type":"branch","line":5,"loc":{"start":{"line":5,"column":0},"end":{"line":7,"column":1}},"locations":[{"start":{"line":5,"column":0},"end":{"line":7,"column":1}}]}},"b":{"0":[1]},"fnMap":{"0":{"name":"App","decl":{"start":{"line":5,"column":0},"end":{"line":7,"column":1}},"loc":{"start":{"line":5,"column":0},"end":{"line":7,"column":1}},"line":5}},"f":{"0":1}}
,"/Users/mobdev/Documents/Desafio/pokedex/src/main.tsx": {"path":"/Users/mobdev/Documents/Desafio/pokedex/src/main.tsx","all":true,"statementMap":{"0":{"start":{"line":1,"column":0},"end":{"line":1,"column":34}},"1":{"start":{"line":2,"column":0},"end":{"line":2,"column":45}},"2":{"start":{"line":3,"column":0},"end":{"line":3,"column":20}},"3":{"start":{"line":4,"column":0},"end":{"line":4,"column":27}},"5":{"start":{"line":6,"column":0},"end":{"line":6,"column":52}},"6":{"start":{"line":7,"column":0},"end":{"line":7,"column":14}},"7":{"start":{"line":8,"column":0},"end":{"line":8,"column":11}},"8":{"start":{"line":9,"column":0},"end":{"line":9,"column":16}},"9":{"start":{"line":10,"column":0},"end":{"line":10,"column":1}}},"s":{"0":0,"1":0,"2":0,"3":0,"5":0,"6":0,"7":0,"8":0,"9":0},"branchMap":{"0":{"type":"branch","line":1,"loc":{"start":{"line":1,"column":229},"end":{"line":10,"column":1}},"locations":[{"start":{"line":1,"column":229},"end":{"line":10,"column":1}}]}},"b":{"0":[0]},"fnMap":{"0":{"name":"(empty-report)","decl":{"start":{"line":1,"column":229},"end":{"line":10,"column":1}},"loc":{"start":{"line":1,"column":229},"end":{"line":10,"column":1}},"line":1}},"f":{"0":0}}
,"/Users/mobdev/Documents/Desafio/pokedex/src/components/Card.tsx": {"path":"/Users/mobdev/Documents/Desafio/pokedex/src/components/Card.tsx","all":false,"statementMap":{"0":{"start":{"line":1,"column":0},"end":{"line":1,"column":48}},"9":{"start":{"line":10,"column":0},"end":{"line":10,"column":59}},"10":{"start":{"line":11,"column":0},"end":{"line":11,"column":41}},"11":{"start":{"line":12,"column":0},"end":{"line":12,"column":47}},"12":{"start":{"line":13,"column":0},"end":{"line":13,"column":1}},"13":{"start":{"line":14,"column":0},"end":{"line":14,"column":54}},"14":{"start":{"line":15,"column":0},"end":{"line":15,"column":23}},"15":{"start":{"line":16,"column":0},"end":{"line":16,"column":22}},"16":{"start":{"line":17,"column":0},"end":{"line":17,"column":90}},"17":{"start":{"line":18,"column":0},"end":{"line":18,"column":15}},"18":{"start":{"line":19,"column":0},"end":{"line":19,"column":31}},"20":{"start":{"line":21,"column":0},"end":{"line":21,"column":19}},"21":{"start":{"line":22,"column":0},"end":{"line":22,"column":16}},"23":{"start":{"line":24,"column":0},"end":{"line":24,"column":19}},"25":{"start":{"line":26,"column":0},"end":{"line":26,"column":10}},"26":{"start":{"line":27,"column":0},"end":{"line":27,"column":8}},"27":{"start":{"line":28,"column":0},"end":{"line":28,"column":21}},"28":{"start":{"line":29,"column":0},"end":{"line":29,"column":185}},"29":{"start":{"line":30,"column":0},"end":{"line":30,"column":23}},"31":{"start":{"line":32,"column":0},"end":{"line":32,"column":94}},"32":{"start":{"line":33,"column":0},"end":{"line":33,"column":65}},"33":{"start":{"line":34,"column":0},"end":{"line":34,"column":23}},"35":{"start":{"line":36,"column":0},"end":{"line":36,"column":81}},"37":{"start":{"line":38,"column":0},"end":{"line":38,"column":60}},"38":{"start":{"line":39,"column":0},"end":{"line":39,"column":55}},"39":{"start":{"line":40,"column":0},"end":{"line":40,"column":12}},"40":{"start":{"line":41,"column":0},"end":{"line":41,"column":10}},"41":{"start":{"line":42,"column":0},"end":{"line":42,"column":34}},"42":{"start":{"line":43,"column":0},"end":{"line":43,"column":128}},"43":{"start":{"line":44,"column":0},"end":{"line":44,"column":21}},"44":{"start":{"line":45,"column":0},"end":{"line":45,"column":16}},"45":{"start":{"line":46,"column":0},"end":{"line":46,"column":8}},"46":{"start":{"line":47,"column":0},"end":{"line":47,"column":75}},"47":{"start":{"line":48,"column":0},"end":{"line":48,"column":10}},"49":{"start":{"line":50,"column":0},"end":{"line":50,"column":2}}},"s":{"0":1,"9":172,"10":172,"11":172,"12":172,"13":1,"14":81,"15":81,"16":81,"17":10,"18":81,"20":81,"21":53,"23":81,"25":81,"26":81,"27":81,"28":81,"29":81,"31":81,"32":81,"33":81,"35":1,"37":80,"38":81,"39":81,"40":81,"41":81,"42":81,"43":81,"44":81,"45":81,"46":81,"47":81,"49":81},"branchMap":{"0":{"type":"branch","line":10,"loc":{"start":{"line":10,"column":0},"end":{"line":13,"column":1}},"locations":[{"start":{"line":10,"column":0},"end":{"line":13,"column":1}}]},"1":{"type":"branch","line":12,"loc":{"start":{"line":12,"column":9},"end":{"line":12,"column":42}},"locations":[{"start":{"line":12,"column":9},"end":{"line":12,"column":42}}]},"2":{"type":"branch","line":12,"loc":{"start":{"line":12,"column":38},"end":{"line":12,"column":47}},"locations":[{"start":{"line":12,"column":38},"end":{"line":12,"column":47}}]},"3":{"type":"branch","line":14,"loc":{"start":{"line":14,"column":20},"end":{"line":50,"column":2}},"locations":[{"start":{"line":14,"column":20},"end":{"line":50,"column":2}}]},"4":{"type":"branch","line":34,"loc":{"start":{"line":34,"column":21},"end":{"line":36,"column":81}},"locations":[{"start":{"line":34,"column":21},"end":{"line":36,"column":81}}]},"5":{"type":"branch","line":36,"loc":{"start":{"line":36,"column":79},"end":{"line":38,"column":60}},"locations":[{"start":{"line":36,"column":79},"end":{"line":38,"column":60}}]},"6":{"type":"branch","line":17,"loc":{"start":{"line":17,"column":33},"end":{"line":19,"column":6}},"locations":[{"start":{"line":17,"column":33},"end":{"line":19,"column":6}}]},"7":{"type":"branch","line":17,"loc":{"start":{"line":17,"column":53},"end":{"line":19,"column":3}},"locations":[{"start":{"line":17,"column":53},"end":{"line":19,"column":3}}]},"8":{"type":"branch","line":21,"loc":{"start":{"line":21,"column":12},"end":{"line":24,"column":5}},"locations":[{"start":{"line":21,"column":12},"end":{"line":24,"column":5}}]}},"b":{"0":[172],"1":[156],"2":[16],"3":[81],"4":[1],"5":[80],"6":[134],"7":[10],"8":[53]},"fnMap":{"0":{"name":"extractNumberFromUrl","decl":{"start":{"line":10,"column":0},"end":{"line":13,"column":1}},"loc":{"start":{"line":10,"column":0},"end":{"line":13,"column":1}},"line":10},"1":{"name":"Card","decl":{"start":{"line":14,"column":20},"end":{"line":50,"column":2}},"loc":{"start":{"line":14,"column":20},"end":{"line":50,"column":2}},"line":14}},"f":{"0":172,"1":81}}
,"/Users/mobdev/Documents/Desafio/pokedex/src/components/Navbar.tsx": {"path":"/Users/mobdev/Documents/Desafio/pokedex/src/components/Navbar.tsx","all":false,"statementMap":{"0":{"start":{"line":1,"column":0},"end":{"line":1,"column":0}},"6":{"start":{"line":7,"column":0},"end":{"line":7,"column":29}},"7":{"start":{"line":8,"column":0},"end":{"line":8,"column":32}},"8":{"start":{"line":9,"column":0},"end":{"line":9,"column":10}},"9":{"start":{"line":10,"column":0},"end":{"line":10,"column":61}},"10":{"start":{"line":11,"column":0},"end":{"line":11,"column":115}},"11":{"start":{"line":12,"column":0},"end":{"line":12,"column":66}},"12":{"start":{"line":13,"column":0},"end":{"line":13,"column":70}},"13":{"start":{"line":14,"column":0},"end":{"line":14,"column":12}},"14":{"start":{"line":15,"column":0},"end":{"line":15,"column":27}},"15":{"start":{"line":16,"column":0},"end":{"line":16,"column":128}},"16":{"start":{"line":17,"column":0},"end":{"line":17,"column":12}},"17":{"start":{"line":18,"column":0},"end":{"line":18,"column":10}},"19":{"start":{"line":20,"column":0},"end":{"line":20,"column":2}}},"s":{"0":1,"6":1,"7":9,"8":9,"9":9,"10":9,"11":9,"12":9,"13":9,"14":9,"15":9,"16":9,"17":9,"19":9},"branchMap":{"0":{"type":"branch","line":7,"loc":{"start":{"line":7,"column":22},"end":{"line":20,"column":2}},"locations":[{"start":{"line":7,"column":22},"end":{"line":20,"column":2}}]},"1":{"type":"branch","line":11,"loc":{"start":{"line":11,"column":20},"end":{"line":11,"column":39}},"locations":[{"start":{"line":11,"column":20},"end":{"line":11,"column":39}}]},"2":{"type":"branch","line":16,"loc":{"start":{"line":16,"column":99},"end":{"line":16,"column":126}},"locations":[{"start":{"line":16,"column":99},"end":{"line":16,"column":126}}]}},"b":{"0":[9],"1":[1],"2":[1]},"fnMap":{"0":{"name":"Navbar","decl":{"start":{"line":7,"column":22},"end":{"line":20,"column":2}},"loc":{"start":{"line":7,"column":22},"end":{"line":20,"column":2}},"line":7},"1":{"name":"onClick","decl":{"start":{"line":11,"column":20},"end":{"line":11,"column":39}},"loc":{"start":{"line":11,"column":20},"end":{"line":11,"column":39}},"line":11},"2":{"name":"onClick","decl":{"start":{"line":16,"column":99},"end":{"line":16,"column":126}},"loc":{"start":{"line":16,"column":99},"end":{"line":16,"column":126}},"line":16}},"f":{"0":9,"1":1,"2":1}}
,"/Users/mobdev/Documents/Desafio/pokedex/src/components/NotFound.tsx": {"path":"/Users/mobdev/Documents/Desafio/pokedex/src/components/NotFound.tsx","all":false,"statementMap":{"0":{"start":{"line":1,"column":0},"end":{"line":1,"column":0}},"4":{"start":{"line":5,"column":0},"end":{"line":5,"column":31}},"5":{"start":{"line":6,"column":0},"end":{"line":6,"column":10}},"6":{"start":{"line":7,"column":0},"end":{"line":7,"column":124}},"7":{"start":{"line":8,"column":0},"end":{"line":8,"column":30}},"8":{"start":{"line":9,"column":0},"end":{"line":9,"column":83}},"10":{"start":{"line":11,"column":0},"end":{"line":11,"column":106}},"11":{"start":{"line":12,"column":0},"end":{"line":12,"column":12}},"12":{"start":{"line":13,"column":0},"end":{"line":13,"column":96}},"13":{"start":{"line":14,"column":0},"end":{"line":14,"column":10}},"15":{"start":{"line":16,"column":0},"end":{"line":16,"column":1}}},"s":{"0":1,"4":1,"5":1,"6":1,"7":1,"8":1,"10":1,"11":1,"12":1,"13":1,"15":1},"branchMap":{"0":{"type":"branch","line":5,"loc":{"start":{"line":5,"column":24},"end":{"line":16,"column":1}},"locations":[{"start":{"line":5,"column":24},"end":{"line":16,"column":1}}]}},"b":{"0":[1]},"fnMap":{"0":{"name":"NotFound","decl":{"start":{"line":5,"column":24},"end":{"line":16,"column":1}},"loc":{"start":{"line":5,"column":24},"end":{"line":16,"column":1}},"line":5}},"f":{"0":1}}
,"/Users/mobdev/Documents/Desafio/pokedex/src/components/Paginator.tsx": {"path":"/Users/mobdev/Documents/Desafio/pokedex/src/components/Paginator.tsx","all":false,"statementMap":{"0":{"start":{"line":1,"column":0},"end":{"line":1,"column":64}},"8":{"start":{"line":9,"column":0},"end":{"line":9,"column":55}},"10":{"start":{"line":11,"column":0},"end":{"line":11,"column":58}},"12":{"start":{"line":13,"column":0},"end":{"line":13,"column":59}},"13":{"start":{"line":14,"column":0},"end":{"line":14,"column":69}},"16":{"start":{"line":17,"column":0},"end":{"line":17,"column":60}},"18":{"start":{"line":19,"column":0},"end":{"line":19,"column":39}},"19":{"start":{"line":20,"column":0},"end":{"line":20,"column":16}},"20":{"start":{"line":21,"column":0},"end":{"line":21,"column":5}},"21":{"start":{"line":22,"column":0},"end":{"line":22,"column":20}},"22":{"start":{"line":23,"column":0},"end":{"line":23,"column":79}},"23":{"start":{"line":24,"column":0},"end":{"line":24,"column":5}},"25":{"start":{"line":26,"column":0},"end":{"line":26,"column":44}},"26":{"start":{"line":27,"column":0},"end":{"line":27,"column":51}},"28":{"start":{"line":29,"column":0},"end":{"line":29,"column":84}},"29":{"start":{"line":30,"column":0},"end":{"line":30,"column":19}},"31":{"start":{"line":32,"column":0},"end":{"line":32,"column":19}},"33":{"start":{"line":34,"column":0},"end":{"line":34,"column":50}},"34":{"start":{"line":35,"column":0},"end":{"line":35,"column":52}},"37":{"start":{"line":38,"column":0},"end":{"line":38,"column":101}},"38":{"start":{"line":39,"column":0},"end":{"line":39,"column":22}},"39":{"start":{"line":40,"column":0},"end":{"line":40,"column":26}},"40":{"start":{"line":41,"column":0},"end":{"line":41,"column":4}},"42":{"start":{"line":43,"column":0},"end":{"line":43,"column":10}},"43":{"start":{"line":44,"column":0},"end":{"line":44,"column":131}},"44":{"start":{"line":45,"column":0},"end":{"line":45,"column":61}},"45":{"start":{"line":46,"column":0},"end":{"line":46,"column":15}},"46":{"start":{"line":47,"column":0},"end":{"line":47,"column":56}},"47":{"start":{"line":48,"column":0},"end":{"line":48,"column":159}},"48":{"start":{"line":49,"column":0},"end":{"line":49,"column":38}},"49":{"start":{"line":50,"column":0},"end":{"line":50,"column":9}},"51":{"start":{"line":52,"column":0},"end":{"line":52,"column":17}},"52":{"start":{"line":53,"column":0},"end":{"line":53,"column":15}},"55":{"start":{"line":56,"column":0},"end":{"line":56,"column":161}},"57":{"start":{"line":58,"column":0},"end":{"line":58,"column":29}},"58":{"start":{"line":59,"column":0},"end":{"line":59,"column":23}},"59":{"start":{"line":60,"column":0},"end":{"line":60,"column":15}},"60":{"start":{"line":61,"column":0},"end":{"line":61,"column":56}},"61":{"start":{"line":62,"column":0},"end":{"line":62,"column":164}},"62":{"start":{"line":63,"column":0},"end":{"line":63,"column":47}},"63":{"start":{"line":64,"column":0},"end":{"line":64,"column":9}},"65":{"start":{"line":66,"column":0},"end":{"line":66,"column":17}},"66":{"start":{"line":67,"column":0},"end":{"line":67,"column":12}},"67":{"start":{"line":68,"column":0},"end":{"line":68,"column":98}},"68":{"start":{"line":69,"column":0},"end":{"line":69,"column":13}},"69":{"start":{"line":70,"column":0},"end":{"line":70,"column":47}},"70":{"start":{"line":71,"column":0},"end":{"line":71,"column":84}},"71":{"start":{"line":72,"column":0},"end":{"line":72,"column":103}},"72":{"start":{"line":73,"column":0},"end":{"line":73,"column":69}},"73":{"start":{"line":74,"column":0},"end":{"line":74,"column":14}},"74":{"start":{"line":75,"column":0},"end":{"line":75,"column":14}},"75":{"start":{"line":76,"column":0},"end":{"line":76,"column":13}},"76":{"start":{"line":77,"column":0},"end":{"line":77,"column":14}},"77":{"start":{"line":78,"column":0},"end":{"line":78,"column":35}},"78":{"start":{"line":79,"column":0},"end":{"line":79,"column":76}},"80":{"start":{"line":81,"column":0},"end":{"line":81,"column":19}},"81":{"start":{"line":82,"column":0},"end":{"line":82,"column":38}},"82":{"start":{"line":83,"column":0},"end":{"line":83,"column":60}},"83":{"start":{"line":84,"column":0},"end":{"line":84,"column":179}},"84":{"start":{"line":85,"column":0},"end":{"line":85,"column":42}},"86":{"start":{"line":87,"column":0},"end":{"line":87,"column":70}},"87":{"start":{"line":88,"column":0},"end":{"line":88,"column":21}},"89":{"start":{"line":90,"column":0},"end":{"line":90,"column":38}},"90":{"start":{"line":91,"column":0},"end":{"line":91,"column":21}},"91":{"start":{"line":92,"column":0},"end":{"line":92,"column":26}},"92":{"start":{"line":93,"column":0},"end":{"line":93,"column":53}},"93":{"start":{"line":94,"column":0},"end":{"line":94,"column":96}},"94":{"start":{"line":95,"column":0},"end":{"line":95,"column":38}},"95":{"start":{"line":96,"column":0},"end":{"line":96,"column":55}},"96":{"start":{"line":97,"column":0},"end":{"line":97,"column":54}},"97":{"start":{"line":98,"column":0},"end":{"line":98,"column":85}},"99":{"start":{"line":100,"column":0},"end":{"line":100,"column":22}},"100":{"start":{"line":101,"column":0},"end":{"line":101,"column":23}},"101":{"start":{"line":102,"column":0},"end":{"line":102,"column":15}},"103":{"start":{"line":104,"column":0},"end":{"line":104,"column":19}},"104":{"start":{"line":105,"column":0},"end":{"line":105,"column":39}},"105":{"start":{"line":106,"column":0},"end":{"line":106,"column":60}},"106":{"start":{"line":107,"column":0},"end":{"line":107,"column":179}},"107":{"start":{"line":108,"column":0},"end":{"line":108,"column":51}},"109":{"start":{"line":110,"column":0},"end":{"line":110,"column":71}},"110":{"start":{"line":111,"column":0},"end":{"line":111,"column":21}},"111":{"start":{"line":112,"column":0},"end":{"line":112,"column":16}},"112":{"start":{"line":113,"column":0},"end":{"line":113,"column":14}},"113":{"start":{"line":114,"column":0},"end":{"line":114,"column":12}},"114":{"start":{"line":115,"column":0},"end":{"line":115,"column":10}},"116":{"start":{"line":117,"column":0},"end":{"line":117,"column":1}}},"s":{"0":1,"8":1,"10":65,"12":65,"13":65,"16":65,"18":16,"19":9,"20":9,"21":7,"22":6,"23":6,"25":1,"26":1,"28":1,"29":65,"31":65,"33":16,"34":65,"37":65,"38":6,"39":6,"40":6,"42":65,"43":65,"44":65,"45":65,"46":65,"47":65,"48":65,"49":65,"51":65,"52":65,"55":65,"57":65,"58":65,"59":65,"60":65,"61":65,"62":65,"63":65,"65":65,"66":65,"67":65,"68":65,"69":65,"70":65,"71":65,"72":65,"73":65,"74":65,"75":65,"76":65,"77":65,"78":65,"80":65,"81":65,"82":65,"83":65,"84":65,"86":65,"87":65,"89":65,"90":93,"91":93,"92":93,"93":93,"94":93,"95":40,"96":53,"97":93,"99":93,"100":93,"101":65,"103":65,"104":65,"105":65,"106":65,"107":65,"109":65,"110":65,"111":65,"112":65,"113":65,"114":65,"116":65},"branchMap":{"0":{"type":"branch","line":9,"loc":{"start":{"line":9,"column":7},"end":{"line":117,"column":1}},"locations":[{"start":{"line":9,"column":7},"end":{"line":117,"column":1}}]},"1":{"type":"branch","line":14,"loc":{"start":{"line":14,"column":34},"end":{"line":14,"column":42}},"locations":[{"start":{"line":14,"column":34},"end":{"line":14,"column":42}}]},"2":{"type":"branch","line":14,"loc":{"start":{"line":14,"column":38},"end":{"line":14,"column":69}},"locations":[{"start":{"line":14,"column":38},"end":{"line":14,"column":69}}]},"3":{"type":"branch","line":72,"loc":{"start":{"line":72,"column":56},"end":{"line":72,"column":73}},"locations":[{"start":{"line":72,"column":56},"end":{"line":72,"column":73}}]},"4":{"type":"branch","line":72,"loc":{"start":{"line":72,"column":61},"end":{"line":72,"column":88}},"locations":[{"start":{"line":72,"column":61},"end":{"line":72,"column":88}}]},"5":{"type":"branch","line":17,"loc":{"start":{"line":17,"column":41},"end":{"line":30,"column":5}},"locations":[{"start":{"line":17,"column":41},"end":{"line":30,"column":5}}]},"6":{"type":"branch","line":19,"loc":{"start":{"line":19,"column":16},"end":{"line":19,"column":38}},"locations":[{"start":{"line":19,"column":16},"end":{"line":19,"column":38}}]},"7":{"type":"branch","line":19,"loc":{"start":{"line":19,"column":38},"end":{"line":29,"column":84}},"locations":[{"start":{"line":19,"column":38},"end":{"line":29,"column":84}}]},"8":{"type":"branch","line":21,"loc":{"start":{"line":21,"column":4},"end":{"line":29,"column":84}},"locations":[{"start":{"line":21,"column":4},"end":{"line":29,"column":84}}]},"9":{"type":"branch","line":22,"loc":{"start":{"line":22,"column":19},"end":{"line":24,"column":5}},"locations":[{"start":{"line":22,"column":19},"end":{"line":24,"column":5}}]},"10":{"type":"branch","line":24,"loc":{"start":{"line":24,"column":4},"end":{"line":29,"column":84}},"locations":[{"start":{"line":24,"column":4},"end":{"line":29,"column":84}}]},"11":{"type":"branch","line":23,"loc":{"start":{"line":23,"column":62},"end":{"line":23,"column":77}},"locations":[{"start":{"line":23,"column":62},"end":{"line":23,"column":77}}]},"12":{"type":"branch","line":29,"loc":{"start":{"line":29,"column":59},"end":{"line":29,"column":82}},"locations":[{"start":{"line":29,"column":59},"end":{"line":29,"column":82}}]},"13":{"type":"branch","line":32,"loc":{"start":{"line":32,"column":12},"end":{"line":35,"column":5}},"locations":[{"start":{"line":32,"column":12},"end":{"line":35,"column":5}}]},"14":{"type":"branch","line":38,"loc":{"start":{"line":38,"column":22},"end":{"line":41,"column":4}},"locations":[{"start":{"line":38,"column":22},"end":{"line":41,"column":4}}]},"15":{"type":"branch","line":47,"loc":{"start":{"line":47,"column":19},"end":{"line":47,"column":56}},"locations":[{"start":{"line":47,"column":19},"end":{"line":47,"column":56}}]},"16":{"type":"branch","line":61,"loc":{"start":{"line":61,"column":19},"end":{"line":61,"column":56}},"locations":[{"start":{"line":61,"column":19},"end":{"line":61,"column":56}}]},"17":{"type":"branch","line":83,"loc":{"start":{"line":83,"column":23},"end":{"line":83,"column":60}},"locations":[{"start":{"line":83,"column":23},"end":{"line":83,"column":60}}]},"18":{"type":"branch","line":90,"loc":{"start":{"line":90,"column":27},"end":{"line":101,"column":23}},"locations":[{"start":{"line":90,"column":27},"end":{"line":101,"column":23}}]},"19":{"type":"branch","line":95,"loc":{"start":{"line":95,"column":27},"end":{"line":96,"column":55}},"locations":[{"start":{"line":95,"column":27},"end":{"line":96,"column":55}}]},"20":{"type":"branch","line":96,"loc":{"start":{"line":96,"column":22},"end":{"line":97,"column":54}},"locations":[{"start":{"line":96,"column":22},"end":{"line":97,"column":54}}]},"21":{"type":"branch","line":93,"loc":{"start":{"line":93,"column":25},"end":{"line":93,"column":53}},"locations":[{"start":{"line":93,"column":25},"end":{"line":93,"column":53}}]},"22":{"type":"branch","line":106,"loc":{"start":{"line":106,"column":23},"end":{"line":106,"column":60}},"locations":[{"start":{"line":106,"column":23},"end":{"line":106,"column":60}}]}},"b":{"0":[65],"1":[9],"2":[56],"3":[51],"4":[14],"5":[16],"6":[13],"7":[9],"8":[7],"9":[6],"10":[1],"11":[50],"12":[10],"13":[16],"14":[6],"15":[1],"16":[1],"17":[1],"18":[93],"19":[40],"20":[53],"21":[2],"22":[1]},"fnMap":{"0":{"name":"Paginator","decl":{"start":{"line":9,"column":7},"end":{"line":117,"column":1}},"loc":{"start":{"line":9,"column":7},"end":{"line":117,"column":1}},"line":9},"1":{"name":"handleClick","decl":{"start":{"line":38,"column":22},"end":{"line":41,"column":4}},"loc":{"start":{"line":38,"column":22},"end":{"line":41,"column":4}},"line":38},"2":{"name":"onClick","decl":{"start":{"line":47,"column":19},"end":{"line":47,"column":56}},"loc":{"start":{"line":47,"column":19},"end":{"line":47,"column":56}},"line":47},"3":{"name":"onClick","decl":{"start":{"line":61,"column":19},"end":{"line":61,"column":56}},"loc":{"start":{"line":61,"column":19},"end":{"line":61,"column":56}},"line":61},"4":{"name":"onClick","decl":{"start":{"line":83,"column":23},"end":{"line":83,"column":60}},"loc":{"start":{"line":83,"column":23},"end":{"line":83,"column":60}},"line":83},"5":{"name":"onClick","decl":{"start":{"line":93,"column":25},"end":{"line":93,"column":53}},"loc":{"start":{"line":93,"column":25},"end":{"line":93,"column":53}},"line":93},"6":{"name":"onClick","decl":{"start":{"line":106,"column":23},"end":{"line":106,"column":60}},"loc":{"start":{"line":106,"column":23},"end":{"line":106,"column":60}},"line":106}},"f":{"0":65,"1":6,"2":1,"3":1,"4":1,"5":2,"6":1}}
,"/Users/mobdev/Documents/Desafio/pokedex/src/components/PokemonFavoriteList.tsx": {"path":"/Users/mobdev/Documents/Desafio/pokedex/src/components/PokemonFavoriteList.tsx","all":false,"statementMap":{"0":{"start":{"line":1,"column":0},"end":{"line":1,"column":0}},"8":{"start":{"line":9,"column":0},"end":{"line":9,"column":42}},"9":{"start":{"line":10,"column":0},"end":{"line":10,"column":33}},"10":{"start":{"line":11,"column":0},"end":{"line":11,"column":42}},"11":{"start":{"line":12,"column":0},"end":{"line":12,"column":48}},"12":{"start":{"line":13,"column":0},"end":{"line":13,"column":41}},"13":{"start":{"line":14,"column":0},"end":{"line":14,"column":4}},"14":{"start":{"line":15,"column":0},"end":{"line":15,"column":10}},"15":{"start":{"line":16,"column":0},"end":{"line":16,"column":140}},"16":{"start":{"line":17,"column":0},"end":{"line":17,"column":60}},"17":{"start":{"line":18,"column":0},"end":{"line":18,"column":77}},"18":{"start":{"line":19,"column":0},"end":{"line":19,"column":58}},"19":{"start":{"line":20,"column":0},"end":{"line":20,"column":15}},"20":{"start":{"line":21,"column":0},"end":{"line":21,"column":38}},"21":{"start":{"line":22,"column":0},"end":{"line":22,"column":37}},"22":{"start":{"line":23,"column":0},"end":{"line":23,"column":59}},"23":{"start":{"line":24,"column":0},"end":{"line":24,"column":12}},"24":{"start":{"line":25,"column":0},"end":{"line":25,"column":10}},"26":{"start":{"line":27,"column":0},"end":{"line":27,"column":53}},"28":{"start":{"line":29,"column":0},"end":{"line":29,"column":12}},"29":{"start":{"line":30,"column":0},"end":{"line":30,"column":10}},"31":{"start":{"line":32,"column":0},"end":{"line":32,"column":2}}},"s":{"0":1,"8":1,"9":9,"10":9,"11":9,"12":1,"13":1,"14":9,"15":9,"16":9,"17":9,"18":9,"19":4,"20":4,"21":4,"22":4,"23":4,"24":4,"26":5,"28":9,"29":9,"31":9},"branchMap":{"0":{"type":"branch","line":9,"loc":{"start":{"line":9,"column":35},"end":{"line":32,"column":2}},"locations":[{"start":{"line":9,"column":35},"end":{"line":32,"column":2}}]},"1":{"type":"branch","line":19,"loc":{"start":{"line":19,"column":26},"end":{"line":25,"column":10}},"locations":[{"start":{"line":19,"column":26},"end":{"line":25,"column":10}}]},"2":{"type":"branch","line":25,"loc":{"start":{"line":25,"column":9},"end":{"line":27,"column":53}},"locations":[{"start":{"line":25,"column":9},"end":{"line":27,"column":53}}]},"3":{"type":"branch","line":12,"loc":{"start":{"line":12,"column":25},"end":{"line":14,"column":4}},"locations":[{"start":{"line":12,"column":25},"end":{"line":14,"column":4}}]},"4":{"type":"branch","line":19,"loc":{"start":{"line":19,"column":44},"end":{"line":24,"column":12}},"locations":[{"start":{"line":19,"column":44},"end":{"line":24,"column":12}}]},"5":{"type":"branch","line":23,"loc":{"start":{"line":23,"column":21},"end":{"line":23,"column":59}},"locations":[{"start":{"line":23,"column":21},"end":{"line":23,"column":59}}]}},"b":{"0":[9],"1":[4],"2":[5],"3":[1],"4":[4],"5":[1]},"fnMap":{"0":{"name":"PokemonFavoriteList","decl":{"start":{"line":9,"column":35},"end":{"line":32,"column":2}},"loc":{"start":{"line":9,"column":35},"end":{"line":32,"column":2}},"line":9},"1":{"name":"handleNavigate","decl":{"start":{"line":12,"column":25},"end":{"line":14,"column":4}},"loc":{"start":{"line":12,"column":25},"end":{"line":14,"column":4}},"line":12},"2":{"name":"onClick","decl":{"start":{"line":23,"column":21},"end":{"line":23,"column":59}},"loc":{"start":{"line":23,"column":21},"end":{"line":23,"column":59}},"line":23}},"f":{"0":9,"1":1,"2":1}}
,"/Users/mobdev/Documents/Desafio/pokedex/src/components/PokemonList.tsx": {"path":"/Users/mobdev/Documents/Desafio/pokedex/src/components/PokemonList.tsx","all":false,"statementMap":{"0":{"start":{"line":1,"column":0},"end":{"line":1,"column":0}},"7":{"start":{"line":8,"column":0},"end":{"line":8,"column":34}},"10":{"start":{"line":11,"column":0},"end":{"line":11,"column":33}},"11":{"start":{"line":12,"column":0},"end":{"line":12,"column":41}},"12":{"start":{"line":13,"column":0},"end":{"line":13,"column":48}},"13":{"start":{"line":14,"column":0},"end":{"line":14,"column":40}},"14":{"start":{"line":15,"column":0},"end":{"line":15,"column":4}},"18":{"start":{"line":19,"column":0},"end":{"line":19,"column":10}},"19":{"start":{"line":20,"column":0},"end":{"line":20,"column":8}},"20":{"start":{"line":21,"column":0},"end":{"line":21,"column":38}},"21":{"start":{"line":22,"column":0},"end":{"line":22,"column":87}},"23":{"start":{"line":24,"column":0},"end":{"line":24,"column":78}},"24":{"start":{"line":25,"column":0},"end":{"line":25,"column":36}},"26":{"start":{"line":27,"column":0},"end":{"line":27,"column":17}},"27":{"start":{"line":28,"column":0},"end":{"line":28,"column":32}},"28":{"start":{"line":29,"column":0},"end":{"line":29,"column":31}},"29":{"start":{"line":30,"column":0},"end":{"line":30,"column":53}},"30":{"start":{"line":31,"column":0},"end":{"line":31,"column":14}},"32":{"start":{"line":33,"column":0},"end":{"line":33,"column":11}},"33":{"start":{"line":34,"column":0},"end":{"line":34,"column":12}},"34":{"start":{"line":35,"column":0},"end":{"line":35,"column":10}},"36":{"start":{"line":37,"column":0},"end":{"line":37,"column":2}}},"s":{"0":1,"7":1,"10":28,"11":28,"12":28,"13":1,"14":1,"18":28,"19":28,"20":28,"21":28,"23":28,"24":28,"26":76,"27":76,"28":76,"29":76,"30":76,"32":28,"33":28,"34":28,"36":28},"branchMap":{"0":{"type":"branch","line":8,"loc":{"start":{"line":8,"column":27},"end":{"line":37,"column":2}},"locations":[{"start":{"line":8,"column":27},"end":{"line":37,"column":2}}]},"1":{"type":"branch","line":13,"loc":{"start":{"line":13,"column":25},"end":{"line":15,"column":4}},"locations":[{"start":{"line":13,"column":25},"end":{"line":15,"column":4}}]},"2":{"type":"branch","line":25,"loc":{"start":{"line":25,"column":22},"end":{"line":31,"column":14}},"locations":[{"start":{"line":25,"column":22},"end":{"line":31,"column":14}}]},"3":{"type":"branch","line":30,"loc":{"start":{"line":30,"column":23},"end":{"line":30,"column":53}},"locations":[{"start":{"line":30,"column":23},"end":{"line":30,"column":53}}]}},"b":{"0":[28],"1":[1],"2":[76],"3":[1]},"fnMap":{"0":{"name":"PokemonList","decl":{"start":{"line":8,"column":27},"end":{"line":37,"column":2}},"loc":{"start":{"line":8,"column":27},"end":{"line":37,"column":2}},"line":8},"1":{"name":"handleNavigate","decl":{"start":{"line":13,"column":25},"end":{"line":15,"column":4}},"loc":{"start":{"line":13,"column":25},"end":{"line":15,"column":4}},"line":13},"2":{"name":"onClick","decl":{"start":{"line":30,"column":23},"end":{"line":30,"column":53}},"loc":{"start":{"line":30,"column":23},"end":{"line":30,"column":53}},"line":30}},"f":{"0":28,"1":1,"2":1}}
,"/Users/mobdev/Documents/Desafio/pokedex/src/components/Search.tsx": {"path":"/Users/mobdev/Documents/Desafio/pokedex/src/components/Search.tsx","all":false,"statementMap":{"0":{"start":{"line":1,"column":0},"end":{"line":1,"column":48}},"7":{"start":{"line":8,"column":0},"end":{"line":8,"column":52}},"8":{"start":{"line":9,"column":0},"end":{"line":9,"column":50}},"9":{"start":{"line":10,"column":0},"end":{"line":10,"column":71}},"10":{"start":{"line":11,"column":0},"end":{"line":11,"column":46}},"12":{"start":{"line":13,"column":0},"end":{"line":13,"column":24}},"13":{"start":{"line":14,"column":0},"end":{"line":14,"column":62}},"14":{"start":{"line":15,"column":0},"end":{"line":15,"column":8}},"15":{"start":{"line":16,"column":0},"end":{"line":16,"column":23}},"16":{"start":{"line":17,"column":0},"end":{"line":17,"column":53}},"18":{"start":{"line":19,"column":0},"end":{"line":19,"column":40}},"19":{"start":{"line":20,"column":0},"end":{"line":20,"column":21}},"20":{"start":{"line":21,"column":0},"end":{"line":21,"column":32}},"21":{"start":{"line":22,"column":0},"end":{"line":22,"column":5}},"22":{"start":{"line":23,"column":0},"end":{"line":23,"column":4}},"24":{"start":{"line":25,"column":0},"end":{"line":25,"column":72}},"25":{"start":{"line":26,"column":0},"end":{"line":26,"column":52}},"26":{"start":{"line":27,"column":0},"end":{"line":27,"column":35}},"27":{"start":{"line":28,"column":0},"end":{"line":28,"column":21}},"28":{"start":{"line":29,"column":0},"end":{"line":29,"column":4}},"30":{"start":{"line":31,"column":0},"end":{"line":31,"column":26}},"31":{"start":{"line":32,"column":0},"end":{"line":32,"column":62}},"32":{"start":{"line":33,"column":0},"end":{"line":33,"column":8}},"33":{"start":{"line":34,"column":0},"end":{"line":34,"column":23}},"34":{"start":{"line":35,"column":0},"end":{"line":35,"column":23}},"35":{"start":{"line":36,"column":0},"end":{"line":36,"column":4}},"38":{"start":{"line":39,"column":0},"end":{"line":39,"column":10}},"39":{"start":{"line":40,"column":0},"end":{"line":40,"column":42}},"40":{"start":{"line":41,"column":0},"end":{"line":41,"column":32}},"41":{"start":{"line":42,"column":0},"end":{"line":42,"column":93}},"42":{"start":{"line":43,"column":0},"end":{"line":43,"column":17}},"43":{"start":{"line":44,"column":0},"end":{"line":44,"column":36}},"44":{"start":{"line":45,"column":0},"end":{"line":45,"column":43}},"45":{"start":{"line":46,"column":0},"end":{"line":46,"column":327}},"47":{"start":{"line":48,"column":0},"end":{"line":48,"column":36}},"48":{"start":{"line":49,"column":0},"end":{"line":49,"column":51}},"49":{"start":{"line":50,"column":0},"end":{"line":50,"column":19}},"50":{"start":{"line":51,"column":0},"end":{"line":51,"column":22}},"51":{"start":{"line":52,"column":0},"end":{"line":52,"column":16}},"52":{"start":{"line":53,"column":0},"end":{"line":53,"column":43}},"53":{"start":{"line":54,"column":0},"end":{"line":54,"column":112}},"55":{"start":{"line":56,"column":0},"end":{"line":56,"column":17}},"56":{"start":{"line":57,"column":0},"end":{"line":57,"column":31}},"57":{"start":{"line":58,"column":0},"end":{"line":58,"column":88}},"58":{"start":{"line":59,"column":0},"end":{"line":59,"column":56}},"59":{"start":{"line":60,"column":0},"end":{"line":60,"column":15}},"61":{"start":{"line":62,"column":0},"end":{"line":62,"column":19}},"62":{"start":{"line":63,"column":0},"end":{"line":63,"column":17}},"63":{"start":{"line":64,"column":0},"end":{"line":64,"column":31}},"64":{"start":{"line":65,"column":0},"end":{"line":65,"column":88}},"65":{"start":{"line":66,"column":0},"end":{"line":66,"column":56}},"66":{"start":{"line":67,"column":0},"end":{"line":67,"column":15}},"68":{"start":{"line":69,"column":0},"end":{"line":69,"column":19}},"69":{"start":{"line":70,"column":0},"end":{"line":70,"column":18}},"71":{"start":{"line":72,"column":0},"end":{"line":72,"column":53}},"72":{"start":{"line":73,"column":0},"end":{"line":73,"column":18}},"73":{"start":{"line":74,"column":0},"end":{"line":74,"column":26}},"74":{"start":{"line":75,"column":0},"end":{"line":75,"column":25}},"75":{"start":{"line":76,"column":0},"end":{"line":76,"column":34}},"76":{"start":{"line":77,"column":0},"end":{"line":77,"column":266}},"77":{"start":{"line":78,"column":0},"end":{"line":78,"column":37}},"78":{"start":{"line":79,"column":0},"end":{"line":79,"column":22}},"79":{"start":{"line":80,"column":0},"end":{"line":80,"column":14}},"80":{"start":{"line":81,"column":0},"end":{"line":81,"column":19}},"81":{"start":{"line":82,"column":0},"end":{"line":82,"column":41}},"82":{"start":{"line":83,"column":0},"end":{"line":83,"column":271}},"83":{"start":{"line":84,"column":0},"end":{"line":84,"column":46}},"85":{"start":{"line":86,"column":0},"end":{"line":86,"column":18}},"86":{"start":{"line":87,"column":0},"end":{"line":87,"column":35}},"87":{"start":{"line":88,"column":0},"end":{"line":88,"column":34}},"88":{"start":{"line":89,"column":0},"end":{"line":89,"column":50}},"89":{"start":{"line":90,"column":0},"end":{"line":90,"column":27}},"90":{"start":{"line":91,"column":0},"end":{"line":91,"column":35}},"92":{"start":{"line":93,"column":0},"end":{"line":93,"column":21}},"93":{"start":{"line":94,"column":0},"end":{"line":94,"column":39}},"94":{"start":{"line":95,"column":0},"end":{"line":95,"column":39}},"95":{"start":{"line":96,"column":0},"end":{"line":96,"column":40}},"96":{"start":{"line":97,"column":0},"end":{"line":97,"column":33}},"97":{"start":{"line":98,"column":0},"end":{"line":98,"column":66}},"98":{"start":{"line":99,"column":0},"end":{"line":99,"column":18}},"99":{"start":{"line":100,"column":0},"end":{"line":100,"column":20}},"100":{"start":{"line":101,"column":0},"end":{"line":101,"column":53}},"101":{"start":{"line":102,"column":0},"end":{"line":102,"column":21}},"102":{"start":{"line":103,"column":0},"end":{"line":103,"column":16}},"103":{"start":{"line":104,"column":0},"end":{"line":104,"column":14}},"104":{"start":{"line":105,"column":0},"end":{"line":105,"column":13}},"105":{"start":{"line":106,"column":0},"end":{"line":106,"column":10}},"107":{"start":{"line":108,"column":0},"end":{"line":108,"column":2}}},"s":{"0":1,"7":1,"8":54,"9":54,"10":54,"12":54,"13":5,"14":5,"15":5,"16":5,"18":5,"19":5,"20":3,"21":3,"22":5,"24":54,"25":5,"26":5,"27":5,"28":5,"30":54,"31":6,"32":6,"33":6,"34":6,"35":6,"38":54,"39":54,"40":54,"41":54,"42":54,"43":54,"44":54,"45":54,"47":54,"48":54,"49":54,"50":54,"51":6,"52":6,"53":6,"55":6,"56":6,"57":6,"58":6,"59":6,"61":6,"62":6,"63":6,"64":6,"65":6,"66":6,"68":6,"69":6,"71":54,"72":54,"73":54,"74":54,"75":54,"76":54,"77":54,"78":54,"79":54,"80":54,"81":54,"82":54,"83":54,"85":54,"86":54,"87":54,"88":54,"89":54,"90":54,"92":54,"93":54,"94":54,"95":54,"96":54,"97":54,"98":54,"99":54,"100":54,"101":54,"102":54,"103":54,"104":54,"105":54,"107":54},"branchMap":{"0":{"type":"branch","line":8,"loc":{"start":{"line":8,"column":22},"end":{"line":108,"column":2}},"locations":[{"start":{"line":8,"column":22},"end":{"line":108,"column":2}}]},"1":{"type":"branch","line":48,"loc":{"start":{"line":48,"column":13},"end":{"line":48,"column":36}},"locations":[{"start":{"line":48,"column":13},"end":{"line":48,"column":36}}]},"2":{"type":"branch","line":51,"loc":{"start":{"line":51,"column":11},"end":{"line":70,"column":18}},"locations":[{"start":{"line":51,"column":11},"end":{"line":70,"column":18}}]},"3":{"type":"branch","line":13,"loc":{"start":{"line":13,"column":23},"end":{"line":23,"column":4}},"locations":[{"start":{"line":13,"column":23},"end":{"line":23,"column":4}}]},"4":{"type":"branch","line":17,"loc":{"start":{"line":17,"column":41},"end":{"line":17,"column":53}},"locations":[{"start":{"line":17,"column":41},"end":{"line":17,"column":53}}]},"5":{"type":"branch","line":20,"loc":{"start":{"line":20,"column":20},"end":{"line":22,"column":5}},"locations":[{"start":{"line":20,"column":20},"end":{"line":22,"column":5}}]},"6":{"type":"branch","line":25,"loc":{"start":{"line":25,"column":31},"end":{"line":29,"column":4}},"locations":[{"start":{"line":25,"column":31},"end":{"line":29,"column":4}}]},"7":{"type":"branch","line":31,"loc":{"start":{"line":31,"column":25},"end":{"line":36,"column":4}},"locations":[{"start":{"line":31,"column":25},"end":{"line":36,"column":4}}]},"8":{"type":"branch","line":59,"loc":{"start":{"line":59,"column":25},"end":{"line":59,"column":56}},"locations":[{"start":{"line":59,"column":25},"end":{"line":59,"column":56}}]},"9":{"type":"branch","line":84,"loc":{"start":{"line":84,"column":23},"end":{"line":84,"column":46}},"locations":[{"start":{"line":84,"column":23},"end":{"line":84,"column":46}}]}},"b":{"0":[54],"1":[42],"2":[6],"3":[5],"4":[2],"5":[3],"6":[5],"7":[6],"8":[5],"9":[5]},"fnMap":{"0":{"name":"Search","decl":{"start":{"line":8,"column":22},"end":{"line":108,"column":2}},"loc":{"start":{"line":8,"column":22},"end":{"line":108,"column":2}},"line":8},"1":{"name":"handleSubmit","decl":{"start":{"line":13,"column":23},"end":{"line":23,"column":4}},"loc":{"start":{"line":13,"column":23},"end":{"line":23,"column":4}},"line":13},"2":{"name":"handleOptionSelected","decl":{"start":{"line":25,"column":31},"end":{"line":29,"column":4}},"loc":{"start":{"line":25,"column":31},"end":{"line":29,"column":4}},"line":25},"3":{"name":"toggleDropdown","decl":{"start":{"line":31,"column":25},"end":{"line":36,"column":4}},"loc":{"start":{"line":31,"column":25},"end":{"line":36,"column":4}},"line":31},"4":{"name":"onClick","decl":{"start":{"line":59,"column":25},"end":{"line":59,"column":56}},"loc":{"start":{"line":59,"column":25},"end":{"line":59,"column":56}},"line":59},"5":{"name":"onClick","decl":{"start":{"line":66,"column":25},"end":{"line":66,"column":56}},"loc":{"start":{"line":66,"column":25},"end":{"line":66,"column":56}},"line":66},"6":{"name":"onClick","decl":{"start":{"line":84,"column":23},"end":{"line":84,"column":46}},"loc":{"start":{"line":84,"column":23},"end":{"line":84,"column":46}},"line":84}},"f":{"0":54,"1":5,"2":5,"3":6,"4":5,"5":0,"6":5}}
,"/Users/mobdev/Documents/Desafio/pokedex/src/components/index.ts": {"path":"/Users/mobdev/Documents/Desafio/pokedex/src/components/index.ts","all":false,"statementMap":{"0":{"start":{"line":1,"column":0},"end":{"line":1,"column":34}}},"s":{"0":1},"branchMap":{},"b":{},"fnMap":{},"f":{}}
,"/Users/mobdev/Documents/Desafio/pokedex/src/hooks/useFetchPokemons.ts": {"path":"/Users/mobdev/Documents/Desafio/pokedex/src/hooks/useFetchPokemons.ts","all":false,"statementMap":{"0":{"start":{"line":1,"column":0},"end":{"line":1,"column":36}},"1":{"start":{"line":2,"column":0},"end":{"line":2,"column":52}},"2":{"start":{"line":3,"column":0},"end":{"line":3,"column":63}},"3":{"start":{"line":4,"column":0},"end":{"line":4,"column":56}},"6":{"start":{"line":7,"column":0},"end":{"line":7,"column":29}},"8":{"start":{"line":9,"column":0},"end":{"line":9,"column":71}},"9":{"start":{"line":10,"column":0},"end":{"line":10,"column":58}},"11":{"start":{"line":12,"column":0},"end":{"line":12,"column":51}},"12":{"start":{"line":13,"column":0},"end":{"line":13,"column":25}},"13":{"start":{"line":14,"column":0},"end":{"line":14,"column":56}},"14":{"start":{"line":15,"column":0},"end":{"line":15,"column":55}},"15":{"start":{"line":16,"column":0},"end":{"line":16,"column":43}},"16":{"start":{"line":17,"column":0},"end":{"line":17,"column":49}},"17":{"start":{"line":18,"column":0},"end":{"line":18,"column":35}},"18":{"start":{"line":19,"column":0},"end":{"line":19,"column":26}},"19":{"start":{"line":20,"column":0},"end":{"line":20,"column":80}},"21":{"start":{"line":22,"column":0},"end":{"line":22,"column":28}},"22":{"start":{"line":23,"column":0},"end":{"line":23,"column":1}},"24":{"start":{"line":25,"column":0},"end":{"line":25,"column":31}}},"s":{"0":1,"1":1,"2":1,"3":1,"6":1,"8":42,"9":42,"11":42,"12":11,"13":11,"14":9,"15":9,"16":9,"17":9,"18":9,"19":42,"21":42,"22":42,"24":1},"branchMap":{"0":{"type":"branch","line":7,"loc":{"start":{"line":7,"column":24},"end":{"line":23,"column":1}},"locations":[{"start":{"line":7,"column":24},"end":{"line":23,"column":1}}]},"1":{"type":"branch","line":12,"loc":{"start":{"line":12,"column":38},"end":{"line":20,"column":9}},"locations":[{"start":{"line":12,"column":38},"end":{"line":20,"column":9}}]},"2":{"type":"branch","line":14,"loc":{"start":{"line":14,"column":54},"end":{"line":19,"column":26}},"locations":[{"start":{"line":14,"column":54},"end":{"line":19,"column":26}}]}},"b":{"0":[42],"1":[11],"2":[9]},"fnMap":{"0":{"name":"useFetchPokemons","decl":{"start":{"line":7,"column":24},"end":{"line":23,"column":1}},"loc":{"start":{"line":7,"column":24},"end":{"line":23,"column":1}},"line":7}},"f":{"0":42}}
,"/Users/mobdev/Documents/Desafio/pokedex/src/hooks/usePaginator.ts": {"path":"/Users/mobdev/Documents/Desafio/pokedex/src/hooks/usePaginator.ts","all":false,"statementMap":{"0":{"start":{"line":1,"column":0},"end":{"line":1,"column":36}},"1":{"start":{"line":2,"column":0},"end":{"line":2,"column":56}},"2":{"start":{"line":3,"column":0},"end":{"line":3,"column":52}},"9":{"start":{"line":10,"column":0},"end":{"line":10,"column":62}},"10":{"start":{"line":11,"column":0},"end":{"line":11,"column":49}},"12":{"start":{"line":13,"column":0},"end":{"line":13,"column":56}},"14":{"start":{"line":15,"column":0},"end":{"line":15,"column":38}},"15":{"start":{"line":16,"column":0},"end":{"line":16,"column":31}},"16":{"start":{"line":17,"column":0},"end":{"line":17,"column":23}},"17":{"start":{"line":18,"column":0},"end":{"line":18,"column":29}},"18":{"start":{"line":19,"column":0},"end":{"line":19,"column":45}},"19":{"start":{"line":20,"column":0},"end":{"line":20,"column":29}},"20":{"start":{"line":21,"column":0},"end":{"line":21,"column":24}},"21":{"start":{"line":22,"column":0},"end":{"line":22,"column":6}},"22":{"start":{"line":23,"column":0},"end":{"line":23,"column":58}},"23":{"start":{"line":24,"column":0},"end":{"line":24,"column":4}},"25":{"start":{"line":26,"column":0},"end":{"line":26,"column":25}},"26":{"start":{"line":27,"column":0},"end":{"line":27,"column":2}},"28":{"start":{"line":29,"column":0},"end":{"line":29,"column":28}}},"s":{"0":1,"1":1,"2":1,"9":1,"10":42,"12":42,"14":42,"15":42,"16":1,"17":1,"18":1,"19":1,"20":1,"21":1,"22":42,"23":42,"25":42,"26":42,"28":1},"branchMap":{"0":{"type":"branch","line":10,"loc":{"start":{"line":10,"column":21},"end":{"line":27,"column":2}},"locations":[{"start":{"line":10,"column":21},"end":{"line":27,"column":2}}]},"1":{"type":"branch","line":16,"loc":{"start":{"line":16,"column":4},"end":{"line":22,"column":6}},"locations":[{"start":{"line":16,"column":4},"end":{"line":22,"column":6}}]}},"b":{"0":[42],"1":[1]},"fnMap":{"0":{"name":"usePaginator","decl":{"start":{"line":10,"column":21},"end":{"line":27,"column":2}},"loc":{"start":{"line":10,"column":21},"end":{"line":27,"column":2}},"line":10}},"f":{"0":42}}
,"/Users/mobdev/Documents/Desafio/pokedex/src/hooks/usePokemonSearch.ts": {"path":"/Users/mobdev/Documents/Desafio/pokedex/src/hooks/usePokemonSearch.ts","all":false,"statementMap":{"0":{"start":{"line":1,"column":0},"end":{"line":1,"column":36}},"2":{"start":{"line":3,"column":0},"end":{"line":3,"column":61}},"3":{"start":{"line":4,"column":0},"end":{"line":4,"column":52}},"4":{"start":{"line":5,"column":0},"end":{"line":5,"column":56}},"10":{"start":{"line":11,"column":0},"end":{"line":11,"column":72}},"11":{"start":{"line":12,"column":0},"end":{"line":12,"column":48}},"13":{"start":{"line":14,"column":0},"end":{"line":14,"column":71}},"15":{"start":{"line":16,"column":0},"end":{"line":16,"column":35}},"16":{"start":{"line":17,"column":0},"end":{"line":17,"column":76}},"17":{"start":{"line":18,"column":0},"end":{"line":18,"column":23}},"18":{"start":{"line":19,"column":0},"end":{"line":19,"column":18}},"19":{"start":{"line":20,"column":0},"end":{"line":20,"column":30}},"20":{"start":{"line":21,"column":0},"end":{"line":21,"column":26}},"21":{"start":{"line":22,"column":0},"end":{"line":22,"column":15}},"22":{"start":{"line":23,"column":0},"end":{"line":23,"column":7}},"24":{"start":{"line":25,"column":0},"end":{"line":25,"column":33}},"25":{"start":{"line":26,"column":0},"end":{"line":26,"column":42}},"26":{"start":{"line":27,"column":0},"end":{"line":27,"column":67}},"27":{"start":{"line":28,"column":0},"end":{"line":28,"column":51}},"28":{"start":{"line":29,"column":0},"end":{"line":29,"column":10}},"29":{"start":{"line":30,"column":0},"end":{"line":30,"column":46}},"30":{"start":{"line":31,"column":0},"end":{"line":31,"column":37}},"31":{"start":{"line":32,"column":0},"end":{"line":32,"column":7}},"33":{"start":{"line":34,"column":0},"end":{"line":34,"column":33}},"34":{"start":{"line":35,"column":0},"end":{"line":35,"column":52}},"35":{"start":{"line":36,"column":0},"end":{"line":36,"column":61}},"36":{"start":{"line":37,"column":0},"end":{"line":37,"column":52}},"37":{"start":{"line":38,"column":0},"end":{"line":38,"column":7}},"39":{"start":{"line":40,"column":0},"end":{"line":40,"column":24}},"40":{"start":{"line":41,"column":0},"end":{"line":41,"column":6}},"41":{"start":{"line":42,"column":0},"end":{"line":42,"column":74}},"42":{"start":{"line":43,"column":0},"end":{"line":43,"column":4}},"44":{"start":{"line":45,"column":0},"end":{"line":45,"column":26}},"45":{"start":{"line":46,"column":0},"end":{"line":46,"column":2}},"47":{"start":{"line":48,"column":0},"end":{"line":48,"column":32}}},"s":{"0":1,"2":1,"3":1,"4":1,"10":1,"11":42,"13":42,"15":42,"16":42,"17":4,"18":4,"19":2,"20":2,"21":2,"22":2,"24":4,"25":1,"26":1,"27":3,"28":1,"29":1,"30":1,"31":1,"33":4,"34":1,"35":1,"36":1,"37":1,"39":2,"40":4,"41":42,"42":42,"44":42,"45":42,"47":1},"branchMap":{"0":{"type":"branch","line":11,"loc":{"start":{"line":11,"column":25},"end":{"line":46,"column":2}},"locations":[{"start":{"line":11,"column":25},"end":{"line":46,"column":2}}]},"1":{"type":"branch","line":17,"loc":{"start":{"line":17,"column":4},"end":{"line":41,"column":6}},"locations":[{"start":{"line":17,"column":4},"end":{"line":41,"column":6}}]},"2":{"type":"branch","line":19,"loc":{"start":{"line":19,"column":17},"end":{"line":25,"column":32}},"locations":[{"start":{"line":19,"column":17},"end":{"line":25,"column":32}}]},"3":{"type":"branch","line":25,"loc":{"start":{"line":25,"column":32},"end":{"line":32,"column":7}},"locations":[{"start":{"line":25,"column":32},"end":{"line":32,"column":7}}]},"4":{"type":"branch","line":32,"loc":{"start":{"line":32,"column":6},"end":{"line":34,"column":32}},"locations":[{"start":{"line":32,"column":6},"end":{"line":34,"column":32}}]},"5":{"type":"branch","line":34,"loc":{"start":{"line":34,"column":32},"end":{"line":38,"column":7}},"locations":[{"start":{"line":34,"column":32},"end":{"line":38,"column":7}}]},"6":{"type":"branch","line":38,"loc":{"start":{"line":38,"column":6},"end":{"line":40,"column":24}},"locations":[{"start":{"line":38,"column":6},"end":{"line":40,"column":24}}]},"7":{"type":"branch","line":27,"loc":{"start":{"line":27,"column":55},"end":{"line":28,"column":51}},"locations":[{"start":{"line":27,"column":55},"end":{"line":28,"column":51}}]}},"b":{"0":[42],"1":[4],"2":[2],"3":[1],"4":[2],"5":[1],"6":[2],"7":[3]},"fnMap":{"0":{"name":"usePokemonSearch","decl":{"start":{"line":11,"column":25},"end":{"line":46,"column":2}},"loc":{"start":{"line":11,"column":25},"end":{"line":46,"column":2}},"line":11}},"f":{"0":42}}
,"/Users/mobdev/Documents/Desafio/pokedex/src/layouts/RootLayout.tsx": {"path":"/Users/mobdev/Documents/Desafio/pokedex/src/layouts/RootLayout.tsx","all":false,"statementMap":{"0":{"start":{"line":1,"column":0},"end":{"line":1,"column":0}},"2":{"start":{"line":3,"column":0},"end":{"line":3,"column":41}},"3":{"start":{"line":4,"column":0},"end":{"line":4,"column":38}},"5":{"start":{"line":6,"column":0},"end":{"line":6,"column":26}},"6":{"start":{"line":7,"column":0},"end":{"line":7,"column":10}},"7":{"start":{"line":8,"column":0},"end":{"line":8,"column":69}},"8":{"start":{"line":9,"column":0},"end":{"line":9,"column":13}},"9":{"start":{"line":10,"column":0},"end":{"line":10,"column":13}},"10":{"start":{"line":11,"column":0},"end":{"line":11,"column":10}},"12":{"start":{"line":13,"column":0},"end":{"line":13,"column":1}},"14":{"start":{"line":15,"column":0},"end":{"line":15,"column":25}}},"s":{"0":1,"2":1,"3":1,"5":1,"6":6,"7":6,"8":6,"9":6,"10":6,"12":6,"14":1},"branchMap":{"0":{"type":"branch","line":6,"loc":{"start":{"line":6,"column":19},"end":{"line":13,"column":1}},"locations":[{"start":{"line":6,"column":19},"end":{"line":13,"column":1}}]}},"b":{"0":[6]},"fnMap":{"0":{"name":"RootLayout","decl":{"start":{"line":6,"column":19},"end":{"line":13,"column":1}},"loc":{"start":{"line":6,"column":19},"end":{"line":13,"column":1}},"line":6}},"f":{"0":6}}
,"/Users/mobdev/Documents/Desafio/pokedex/src/pages/Details/index.tsx": {"path":"/Users/mobdev/Documents/Desafio/pokedex/src/pages/Details/index.tsx","all":false,"statementMap":{"0":{"start":{"line":1,"column":0},"end":{"line":1,"column":47}},"1":{"start":{"line":2,"column":0},"end":{"line":2,"column":45}},"2":{"start":{"line":3,"column":0},"end":{"line":3,"column":54}},"3":{"start":{"line":4,"column":0},"end":{"line":4,"column":55}},"4":{"start":{"line":5,"column":0},"end":{"line":5,"column":58}},"6":{"start":{"line":7,"column":0},"end":{"line":7,"column":30}},"7":{"start":{"line":8,"column":0},"end":{"line":8,"column":31}},"9":{"start":{"line":10,"column":0},"end":{"line":10,"column":9}},"10":{"start":{"line":11,"column":0},"end":{"line":11,"column":15}},"11":{"start":{"line":12,"column":0},"end":{"line":12,"column":12}},"12":{"start":{"line":13,"column":0},"end":{"line":13,"column":14}},"13":{"start":{"line":14,"column":0},"end":{"line":14,"column":15}},"14":{"start":{"line":15,"column":0},"end":{"line":15,"column":14}},"15":{"start":{"line":16,"column":0},"end":{"line":16,"column":17}},"16":{"start":{"line":17,"column":0},"end":{"line":17,"column":24}},"18":{"start":{"line":19,"column":0},"end":{"line":19,"column":48}},"19":{"start":{"line":20,"column":0},"end":{"line":20,"column":21}},"20":{"start":{"line":21,"column":0},"end":{"line":21,"column":48}},"21":{"start":{"line":22,"column":0},"end":{"line":22,"column":26}},"22":{"start":{"line":23,"column":0},"end":{"line":23,"column":22}},"23":{"start":{"line":24,"column":0},"end":{"line":24,"column":37}},"25":{"start":{"line":26,"column":0},"end":{"line":26,"column":33}},"26":{"start":{"line":27,"column":0},"end":{"line":27,"column":57}},"27":{"start":{"line":28,"column":0},"end":{"line":28,"column":27}},"28":{"start":{"line":29,"column":0},"end":{"line":29,"column":4}},"30":{"start":{"line":31,"column":0},"end":{"line":31,"column":19}},"31":{"start":{"line":32,"column":0},"end":{"line":32,"column":19}},"32":{"start":{"line":33,"column":0},"end":{"line":33,"column":21}},"34":{"start":{"line":35,"column":0},"end":{"line":35,"column":19}},"35":{"start":{"line":36,"column":0},"end":{"line":36,"column":17}},"36":{"start":{"line":37,"column":0},"end":{"line":37,"column":19}},"38":{"start":{"line":39,"column":0},"end":{"line":39,"column":10}},"39":{"start":{"line":40,"column":0},"end":{"line":40,"column":8}},"40":{"start":{"line":41,"column":0},"end":{"line":41,"column":34}},"41":{"start":{"line":42,"column":0},"end":{"line":42,"column":61}},"43":{"start":{"line":44,"column":0},"end":{"line":44,"column":78}},"44":{"start":{"line":45,"column":0},"end":{"line":45,"column":39}},"45":{"start":{"line":46,"column":0},"end":{"line":46,"column":149}},"47":{"start":{"line":48,"column":0},"end":{"line":48,"column":16}},"49":{"start":{"line":50,"column":0},"end":{"line":50,"column":169}},"50":{"start":{"line":51,"column":0},"end":{"line":51,"column":46}},"51":{"start":{"line":52,"column":0},"end":{"line":52,"column":76}},"52":{"start":{"line":53,"column":0},"end":{"line":53,"column":33}},"53":{"start":{"line":54,"column":0},"end":{"line":54,"column":26}},"54":{"start":{"line":55,"column":0},"end":{"line":55,"column":42}},"55":{"start":{"line":56,"column":0},"end":{"line":56,"column":70}},"56":{"start":{"line":57,"column":0},"end":{"line":57,"column":57}},"57":{"start":{"line":58,"column":0},"end":{"line":58,"column":20}},"59":{"start":{"line":60,"column":0},"end":{"line":60,"column":33}},"60":{"start":{"line":61,"column":0},"end":{"line":61,"column":45}},"61":{"start":{"line":62,"column":0},"end":{"line":62,"column":70}},"62":{"start":{"line":63,"column":0},"end":{"line":63,"column":57}},"63":{"start":{"line":64,"column":0},"end":{"line":64,"column":20}},"65":{"start":{"line":66,"column":0},"end":{"line":66,"column":82}},"66":{"start":{"line":67,"column":0},"end":{"line":67,"column":32}},"67":{"start":{"line":68,"column":0},"end":{"line":68,"column":22}},"68":{"start":{"line":69,"column":0},"end":{"line":69,"column":20}},"70":{"start":{"line":71,"column":0},"end":{"line":71,"column":73}},"71":{"start":{"line":72,"column":0},"end":{"line":72,"column":20}},"72":{"start":{"line":73,"column":0},"end":{"line":73,"column":78}},"73":{"start":{"line":74,"column":0},"end":{"line":74,"column":60}},"74":{"start":{"line":75,"column":0},"end":{"line":75,"column":44}},"75":{"start":{"line":76,"column":0},"end":{"line":76,"column":18}},"76":{"start":{"line":77,"column":0},"end":{"line":77,"column":81}},"77":{"start":{"line":78,"column":0},"end":{"line":78,"column":32}},"78":{"start":{"line":79,"column":0},"end":{"line":79,"column":22}},"79":{"start":{"line":80,"column":0},"end":{"line":80,"column":20}},"80":{"start":{"line":81,"column":0},"end":{"line":81,"column":19}},"81":{"start":{"line":82,"column":0},"end":{"line":82,"column":59}},"82":{"start":{"line":83,"column":0},"end":{"line":83,"column":48}},"83":{"start":{"line":84,"column":0},"end":{"line":84,"column":24}},"84":{"start":{"line":85,"column":0},"end":{"line":85,"column":43}},"85":{"start":{"line":86,"column":0},"end":{"line":86,"column":37}},"86":{"start":{"line":87,"column":0},"end":{"line":87,"column":188}},"88":{"start":{"line":89,"column":0},"end":{"line":89,"column":73}},"89":{"start":{"line":90,"column":0},"end":{"line":90,"column":26}},"90":{"start":{"line":91,"column":0},"end":{"line":91,"column":21}},"91":{"start":{"line":92,"column":0},"end":{"line":92,"column":22}},"92":{"start":{"line":93,"column":0},"end":{"line":93,"column":20}},"93":{"start":{"line":94,"column":0},"end":{"line":94,"column":18}},"94":{"start":{"line":95,"column":0},"end":{"line":95,"column":169}},"95":{"start":{"line":96,"column":0},"end":{"line":96,"column":75}},"96":{"start":{"line":97,"column":0},"end":{"line":97,"column":63}},"97":{"start":{"line":98,"column":0},"end":{"line":98,"column":103}},"98":{"start":{"line":99,"column":0},"end":{"line":99,"column":37}},"99":{"start":{"line":100,"column":0},"end":{"line":100,"column":23}},"100":{"start":{"line":101,"column":0},"end":{"line":101,"column":20}},"101":{"start":{"line":102,"column":0},"end":{"line":102,"column":76}},"102":{"start":{"line":103,"column":0},"end":{"line":103,"column":63}},"103":{"start":{"line":104,"column":0},"end":{"line":104,"column":75}},"104":{"start":{"line":105,"column":0},"end":{"line":105,"column":36}},"105":{"start":{"line":106,"column":0},"end":{"line":106,"column":23}},"106":{"start":{"line":107,"column":0},"end":{"line":107,"column":20}},"107":{"start":{"line":108,"column":0},"end":{"line":108,"column":74}},"108":{"start":{"line":109,"column":0},"end":{"line":109,"column":66}},"109":{"start":{"line":110,"column":0},"end":{"line":110,"column":70}},"110":{"start":{"line":111,"column":0},"end":{"line":111,"column":89}},"111":{"start":{"line":112,"column":0},"end":{"line":112,"column":57}},"112":{"start":{"line":113,"column":0},"end":{"line":113,"column":75}},"113":{"start":{"line":114,"column":0},"end":{"line":114,"column":46}},"114":{"start":{"line":115,"column":0},"end":{"line":115,"column":26}},"115":{"start":{"line":116,"column":0},"end":{"line":116,"column":23}},"116":{"start":{"line":117,"column":0},"end":{"line":117,"column":24}},"117":{"start":{"line":118,"column":0},"end":{"line":118,"column":23}},"118":{"start":{"line":119,"column":0},"end":{"line":119,"column":20}},"119":{"start":{"line":120,"column":0},"end":{"line":120,"column":18}},"120":{"start":{"line":121,"column":0},"end":{"line":121,"column":51}},"121":{"start":{"line":122,"column":0},"end":{"line":122,"column":158}},"122":{"start":{"line":123,"column":0},"end":{"line":123,"column":74}},"123":{"start":{"line":124,"column":0},"end":{"line":124,"column":53}},"124":{"start":{"line":125,"column":0},"end":{"line":125,"column":22}},"125":{"start":{"line":126,"column":0},"end":{"line":126,"column":55}},"126":{"start":{"line":127,"column":0},"end":{"line":127,"column":50}},"127":{"start":{"line":128,"column":0},"end":{"line":128,"column":47}},"128":{"start":{"line":129,"column":0},"end":{"line":129,"column":20}},"130":{"start":{"line":131,"column":0},"end":{"line":131,"column":22}},"131":{"start":{"line":132,"column":0},"end":{"line":132,"column":54}},"132":{"start":{"line":133,"column":0},"end":{"line":133,"column":50}},"133":{"start":{"line":134,"column":0},"end":{"line":134,"column":47}},"134":{"start":{"line":135,"column":0},"end":{"line":135,"column":20}},"135":{"start":{"line":136,"column":0},"end":{"line":136,"column":22}},"136":{"start":{"line":137,"column":0},"end":{"line":137,"column":20}},"138":{"start":{"line":139,"column":0},"end":{"line":139,"column":160}},"139":{"start":{"line":140,"column":0},"end":{"line":140,"column":72}},"140":{"start":{"line":141,"column":0},"end":{"line":141,"column":53}},"141":{"start":{"line":142,"column":0},"end":{"line":142,"column":22}},"142":{"start":{"line":143,"column":0},"end":{"line":143,"column":53}},"143":{"start":{"line":144,"column":0},"end":{"line":144,"column":50}},"144":{"start":{"line":145,"column":0},"end":{"line":145,"column":47}},"145":{"start":{"line":146,"column":0},"end":{"line":146,"column":20}},"147":{"start":{"line":148,"column":0},"end":{"line":148,"column":22}},"148":{"start":{"line":149,"column":0},"end":{"line":149,"column":52}},"149":{"start":{"line":150,"column":0},"end":{"line":150,"column":50}},"150":{"start":{"line":151,"column":0},"end":{"line":151,"column":47}},"151":{"start":{"line":152,"column":0},"end":{"line":152,"column":20}},"152":{"start":{"line":153,"column":0},"end":{"line":153,"column":22}},"153":{"start":{"line":154,"column":0},"end":{"line":154,"column":20}},"154":{"start":{"line":155,"column":0},"end":{"line":155,"column":18}},"155":{"start":{"line":156,"column":0},"end":{"line":156,"column":146}},"156":{"start":{"line":157,"column":0},"end":{"line":157,"column":79}},"157":{"start":{"line":158,"column":0},"end":{"line":158,"column":44}},"158":{"start":{"line":159,"column":0},"end":{"line":159,"column":80}},"159":{"start":{"line":160,"column":0},"end":{"line":160,"column":70}},"161":{"start":{"line":162,"column":0},"end":{"line":162,"column":45}},"162":{"start":{"line":163,"column":0},"end":{"line":163,"column":22}},"163":{"start":{"line":164,"column":0},"end":{"line":164,"column":17}},"164":{"start":{"line":165,"column":0},"end":{"line":165,"column":18}},"165":{"start":{"line":166,"column":0},"end":{"line":166,"column":16}},"167":{"start":{"line":168,"column":0},"end":{"line":168,"column":12}},"168":{"start":{"line":169,"column":0},"end":{"line":169,"column":10}},"170":{"start":{"line":171,"column":0},"end":{"line":171,"column":2}},"172":{"start":{"line":173,"column":0},"end":{"line":173,"column":30}}},"s":{"0":1,"1":1,"2":1,"3":1,"4":1,"6":1,"7":26,"9":26,"10":26,"11":26,"12":26,"13":26,"14":26,"15":26,"16":26,"18":26,"19":8,"20":8,"21":7,"22":7,"23":26,"25":26,"26":26,"27":26,"28":26,"30":26,"31":8,"32":26,"34":26,"35":17,"36":26,"38":26,"39":26,"40":26,"41":26,"43":26,"44":26,"45":10,"47":10,"49":16,"50":16,"51":16,"52":16,"53":6,"54":6,"55":6,"56":6,"57":6,"59":10,"60":10,"61":10,"62":10,"63":10,"65":16,"66":16,"67":16,"68":16,"70":16,"71":16,"72":16,"73":16,"74":16,"75":16,"76":16,"77":16,"78":16,"79":16,"80":16,"81":16,"82":16,"83":32,"84":32,"85":32,"86":32,"88":32,"89":32,"90":16,"91":16,"92":16,"93":16,"94":16,"95":16,"96":16,"97":16,"98":16,"99":16,"100":16,"101":16,"102":16,"103":16,"104":16,"105":16,"106":16,"107":16,"108":16,"109":16,"110":16,"111":16,"112":32,"113":32,"114":32,"115":16,"116":16,"117":16,"118":16,"119":16,"120":16,"121":16,"122":16,"123":16,"124":16,"125":16,"126":16,"127":16,"128":16,"130":16,"131":16,"132":16,"133":16,"134":16,"135":16,"136":16,"138":16,"139":16,"140":16,"141":16,"142":16,"143":16,"144":16,"145":16,"147":16,"148":16,"149":16,"150":16,"151":16,"152":16,"153":16,"154":16,"155":16,"156":16,"157":16,"158":96,"159":96,"161":96,"162":96,"163":16,"164":16,"165":16,"167":26,"168":26,"170":26,"172":1},"branchMap":{"0":{"type":"branch","line":7,"loc":{"start":{"line":7,"column":23},"end":{"line":171,"column":2}},"locations":[{"start":{"line":7,"column":23},"end":{"line":171,"column":2}}]},"1":{"type":"branch","line":45,"loc":{"start":{"line":45,"column":18},"end":{"line":45,"column":39}},"locations":[{"start":{"line":45,"column":18},"end":{"line":45,"column":39}}]},"2":{"type":"branch","line":45,"loc":{"start":{"line":45,"column":26},"end":{"line":48,"column":16}},"locations":[{"start":{"line":45,"column":26},"end":{"line":48,"column":16}}]},"3":{"type":"branch","line":48,"loc":{"start":{"line":48,"column":10},"end":{"line":166,"column":16}},"locations":[{"start":{"line":48,"column":10},"end":{"line":166,"column":16}}]},"4":{"type":"branch","line":53,"loc":{"start":{"line":53,"column":28},"end":{"line":58,"column":20}},"locations":[{"start":{"line":53,"column":28},"end":{"line":58,"column":20}}]},"5":{"type":"branch","line":58,"loc":{"start":{"line":58,"column":18},"end":{"line":64,"column":20}},"locations":[{"start":{"line":58,"column":18},"end":{"line":64,"column":20}}]},"6":{"type":"branch","line":73,"loc":{"start":{"line":73,"column":58},"end":{"line":73,"column":78}},"locations":[{"start":{"line":73,"column":58},"end":{"line":73,"column":78}}]},"7":{"type":"branch","line":19,"loc":{"start":{"line":19,"column":35},"end":{"line":24,"column":5}},"locations":[{"start":{"line":19,"column":35},"end":{"line":24,"column":5}}]},"8":{"type":"branch","line":21,"loc":{"start":{"line":21,"column":46},"end":{"line":23,"column":22}},"locations":[{"start":{"line":21,"column":46},"end":{"line":23,"column":22}}]},"9":{"type":"branch","line":27,"loc":{"start":{"line":27,"column":4},"end":{"line":27,"column":57}},"locations":[{"start":{"line":27,"column":4},"end":{"line":27,"column":57}}]},"10":{"type":"branch","line":27,"loc":{"start":{"line":27,"column":25},"end":{"line":27,"column":55}},"locations":[{"start":{"line":27,"column":25},"end":{"line":27,"column":55}}]},"11":{"type":"branch","line":31,"loc":{"start":{"line":31,"column":12},"end":{"line":33,"column":5}},"locations":[{"start":{"line":31,"column":12},"end":{"line":33,"column":5}}]},"12":{"type":"branch","line":35,"loc":{"start":{"line":35,"column":12},"end":{"line":37,"column":5}},"locations":[{"start":{"line":35,"column":12},"end":{"line":37,"column":5}}]},"13":{"type":"branch","line":57,"loc":{"start":{"line":57,"column":29},"end":{"line":57,"column":57}},"locations":[{"start":{"line":57,"column":29},"end":{"line":57,"column":57}}]},"14":{"type":"branch","line":63,"loc":{"start":{"line":63,"column":29},"end":{"line":63,"column":57}},"locations":[{"start":{"line":63,"column":29},"end":{"line":63,"column":57}}]},"15":{"type":"branch","line":83,"loc":{"start":{"line":83,"column":37},"end":{"line":90,"column":26}},"locations":[{"start":{"line":83,"column":37},"end":{"line":90,"column":26}}]},"16":{"type":"branch","line":112,"loc":{"start":{"line":112,"column":43},"end":{"line":115,"column":26}},"locations":[{"start":{"line":112,"column":43},"end":{"line":115,"column":26}}]},"17":{"type":"branch","line":158,"loc":{"start":{"line":158,"column":33},"end":{"line":163,"column":22}},"locations":[{"start":{"line":158,"column":33},"end":{"line":163,"column":22}}]}},"b":{"0":[26],"1":[22],"2":[10],"3":[16],"4":[6],"5":[10],"6":[0],"7":[8],"8":[7],"9":[33],"10":[11],"11":[8],"12":[17],"13":[1],"14":[2],"15":[32],"16":[32],"17":[96]},"fnMap":{"0":{"name":"PokemonDetails","decl":{"start":{"line":7,"column":23},"end":{"line":171,"column":2}},"loc":{"start":{"line":7,"column":23},"end":{"line":171,"column":2}},"line":7},"1":{"name":"onClick","decl":{"start":{"line":57,"column":29},"end":{"line":57,"column":57}},"loc":{"start":{"line":57,"column":29},"end":{"line":57,"column":57}},"line":57},"2":{"name":"onClick","decl":{"start":{"line":63,"column":29},"end":{"line":63,"column":57}},"loc":{"start":{"line":63,"column":29},"end":{"line":63,"column":57}},"line":63}},"f":{"0":26,"1":1,"2":2}}
,"/Users/mobdev/Documents/Desafio/pokedex/src/pages/Favorites/index.tsx": {"path":"/Users/mobdev/Documents/Desafio/pokedex/src/pages/Favorites/index.tsx","all":false,"statementMap":{"0":{"start":{"line":1,"column":0},"end":{"line":1,"column":54}},"3":{"start":{"line":4,"column":0},"end":{"line":4,"column":25}},"4":{"start":{"line":5,"column":0},"end":{"line":5,"column":10}},"5":{"start":{"line":6,"column":0},"end":{"line":6,"column":88}},"7":{"start":{"line":8,"column":0},"end":{"line":8,"column":28}},"9":{"start":{"line":10,"column":0},"end":{"line":10,"column":10}},"11":{"start":{"line":12,"column":0},"end":{"line":12,"column":1}},"13":{"start":{"line":14,"column":0},"end":{"line":14,"column":24}}},"s":{"0":1,"3":1,"4":2,"5":2,"7":2,"9":2,"11":2,"13":1},"branchMap":{"0":{"type":"branch","line":4,"loc":{"start":{"line":4,"column":18},"end":{"line":12,"column":1}},"locations":[{"start":{"line":4,"column":18},"end":{"line":12,"column":1}}]}},"b":{"0":[2]},"fnMap":{"0":{"name":"Favorites","decl":{"start":{"line":4,"column":18},"end":{"line":12,"column":1}},"loc":{"start":{"line":4,"column":18},"end":{"line":12,"column":1}},"line":4}},"f":{"0":2}}
,"/Users/mobdev/Documents/Desafio/pokedex/src/pages/Home/index.tsx": {"path":"/Users/mobdev/Documents/Desafio/pokedex/src/pages/Home/index.tsx","all":false,"statementMap":{"0":{"start":{"line":1,"column":0},"end":{"line":1,"column":34}},"1":{"start":{"line":2,"column":0},"end":{"line":2,"column":48}},"2":{"start":{"line":3,"column":0},"end":{"line":3,"column":55}},"3":{"start":{"line":4,"column":0},"end":{"line":4,"column":59}},"4":{"start":{"line":5,"column":0},"end":{"line":5,"column":60}},"5":{"start":{"line":6,"column":0},"end":{"line":6,"column":52}},"6":{"start":{"line":7,"column":0},"end":{"line":7,"column":76}},"7":{"start":{"line":8,"column":0},"end":{"line":8,"column":60}},"9":{"start":{"line":10,"column":0},"end":{"line":10,"column":20}},"10":{"start":{"line":11,"column":0},"end":{"line":11,"column":55}},"11":{"start":{"line":12,"column":0},"end":{"line":12,"column":45}},"13":{"start":{"line":14,"column":0},"end":{"line":14,"column":47}},"14":{"start":{"line":15,"column":0},"end":{"line":15,"column":45}},"15":{"start":{"line":16,"column":0},"end":{"line":16,"column":18}},"16":{"start":{"line":17,"column":0},"end":{"line":17,"column":5}},"17":{"start":{"line":18,"column":0},"end":{"line":18,"column":60}},"19":{"start":{"line":20,"column":0},"end":{"line":20,"column":19}},"20":{"start":{"line":21,"column":0},"end":{"line":21,"column":20}},"21":{"start":{"line":22,"column":0},"end":{"line":22,"column":22}},"23":{"start":{"line":24,"column":0},"end":{"line":24,"column":10}},"24":{"start":{"line":25,"column":0},"end":{"line":25,"column":76}},"25":{"start":{"line":26,"column":0},"end":{"line":26,"column":75}},"26":{"start":{"line":27,"column":0},"end":{"line":27,"column":15}},"27":{"start":{"line":28,"column":0},"end":{"line":28,"column":76}},"28":{"start":{"line":29,"column":0},"end":{"line":29,"column":10}},"29":{"start":{"line":30,"column":0},"end":{"line":30,"column":23}},"30":{"start":{"line":31,"column":0},"end":{"line":31,"column":24}},"31":{"start":{"line":32,"column":0},"end":{"line":32,"column":27}},"33":{"start":{"line":34,"column":0},"end":{"line":34,"column":24}},"36":{"start":{"line":37,"column":0},"end":{"line":37,"column":154}},"38":{"start":{"line":39,"column":0},"end":{"line":39,"column":16}},"40":{"start":{"line":41,"column":0},"end":{"line":41,"column":32}},"41":{"start":{"line":42,"column":0},"end":{"line":42,"column":77}},"42":{"start":{"line":43,"column":0},"end":{"line":43,"column":14}},"43":{"start":{"line":44,"column":0},"end":{"line":44,"column":12}},"44":{"start":{"line":45,"column":0},"end":{"line":45,"column":10}},"46":{"start":{"line":47,"column":0},"end":{"line":47,"column":2}},"48":{"start":{"line":49,"column":0},"end":{"line":49,"column":20}}},"s":{"0":1,"1":1,"2":1,"3":1,"4":1,"5":1,"6":1,"7":1,"9":1,"10":42,"11":42,"13":42,"14":42,"15":42,"16":42,"17":42,"19":42,"20":9,"21":42,"23":42,"24":42,"25":42,"26":42,"27":42,"28":42,"29":42,"30":26,"31":26,"33":0,"36":16,"38":16,"40":42,"41":42,"42":42,"43":42,"44":42,"46":42,"48":1},"branchMap":{"0":{"type":"branch","line":10,"loc":{"start":{"line":10,"column":13},"end":{"line":47,"column":2}},"locations":[{"start":{"line":10,"column":13},"end":{"line":47,"column":2}}]},"1":{"type":"branch","line":30,"loc":{"start":{"line":30,"column":10},"end":{"line":34,"column":24}},"locations":[{"start":{"line":30,"column":10},"end":{"line":34,"column":24}}]},"2":{"type":"branch","line":32,"loc":{"start":{"line":32,"column":25},"end":{"line":34,"column":24}},"locations":[{"start":{"line":32,"column":25},"end":{"line":34,"column":24}}]},"3":{"type":"branch","line":34,"loc":{"start":{"line":34,"column":22},"end":{"line":39,"column":16}},"locations":[{"start":{"line":34,"column":22},"end":{"line":39,"column":16}}]},"4":{"type":"branch","line":20,"loc":{"start":{"line":20,"column":12},"end":{"line":22,"column":5}},"locations":[{"start":{"line":20,"column":12},"end":{"line":22,"column":5}}]},"5":{"type":"branch","line":28,"loc":{"start":{"line":28,"column":24},"end":{"line":28,"column":76}},"locations":[{"start":{"line":28,"column":24},"end":{"line":28,"column":76}}]},"6":{"type":"branch","line":42,"loc":{"start":{"line":42,"column":38},"end":{"line":42,"column":75}},"locations":[{"start":{"line":42,"column":38},"end":{"line":42,"column":75}}]}},"b":{"0":[42],"1":[26],"2":[0],"3":[16],"4":[9],"5":[4],"6":[1]},"fnMap":{"0":{"name":"Home","decl":{"start":{"line":10,"column":13},"end":{"line":47,"column":2}},"loc":{"start":{"line":10,"column":13},"end":{"line":47,"column":2}},"line":10},"1":{"name":"handleSearch","decl":{"start":{"line":28,"column":24},"end":{"line":28,"column":76}},"loc":{"start":{"line":28,"column":24},"end":{"line":28,"column":76}},"line":28},"2":{"name":"handlePaginator","decl":{"start":{"line":42,"column":38},"end":{"line":42,"column":75}},"loc":{"start":{"line":42,"column":38},"end":{"line":42,"column":75}},"line":42}},"f":{"0":42,"1":4,"2":1}}
,"/Users/mobdev/Documents/Desafio/pokedex/src/routes/index.tsx": {"path":"/Users/mobdev/Documents/Desafio/pokedex/src/routes/index.tsx","all":false,"statementMap":{"0":{"start":{"line":1,"column":0},"end":{"line":1,"column":8}},"12":{"start":{"line":13,"column":0},"end":{"line":13,"column":42}},"13":{"start":{"line":14,"column":0},"end":{"line":14,"column":27}},"14":{"start":{"line":15,"column":0},"end":{"line":15,"column":6}},"15":{"start":{"line":16,"column":0},"end":{"line":16,"column":47}},"16":{"start":{"line":17,"column":0},"end":{"line":17,"column":40}},"17":{"start":{"line":18,"column":0},"end":{"line":18,"column":67}},"18":{"start":{"line":19,"column":0},"end":{"line":19,"column":56}},"19":{"start":{"line":20,"column":0},"end":{"line":20,"column":48}},"20":{"start":{"line":21,"column":0},"end":{"line":21,"column":14}},"22":{"start":{"line":23,"column":0},"end":{"line":23,"column":7}},"23":{"start":{"line":24,"column":0},"end":{"line":24,"column":3}},"24":{"start":{"line":25,"column":0},"end":{"line":25,"column":2}}},"s":{"0":1,"12":1,"13":1,"14":1,"15":1,"16":1,"17":1,"18":1,"19":1,"20":1,"22":1,"23":1,"24":1},"branchMap":{},"b":{},"fnMap":{},"f":{}}
,"/Users/mobdev/Documents/Desafio/pokedex/src/service/api.ts": {"path":"/Users/mobdev/Documents/Desafio/pokedex/src/service/api.ts","all":false,"statementMap":{"0":{"start":{"line":1,"column":0},"end":{"line":1,"column":42}},"16":{"start":{"line":17,"column":0},"end":{"line":17,"column":34}},"17":{"start":{"line":18,"column":0},"end":{"line":18,"column":22}},"18":{"start":{"line":19,"column":0},"end":{"line":19,"column":28}},"19":{"start":{"line":20,"column":0},"end":{"line":20,"column":7}},"20":{"start":{"line":21,"column":0},"end":{"line":21,"column":68}},"21":{"start":{"line":22,"column":0},"end":{"line":22,"column":43}},"22":{"start":{"line":23,"column":0},"end":{"line":23,"column":7}},"24":{"start":{"line":25,"column":0},"end":{"line":25,"column":38}},"25":{"start":{"line":26,"column":0},"end":{"line":26,"column":12}},"26":{"start":{"line":27,"column":0},"end":{"line":27,"column":18}},"27":{"start":{"line":28,"column":0},"end":{"line":28,"column":25}},"28":{"start":{"line":29,"column":0},"end":{"line":29,"column":30}},"29":{"start":{"line":30,"column":0},"end":{"line":30,"column":6}},"30":{"start":{"line":31,"column":0},"end":{"line":31,"column":19}},"31":{"start":{"line":32,"column":0},"end":{"line":32,"column":43}},"32":{"start":{"line":33,"column":0},"end":{"line":33,"column":12}},"33":{"start":{"line":34,"column":0},"end":{"line":34,"column":49}},"34":{"start":{"line":35,"column":0},"end":{"line":35,"column":57}},"35":{"start":{"line":36,"column":0},"end":{"line":36,"column":15}},"36":{"start":{"line":37,"column":0},"end":{"line":37,"column":6}},"37":{"start":{"line":38,"column":0},"end":{"line":38,"column":3}},"38":{"start":{"line":39,"column":0},"end":{"line":39,"column":2}},"40":{"start":{"line":41,"column":0},"end":{"line":41,"column":40}},"41":{"start":{"line":42,"column":0},"end":{"line":42,"column":14}},"42":{"start":{"line":43,"column":0},"end":{"line":43,"column":35}},"43":{"start":{"line":44,"column":0},"end":{"line":44,"column":7}},"44":{"start":{"line":45,"column":0},"end":{"line":45,"column":60}},"45":{"start":{"line":46,"column":0},"end":{"line":46,"column":42}},"46":{"start":{"line":47,"column":0},"end":{"line":47,"column":12}},"47":{"start":{"line":48,"column":0},"end":{"line":48,"column":30}},"48":{"start":{"line":49,"column":0},"end":{"line":49,"column":25}},"49":{"start":{"line":50,"column":0},"end":{"line":50,"column":26}},"50":{"start":{"line":51,"column":0},"end":{"line":51,"column":6}},"51":{"start":{"line":52,"column":0},"end":{"line":52,"column":19}},"52":{"start":{"line":53,"column":0},"end":{"line":53,"column":43}},"53":{"start":{"line":54,"column":0},"end":{"line":54,"column":12}},"54":{"start":{"line":55,"column":0},"end":{"line":55,"column":49}},"55":{"start":{"line":56,"column":0},"end":{"line":56,"column":57}},"56":{"start":{"line":57,"column":0},"end":{"line":57,"column":33}},"57":{"start":{"line":58,"column":0},"end":{"line":58,"column":6}},"58":{"start":{"line":59,"column":0},"end":{"line":59,"column":3}},"59":{"start":{"line":60,"column":0},"end":{"line":60,"column":2}},"61":{"start":{"line":62,"column":0},"end":{"line":62,"column":67}},"62":{"start":{"line":63,"column":0},"end":{"line":63,"column":7}},"63":{"start":{"line":64,"column":0},"end":{"line":64,"column":64}},"64":{"start":{"line":65,"column":0},"end":{"line":65,"column":42}},"65":{"start":{"line":66,"column":0},"end":{"line":66,"column":12}},"66":{"start":{"line":67,"column":0},"end":{"line":67,"column":30}},"67":{"start":{"line":68,"column":0},"end":{"line":68,"column":25}},"68":{"start":{"line":69,"column":0},"end":{"line":69,"column":34}},"69":{"start":{"line":70,"column":0},"end":{"line":70,"column":6}},"70":{"start":{"line":71,"column":0},"end":{"line":71,"column":19}},"71":{"start":{"line":72,"column":0},"end":{"line":72,"column":43}},"72":{"start":{"line":73,"column":0},"end":{"line":73,"column":12}},"73":{"start":{"line":74,"column":0},"end":{"line":74,"column":49}},"74":{"start":{"line":75,"column":0},"end":{"line":75,"column":57}},"75":{"start":{"line":76,"column":0},"end":{"line":76,"column":15}},"76":{"start":{"line":77,"column":0},"end":{"line":77,"column":6}},"77":{"start":{"line":78,"column":0},"end":{"line":78,"column":3}},"78":{"start":{"line":79,"column":0},"end":{"line":79,"column":2}},"80":{"start":{"line":81,"column":0},"end":{"line":81,"column":25}},"81":{"start":{"line":82,"column":0},"end":{"line":82,"column":53}},"82":{"start":{"line":83,"column":0},"end":{"line":83,"column":42}},"83":{"start":{"line":84,"column":0},"end":{"line":84,"column":49}},"84":{"start":{"line":85,"column":0},"end":{"line":85,"column":38}},"85":{"start":{"line":86,"column":0},"end":{"line":86,"column":2}},"89":{"start":{"line":90,"column":0},"end":{"line":90,"column":37}},"90":{"start":{"line":91,"column":0},"end":{"line":91,"column":18}},"91":{"start":{"line":92,"column":0},"end":{"line":92,"column":41}},"92":{"start":{"line":93,"column":0},"end":{"line":93,"column":55}},"93":{"start":{"line":94,"column":0},"end":{"line":94,"column":20}},"94":{"start":{"line":95,"column":0},"end":{"line":95,"column":12}},"95":{"start":{"line":96,"column":0},"end":{"line":96,"column":18}},"96":{"start":{"line":97,"column":0},"end":{"line":97,"column":35}},"97":{"start":{"line":98,"column":0},"end":{"line":98,"column":15}},"98":{"start":{"line":99,"column":0},"end":{"line":99,"column":6}},"99":{"start":{"line":100,"column":0},"end":{"line":100,"column":3}},"100":{"start":{"line":101,"column":0},"end":{"line":101,"column":7}},"101":{"start":{"line":102,"column":0},"end":{"line":102,"column":59}},"102":{"start":{"line":103,"column":0},"end":{"line":103,"column":42}},"104":{"start":{"line":105,"column":0},"end":{"line":105,"column":64}},"106":{"start":{"line":107,"column":0},"end":{"line":107,"column":58}},"107":{"start":{"line":108,"column":0},"end":{"line":108,"column":14}},"108":{"start":{"line":109,"column":0},"end":{"line":109,"column":35}},"109":{"start":{"line":110,"column":0},"end":{"line":110,"column":33}},"110":{"start":{"line":111,"column":0},"end":{"line":111,"column":8}},"111":{"start":{"line":112,"column":0},"end":{"line":112,"column":7}},"112":{"start":{"line":113,"column":0},"end":{"line":113,"column":12}},"113":{"start":{"line":114,"column":0},"end":{"line":114,"column":18}},"114":{"start":{"line":115,"column":0},"end":{"line":115,"column":25}},"115":{"start":{"line":116,"column":0},"end":{"line":116,"column":17}},"116":{"start":{"line":117,"column":0},"end":{"line":117,"column":6}},"117":{"start":{"line":118,"column":0},"end":{"line":118,"column":19}},"118":{"start":{"line":119,"column":0},"end":{"line":119,"column":43}},"119":{"start":{"line":120,"column":0},"end":{"line":120,"column":12}},"120":{"start":{"line":121,"column":0},"end":{"line":121,"column":49}},"121":{"start":{"line":122,"column":0},"end":{"line":122,"column":57}},"122":{"start":{"line":123,"column":0},"end":{"line":123,"column":20}},"123":{"start":{"line":124,"column":0},"end":{"line":124,"column":3}},"124":{"start":{"line":125,"column":0},"end":{"line":125,"column":2}}},"s":{"0":1,"16":1,"17":4,"18":4,"19":4,"20":4,"21":4,"22":4,"24":4,"25":1,"26":1,"27":1,"28":1,"29":1,"30":1,"31":1,"32":1,"33":1,"34":1,"35":1,"36":1,"37":1,"38":4,"40":1,"41":3,"42":3,"43":3,"44":3,"45":3,"46":1,"47":1,"48":1,"49":1,"50":1,"51":1,"52":1,"53":1,"54":1,"55":1,"56":1,"57":1,"58":1,"59":3,"61":1,"62":2,"63":2,"64":2,"65":1,"66":1,"67":1,"68":1,"69":1,"70":1,"71":1,"72":1,"73":1,"74":1,"75":1,"76":1,"77":1,"78":2,"80":1,"81":1,"82":1,"83":1,"84":1,"85":1,"89":1,"90":3,"91":3,"92":3,"93":3,"94":1,"95":1,"96":1,"97":1,"98":1,"99":1,"100":2,"101":2,"102":2,"104":1,"106":1,"107":149,"108":149,"109":149,"110":149,"111":1,"112":1,"113":1,"114":1,"115":1,"116":1,"117":1,"118":1,"119":1,"120":1,"121":1,"122":1,"123":1,"124":3},"branchMap":{"0":{"type":"branch","line":17,"loc":{"start":{"line":17,"column":27},"end":{"line":39,"column":2}},"locations":[{"start":{"line":17,"column":27},"end":{"line":39,"column":2}}]},"1":{"type":"branch","line":22,"loc":{"start":{"line":22,"column":6},"end":{"line":22,"column":43}},"locations":[{"start":{"line":22,"column":6},"end":{"line":22,"column":43}}]},"2":{"type":"branch","line":25,"loc":{"start":{"line":25,"column":36},"end":{"line":38,"column":3}},"locations":[{"start":{"line":25,"column":36},"end":{"line":38,"column":3}}]},"3":{"type":"branch","line":34,"loc":{"start":{"line":34,"column":35},"end":{"line":34,"column":49}},"locations":[{"start":{"line":34,"column":35},"end":{"line":34,"column":49}}]},"4":{"type":"branch","line":35,"loc":{"start":{"line":35,"column":26},"end":{"line":35,"column":57}},"locations":[{"start":{"line":35,"column":26},"end":{"line":35,"column":57}}]},"5":{"type":"branch","line":41,"loc":{"start":{"line":41,"column":33},"end":{"line":60,"column":2}},"locations":[{"start":{"line":41,"column":33},"end":{"line":60,"column":2}}]},"6":{"type":"branch","line":46,"loc":{"start":{"line":46,"column":40},"end":{"line":59,"column":3}},"locations":[{"start":{"line":46,"column":40},"end":{"line":59,"column":3}}]},"7":{"type":"branch","line":55,"loc":{"start":{"line":55,"column":35},"end":{"line":55,"column":49}},"locations":[{"start":{"line":55,"column":35},"end":{"line":55,"column":49}}]},"8":{"type":"branch","line":56,"loc":{"start":{"line":56,"column":26},"end":{"line":56,"column":57}},"locations":[{"start":{"line":56,"column":26},"end":{"line":56,"column":57}}]},"9":{"type":"branch","line":62,"loc":{"start":{"line":62,"column":32},"end":{"line":79,"column":2}},"locations":[{"start":{"line":62,"column":32},"end":{"line":79,"column":2}}]},"10":{"type":"branch","line":65,"loc":{"start":{"line":65,"column":40},"end":{"line":78,"column":3}},"locations":[{"start":{"line":65,"column":40},"end":{"line":78,"column":3}}]},"11":{"type":"branch","line":74,"loc":{"start":{"line":74,"column":35},"end":{"line":74,"column":49}},"locations":[{"start":{"line":74,"column":35},"end":{"line":74,"column":49}}]},"12":{"type":"branch","line":75,"loc":{"start":{"line":75,"column":26},"end":{"line":75,"column":57}},"locations":[{"start":{"line":75,"column":26},"end":{"line":75,"column":57}}]},"13":{"type":"branch","line":90,"loc":{"start":{"line":90,"column":30},"end":{"line":125,"column":2}},"locations":[{"start":{"line":90,"column":30},"end":{"line":125,"column":2}}]},"14":{"type":"branch","line":94,"loc":{"start":{"line":94,"column":19},"end":{"line":100,"column":3}},"locations":[{"start":{"line":94,"column":19},"end":{"line":100,"column":3}}]},"15":{"type":"branch","line":100,"loc":{"start":{"line":100,"column":2},"end":{"line":103,"column":42}},"locations":[{"start":{"line":100,"column":2},"end":{"line":103,"column":42}}]},"16":{"type":"branch","line":103,"loc":{"start":{"line":103,"column":40},"end":{"line":124,"column":3}},"locations":[{"start":{"line":103,"column":40},"end":{"line":124,"column":3}}]},"17":{"type":"branch","line":121,"loc":{"start":{"line":121,"column":35},"end":{"line":121,"column":49}},"locations":[{"start":{"line":121,"column":35},"end":{"line":121,"column":49}}]},"18":{"type":"branch","line":122,"loc":{"start":{"line":122,"column":26},"end":{"line":122,"column":57}},"locations":[{"start":{"line":122,"column":26},"end":{"line":122,"column":57}}]},"19":{"type":"branch","line":107,"loc":{"start":{"line":107,"column":44},"end":{"line":112,"column":5}},"locations":[{"start":{"line":107,"column":44},"end":{"line":112,"column":5}}]}},"b":{"0":[4],"1":[2],"2":[1],"3":[0],"4":[0],"5":[3],"6":[1],"7":[0],"8":[0],"9":[2],"10":[1],"11":[0],"12":[0],"13":[3],"14":[1],"15":[2],"16":[1],"17":[0],"18":[0],"19":[149]},"fnMap":{"0":{"name":"getPokemons","decl":{"start":{"line":17,"column":27},"end":{"line":39,"column":2}},"loc":{"start":{"line":17,"column":27},"end":{"line":39,"column":2}},"line":17},"1":{"name":"getPokemonDetails","decl":{"start":{"line":41,"column":33},"end":{"line":60,"column":2}},"loc":{"start":{"line":41,"column":33},"end":{"line":60,"column":2}},"line":41},"2":{"name":"getPaginatorData","decl":{"start":{"line":62,"column":32},"end":{"line":79,"column":2}},"loc":{"start":{"line":62,"column":32},"end":{"line":79,"column":2}},"line":62},"3":{"name":"getPokemonType","decl":{"start":{"line":90,"column":30},"end":{"line":125,"column":2}},"loc":{"start":{"line":90,"column":30},"end":{"line":125,"column":2}},"line":90}},"f":{"0":4,"1":3,"2":2,"3":3}}
,"/Users/mobdev/Documents/Desafio/pokedex/src/store/paginatorStore.ts": {"path":"/Users/mobdev/Documents/Desafio/pokedex/src/store/paginatorStore.ts","all":false,"statementMap":{"0":{"start":{"line":1,"column":0},"end":{"line":1,"column":33}},"9":{"start":{"line":10,"column":0},"end":{"line":10,"column":59}},"10":{"start":{"line":11,"column":0},"end":{"line":11,"column":18}},"11":{"start":{"line":12,"column":0},"end":{"line":12,"column":19}},"12":{"start":{"line":13,"column":0},"end":{"line":13,"column":51}},"13":{"start":{"line":14,"column":0},"end":{"line":14,"column":53}},"14":{"start":{"line":15,"column":0},"end":{"line":15,"column":3}},"17":{"start":{"line":18,"column":0},"end":{"line":18,"column":32}}},"s":{"0":1,"9":1,"10":7,"11":7,"12":7,"13":7,"14":1,"17":1},"branchMap":{"0":{"type":"branch","line":10,"loc":{"start":{"line":10,"column":50},"end":{"line":15,"column":2}},"locations":[{"start":{"line":10,"column":50},"end":{"line":15,"column":2}}]},"1":{"type":"branch","line":13,"loc":{"start":{"line":13,"column":19},"end":{"line":13,"column":51}},"locations":[{"start":{"line":13,"column":19},"end":{"line":13,"column":51}}]},"2":{"type":"branch","line":14,"loc":{"start":{"line":14,"column":20},"end":{"line":14,"column":53}},"locations":[{"start":{"line":14,"column":20},"end":{"line":14,"column":53}}]}},"b":{"0":[7],"1":[18],"2":[8]},"fnMap":{"0":{"name":"setTotalItems","decl":{"start":{"line":13,"column":19},"end":{"line":13,"column":51}},"loc":{"start":{"line":13,"column":19},"end":{"line":13,"column":51}},"line":13},"1":{"name":"setCurrentPage","decl":{"start":{"line":14,"column":20},"end":{"line":14,"column":53}},"loc":{"start":{"line":14,"column":20},"end":{"line":14,"column":53}},"line":14}},"f":{"0":18,"1":8}}
,"/Users/mobdev/Documents/Desafio/pokedex/src/store/pokemonStore.ts": {"path":"/Users/mobdev/Documents/Desafio/pokedex/src/store/pokemonStore.ts","all":false,"statementMap":{"0":{"start":{"line":1,"column":0},"end":{"line":1,"column":33}},"23":{"start":{"line":24,"column":0},"end":{"line":24,"column":68}},"24":{"start":{"line":25,"column":0},"end":{"line":25,"column":15}},"25":{"start":{"line":26,"column":0},"end":{"line":26,"column":18}},"26":{"start":{"line":27,"column":0},"end":{"line":27,"column":32}},"27":{"start":{"line":28,"column":0},"end":{"line":28,"column":18}},"28":{"start":{"line":29,"column":0},"end":{"line":29,"column":14}},"29":{"start":{"line":30,"column":0},"end":{"line":30,"column":16}},"30":{"start":{"line":31,"column":0},"end":{"line":31,"column":17}},"31":{"start":{"line":32,"column":0},"end":{"line":32,"column":16}},"33":{"start":{"line":34,"column":0},"end":{"line":34,"column":30}},"34":{"start":{"line":35,"column":0},"end":{"line":35,"column":45}},"35":{"start":{"line":36,"column":0},"end":{"line":36,"column":45}},"36":{"start":{"line":37,"column":0},"end":{"line":37,"column":36}},"37":{"start":{"line":38,"column":0},"end":{"line":38,"column":6}},"38":{"start":{"line":39,"column":0},"end":{"line":39,"column":39}},"39":{"start":{"line":40,"column":0},"end":{"line":40,"column":63}},"40":{"start":{"line":41,"column":0},"end":{"line":41,"column":39}},"42":{"start":{"line":43,"column":0},"end":{"line":43,"column":41}},"43":{"start":{"line":44,"column":0},"end":{"line":44,"column":4}},"44":{"start":{"line":45,"column":0},"end":{"line":45,"column":44}},"45":{"start":{"line":46,"column":0},"end":{"line":46,"column":47}},"46":{"start":{"line":47,"column":0},"end":{"line":47,"column":56}},"47":{"start":{"line":48,"column":0},"end":{"line":48,"column":48}},"48":{"start":{"line":49,"column":0},"end":{"line":49,"column":38}},"49":{"start":{"line":50,"column":0},"end":{"line":50,"column":50}},"50":{"start":{"line":51,"column":0},"end":{"line":51,"column":53}},"51":{"start":{"line":52,"column":0},"end":{"line":52,"column":4}},"53":{"start":{"line":54,"column":0},"end":{"line":54,"column":31}}},"s":{"0":1,"23":1,"24":10,"25":10,"26":10,"27":10,"28":10,"29":10,"30":10,"31":10,"33":10,"34":10,"35":10,"36":10,"37":10,"38":10,"39":2,"40":8,"42":10,"43":10,"44":10,"45":10,"46":10,"47":10,"48":10,"49":10,"50":10,"51":1,"53":1},"branchMap":{"0":{"type":"branch","line":24,"loc":{"start":{"line":24,"column":52},"end":{"line":52,"column":2}},"locations":[{"start":{"line":24,"column":52},"end":{"line":52,"column":2}}]},"1":{"type":"branch","line":34,"loc":{"start":{"line":34,"column":16},"end":{"line":44,"column":4}},"locations":[{"start":{"line":34,"column":16},"end":{"line":44,"column":4}}]},"2":{"type":"branch","line":39,"loc":{"start":{"line":39,"column":29},"end":{"line":40,"column":63}},"locations":[{"start":{"line":39,"column":29},"end":{"line":40,"column":63}}]},"3":{"type":"branch","line":40,"loc":{"start":{"line":40,"column":62},"end":{"line":41,"column":39}},"locations":[{"start":{"line":40,"column":62},"end":{"line":41,"column":39}}]},"4":{"type":"branch","line":37,"loc":{"start":{"line":37,"column":6},"end":{"line":37,"column":36}},"locations":[{"start":{"line":37,"column":6},"end":{"line":37,"column":36}}]},"5":{"type":"branch","line":40,"loc":{"start":{"line":40,"column":32},"end":{"line":40,"column":62}},"locations":[{"start":{"line":40,"column":32},"end":{"line":40,"column":62}}]},"6":{"type":"branch","line":45,"loc":{"start":{"line":45,"column":14},"end":{"line":45,"column":44}},"locations":[{"start":{"line":45,"column":14},"end":{"line":45,"column":44}}]},"7":{"type":"branch","line":46,"loc":{"start":{"line":46,"column":15},"end":{"line":46,"column":47}},"locations":[{"start":{"line":46,"column":15},"end":{"line":46,"column":47}}]},"8":{"type":"branch","line":47,"loc":{"start":{"line":47,"column":18},"end":{"line":47,"column":56}},"locations":[{"start":{"line":47,"column":18},"end":{"line":47,"column":56}}]},"9":{"type":"branch","line":48,"loc":{"start":{"line":48,"column":14},"end":{"line":48,"column":48}},"locations":[{"start":{"line":48,"column":14},"end":{"line":48,"column":48}}]},"10":{"type":"branch","line":50,"loc":{"start":{"line":50,"column":16},"end":{"line":50,"column":50}},"locations":[{"start":{"line":50,"column":16},"end":{"line":50,"column":50}}]},"11":{"type":"branch","line":51,"loc":{"start":{"line":51,"column":17},"end":{"line":51,"column":53}},"locations":[{"start":{"line":51,"column":17},"end":{"line":51,"column":53}}]}},"b":{"0":[10],"1":[10],"2":[2],"3":[8],"4":[2],"5":[2],"6":[7],"7":[12],"8":[19],"9":[45],"10":[17],"11":[4]},"fnMap":{"0":{"name":"setFavorites","decl":{"start":{"line":34,"column":16},"end":{"line":44,"column":4}},"loc":{"start":{"line":34,"column":16},"end":{"line":44,"column":4}},"line":34},"1":{"name":"setPokemon","decl":{"start":{"line":45,"column":14},"end":{"line":45,"column":44}},"loc":{"start":{"line":45,"column":14},"end":{"line":45,"column":44}},"line":45},"2":{"name":"setPokemons","decl":{"start":{"line":46,"column":15},"end":{"line":46,"column":47}},"loc":{"start":{"line":46,"column":15},"end":{"line":46,"column":47}},"line":46},"3":{"name":"setAllPokemons","decl":{"start":{"line":47,"column":18},"end":{"line":47,"column":56}},"loc":{"start":{"line":47,"column":18},"end":{"line":47,"column":56}},"line":47},"4":{"name":"setLoading","decl":{"start":{"line":48,"column":14},"end":{"line":48,"column":48}},"loc":{"start":{"line":48,"column":14},"end":{"line":48,"column":48}},"line":48},"5":{"name":"setError","decl":{"start":{"line":49,"column":12},"end":{"line":49,"column":38}},"loc":{"start":{"line":49,"column":12},"end":{"line":49,"column":38}},"line":49},"6":{"name":"setSearchKey","decl":{"start":{"line":50,"column":16},"end":{"line":50,"column":50}},"loc":{"start":{"line":50,"column":16},"end":{"line":50,"column":50}},"line":50},"7":{"name":"setSearchTerm","decl":{"start":{"line":51,"column":17},"end":{"line":51,"column":53}},"loc":{"start":{"line":51,"column":17},"end":{"line":51,"column":53}},"line":51}},"f":{"0":10,"1":7,"2":12,"3":19,"4":45,"5":0,"6":17,"7":4}}
,"/Users/mobdev/Documents/Desafio/pokedex/src/types/pokemon.ts": {"path":"/Users/mobdev/Documents/Desafio/pokedex/src/types/pokemon.ts","all":true,"statementMap":{},"s":{},"branchMap":{"0":{"type":"branch","line":1,"loc":{"start":{"line":1,"column":4172},"end":{"line":190,"column":1}},"locations":[{"start":{"line":1,"column":4172},"end":{"line":190,"column":1}}]}},"b":{"0":[1]},"fnMap":{"0":{"name":"(empty-report)","decl":{"start":{"line":1,"column":4172},"end":{"line":190,"column":1}},"loc":{"start":{"line":1,"column":4172},"end":{"line":190,"column":1}},"line":1}},"f":{"0":1}}
,"/Users/mobdev/Documents/Desafio/pokedex/src/types/pokemonByType.ts": {"path":"/Users/mobdev/Documents/Desafio/pokedex/src/types/pokemonByType.ts","all":true,"statementMap":{},"s":{},"branchMap":{"0":{"type":"branch","line":1,"loc":{"start":{"line":1,"column":181},"end":{"line":10,"column":1}},"locations":[{"start":{"line":1,"column":181},"end":{"line":10,"column":1}}]}},"b":{"0":[1]},"fnMap":{"0":{"name":"(empty-report)","decl":{"start":{"line":1,"column":181},"end":{"line":10,"column":1}},"loc":{"start":{"line":1,"column":181},"end":{"line":10,"column":1}},"line":1}},"f":{"0":1}}
}
